#
# There is insufficient memory for the Java Runtime Environment to continue.
# Native memory allocation (malloc) failed to allocate 1250016 bytes for Chunk::new
# Possible reasons:
#   The system is out of physical RAM or swap space
#   The process is running with CompressedOops enabled, and the Java Heap may be blocking the growth of the native heap
# Possible solutions:
#   Reduce memory load on the system
#   Increase physical memory or swap space
#   Check if swap backing store is full
#   Decrease Java heap size (-Xmx/-Xms)
#   Decrease number of Java threads
#   Decrease Java thread stack sizes (-Xss)
#   Set larger code cache with -XX:ReservedCodeCacheSize=
#   JVM is running with Zero Based Compressed Oops mode in which the Java heap is
#     placed in the first 32GB address space. The Java Heap base address is the
#     maximum limit for the native heap growth. Please use -XX:HeapBaseMinAddress
#     to set the Java Heap base and to place the Java Heap above 32GB virtual address.
# This output file may be truncated or incomplete.
#
#  Out of Memory Error (arena.cpp:189), pid=25092, tid=25904
#
# JRE version: Java(TM) SE Runtime Environment (17.0.10+11) (build 17.0.10+11-LTS-240)
# Java VM: Java HotSpot(TM) 64-Bit Server VM (17.0.10+11-LTS-240, mixed mode, sharing, tiered, compressed oops, compressed class ptrs, g1 gc, windows-amd64)
# No core dump will be written. Minidumps are not enabled by default on client versions of Windows
#

---------------  S U M M A R Y ------------

Command Line: -Dfile.encoding=UTF-8 -Duser.country=US -Duser.language=en -Duser.variant com.example.spa.SpaMassageServerApplication

Host: 12th Gen Intel(R) Core(TM) i5-12500H, 16 cores, 15G,  Windows 11 , 64 bit Build 26100 (10.0.26100.3323)
Time: Fri Mar 28 19:33:42 2025 SE Asia Standard Time elapsed time: 9.145552 seconds (0d 0h 0m 9s)

---------------  T H R E A D  ---------------

Current thread (0x00000212e38f7b00):  JavaThread "C2 CompilerThread1" daemon [_thread_in_native, id=25904, stack(0x000000f0ebb00000,0x000000f0ebc00000)]


Current CompileTask:
C2:   9145 8467       4       org.springframework.core.annotation.TypeMappedAnnotations$MergedAnnotationFinder::process (176 bytes)

Stack: [0x000000f0ebb00000,0x000000f0ebc00000]
Native frames: (J=compiled Java code, j=interpreted, Vv=VM code, C=native code)
V  [jvm.dll+0x677a5a]
V  [jvm.dll+0x7d8b2d]
V  [jvm.dll+0x7da48e]
V  [jvm.dll+0x7daaf3]
V  [jvm.dll+0x2455ff]
V  [jvm.dll+0xaaafb]
V  [jvm.dll+0xab09c]
V  [jvm.dll+0x2aafef]
V  [jvm.dll+0x57fd55]
V  [jvm.dll+0x220472]
V  [jvm.dll+0x22084f]
V  [jvm.dll+0x2197a6]
V  [jvm.dll+0x216c79]
V  [jvm.dll+0x1a3410]
V  [jvm.dll+0x226aeb]
V  [jvm.dll+0x224cab]
V  [jvm.dll+0x78e45c]
V  [jvm.dll+0x78888a]
V  [jvm.dll+0x676935]
C  [ucrtbase.dll+0x37b0]
C  [KERNEL32.DLL+0x2e8d7]
C  [ntdll.dll+0xbbf6c]


---------------  P R O C E S S  ---------------

Threads class SMR info:
_java_thread_list=0x000002132cddc870, length=30, elements={
0x00000212c012f470, 0x00000212e3708df0, 0x00000212e370a9c0, 0x00000212e3721670,
0x00000212e3722230, 0x00000212e3724d00, 0x00000212e37256c0, 0x00000212e3728470,
0x00000212e3729e40, 0x00000212e3732d70, 0x00000212e37f8890, 0x00000212e38efe50,
0x00000212e38eea10, 0x00000212e38f7b00, 0x00000213295ecdf0, 0x0000021329985d70,
0x00000212e38edae0, 0x00000212e38f0360, 0x0000021329d3de70, 0x00000212e38ef940,
0x00000212e38ed0c0, 0x000002132c02ae90, 0x000002132c02a980, 0x000002132c02bdc0,
0x0000021329d3e3c0, 0x0000021329d3d920, 0x0000021329d3f3b0, 0x000002132c02ccf0,
0x0000021329d3ce80, 0x0000021331313aa0
}

Java Threads: ( => current thread )
  0x00000212c012f470 JavaThread "main" [_thread_blocked, id=2188, stack(0x000000f0ea700000,0x000000f0ea800000)]
  0x00000212e3708df0 JavaThread "Reference Handler" daemon [_thread_blocked, id=25416, stack(0x000000f0eae00000,0x000000f0eaf00000)]
  0x00000212e370a9c0 JavaThread "Finalizer" daemon [_thread_blocked, id=10076, stack(0x000000f0eaf00000,0x000000f0eb000000)]
  0x00000212e3721670 JavaThread "Signal Dispatcher" daemon [_thread_blocked, id=26444, stack(0x000000f0eb000000,0x000000f0eb100000)]
  0x00000212e3722230 JavaThread "Attach Listener" daemon [_thread_blocked, id=25144, stack(0x000000f0eb100000,0x000000f0eb200000)]
  0x00000212e3724d00 JavaThread "Service Thread" daemon [_thread_blocked, id=25456, stack(0x000000f0eb200000,0x000000f0eb300000)]
  0x00000212e37256c0 JavaThread "Monitor Deflation Thread" daemon [_thread_blocked, id=19932, stack(0x000000f0eb300000,0x000000f0eb400000)]
  0x00000212e3728470 JavaThread "C2 CompilerThread0" daemon [_thread_in_native, id=26616, stack(0x000000f0eb400000,0x000000f0eb500000)]
  0x00000212e3729e40 JavaThread "C1 CompilerThread0" daemon [_thread_blocked, id=21592, stack(0x000000f0eb500000,0x000000f0eb600000)]
  0x00000212e3732d70 JavaThread "Sweeper thread" daemon [_thread_blocked, id=6112, stack(0x000000f0eb600000,0x000000f0eb700000)]
  0x00000212e37f8890 JavaThread "C1 CompilerThread1" daemon [_thread_blocked, id=23536, stack(0x000000f0eb700000,0x000000f0eb800000)]
  0x00000212e38efe50 JavaThread "Notification Thread" daemon [_thread_blocked, id=23876, stack(0x000000f0eb800000,0x000000f0eb900000)]
  0x00000212e38eea10 JavaThread "Common-Cleaner" daemon [_thread_blocked, id=22080, stack(0x000000f0eba00000,0x000000f0ebb00000)]
=>0x00000212e38f7b00 JavaThread "C2 CompilerThread1" daemon [_thread_in_native, id=25904, stack(0x000000f0ebb00000,0x000000f0ebc00000)]
  0x00000213295ecdf0 JavaThread "C2 CompilerThread2" daemon [_thread_in_native, id=4504, stack(0x000000f0ebc00000,0x000000f0ebd00000)]
  0x0000021329985d70 JavaThread "C1 CompilerThread2" daemon [_thread_blocked, id=19840, stack(0x000000f0ebd00000,0x000000f0ebe00000)]
  0x00000212e38edae0 JavaThread "Thread-0" [_thread_blocked, id=18496, stack(0x000000f0ec400000,0x000000f0ec500000)]
  0x00000212e38f0360 JavaThread "restartedMain" [_thread_in_vm, id=16980, stack(0x000000f0ec500000,0x000000f0ec600000)]
  0x0000021329d3de70 JavaThread "C1 CompilerThread3" daemon [_thread_blocked, id=22060, stack(0x000000f0ec900000,0x000000f0eca00000)]
  0x00000212e38ef940 JavaThread "Catalina-utility-1" [_thread_blocked, id=22224, stack(0x000000f0ed200000,0x000000f0ed300000)]
  0x00000212e38ed0c0 JavaThread "Catalina-utility-2" [_thread_blocked, id=23104, stack(0x000000f0ed300000,0x000000f0ed400000)]
  0x000002132c02ae90 JavaThread "container-0" [_thread_blocked, id=21984, stack(0x000000f0ed400000,0x000000f0ed500000)]
  0x000002132c02a980 JavaThread "HikariPool-1 housekeeper" daemon [_thread_blocked, id=25964, stack(0x000000f0ed600000,0x000000f0ed700000)]
  0x000002132c02bdc0 JavaThread "HikariPool-1 connection adder" daemon [_thread_blocked, id=19416, stack(0x000000f0ec600000,0x000000f0ec700000)]
  0x0000021329d3e3c0 JavaThread "C2 CompilerThread3" daemon [_thread_in_native, id=14768, stack(0x000000f0ebe00000,0x000000f0ebf00000)]
  0x0000021329d3d920 JavaThread "C2 CompilerThread4" daemon [_thread_in_native, id=25360, stack(0x000000f0ed100000,0x000000f0ed200000)]
  0x0000021329d3f3b0 JavaThread "C2 CompilerThread5" daemon [_thread_in_vm, id=23196, stack(0x000000f0ed700000,0x000000f0ed800000)]
  0x000002132c02ccf0 JavaThread "lettuce-timer-3-1" daemon [_thread_blocked, id=7264, stack(0x000000f0ed800000,0x000000f0ed900000)]
  0x0000021329d3ce80 JavaThread "C2 CompilerThread6" daemon [_thread_in_native, id=24944, stack(0x000000f0ed900000,0x000000f0eda00000)]
  0x0000021331313aa0 JavaThread "C2 CompilerThread7" daemon [_thread_in_native, id=16964, stack(0x000000f0eda00000,0x000000f0edb00000)]

Other Threads:
  0x00000212e3704340 VMThread "VM Thread" [stack: 0x000000f0ead00000,0x000000f0eae00000] [id=16968]
  0x00000212c01be5b0 WatcherThread [stack: 0x000000f0eb900000,0x000000f0eba00000] [id=17904]
  0x00000212c0199c20 GCTaskThread "GC Thread#0" [stack: 0x000000f0ea800000,0x000000f0ea900000] [id=26324]
  0x0000021329c1a640 GCTaskThread "GC Thread#1" [stack: 0x000000f0ebf00000,0x000000f0ec000000] [id=4496]
  0x0000021329c1a900 GCTaskThread "GC Thread#2" [stack: 0x000000f0ec000000,0x000000f0ec100000] [id=10836]
  0x0000021329c1abc0 GCTaskThread "GC Thread#3" [stack: 0x000000f0ec100000,0x000000f0ec200000] [id=12212]
  0x0000021329c1ae80 GCTaskThread "GC Thread#4" [stack: 0x000000f0ec200000,0x000000f0ec300000] [id=13564]
  0x0000021329b4bbe0 GCTaskThread "GC Thread#5" [stack: 0x000000f0ec300000,0x000000f0ec400000] [id=20780]
  0x000002132a1b9c30 GCTaskThread "GC Thread#6" [stack: 0x000000f0ec700000,0x000000f0ec800000] [id=21884]
  0x000002132a2e8f50 GCTaskThread "GC Thread#7" [stack: 0x000000f0ec800000,0x000000f0ec900000] [id=8592]
  0x000002132ad75c40 GCTaskThread "GC Thread#8" [stack: 0x000000f0eca00000,0x000000f0ecb00000] [id=17900]
  0x000002132ad75980 GCTaskThread "GC Thread#9" [stack: 0x000000f0ecb00000,0x000000f0ecc00000] [id=22504]
  0x000002132ad756c0 GCTaskThread "GC Thread#10" [stack: 0x000000f0ecc00000,0x000000f0ecd00000] [id=26288]
  0x000002132ad75140 GCTaskThread "GC Thread#11" [stack: 0x000000f0ecd00000,0x000000f0ece00000] [id=26304]
  0x000002132ad75f00 GCTaskThread "GC Thread#12" [stack: 0x000000f0ece00000,0x000000f0ecf00000] [id=11248]
  0x00000212c01aa580 ConcurrentGCThread "G1 Main Marker" [stack: 0x000000f0ea900000,0x000000f0eaa00000] [id=10740]
  0x00000212c01adc80 ConcurrentGCThread "G1 Conc#0" [stack: 0x000000f0eaa00000,0x000000f0eab00000] [id=13280]
  0x000002132ad76480 ConcurrentGCThread "G1 Conc#1" [stack: 0x000000f0ecf00000,0x000000f0ed000000] [id=8564]
  0x000002132ad74900 ConcurrentGCThread "G1 Conc#2" [stack: 0x000000f0ed000000,0x000000f0ed100000] [id=22412]
  0x00000212e3391be0 ConcurrentGCThread "G1 Refine#0" [stack: 0x000000f0eab00000,0x000000f0eac00000] [id=23464]
  0x00000212e33934c0 ConcurrentGCThread "G1 Service" [stack: 0x000000f0eac00000,0x000000f0ead00000] [id=25280]

Threads with active compile tasks:
C2 CompilerThread0     9164 8445   !   4       org.springframework.util.ReflectionUtils::doWithMethods (186 bytes)
C2 CompilerThread1     9164 8467       4       org.springframework.core.annotation.TypeMappedAnnotations$MergedAnnotationFinder::process (176 bytes)
C2 CompilerThread2     9164 8459       4       org.springframework.core.annotation.TypeMappedAnnotations::scan (66 bytes)
C2 CompilerThread3     9164 8453       4       org.springframework.core.annotation.TypeMappedAnnotations$IsPresent::doWithAnnotations (183 bytes)
C2 CompilerThread4     9164 8455   !   4       org.springframework.core.annotation.AnnotationsScanner::processMethodHierarchy (276 bytes)
C2 CompilerThread5     9164 8528   !   4       java.util.concurrent.ConcurrentHashMap::transfer (849 bytes)
C2 CompilerThread6     9164 8468       4       org.springframework.core.annotation.TypeMappedAnnotations$MergedAnnotationFinder::doWithAnnotations (75 bytes)
C2 CompilerThread7     9165 8454       4       org.springframework.core.annotation.AnnotationsScanner::getBaseTypeMethods (123 bytes)

VM state: not at safepoint (normal execution)

VM Mutex/Monitor currently owned by a thread: None

Heap address: 0x0000000705e00000, size: 4002 MB, Compressed Oops mode: Zero based, Oop shift amount: 3

CDS archive(s) mapped at: [0x00000212e4000000-0x00000212e4bd0000-0x00000212e4bd0000), size 12386304, SharedBaseAddress: 0x00000212e4000000, ArchiveRelocationMode: 1.
Compressed class space mapped at: 0x00000212e5000000-0x0000021325000000, reserved size: 1073741824
Narrow klass base: 0x00000212e4000000, Narrow klass shift: 0, Narrow klass range: 0x100000000

GC Precious Log:
 CPUs: 16 total, 16 available
 Memory: 16004M
 Large Page Support: Disabled
 NUMA Support: Disabled
 Compressed Oops: Enabled (Zero based)
 Heap Region Size: 2M
 Heap Min Capacity: 8M
 Heap Initial Capacity: 252M
 Heap Max Capacity: 4002M
 Pre-touch: Disabled
 Parallel Workers: 13
 Concurrent Workers: 3
 Concurrent Refinement Workers: 13
 Periodic GC: Disabled

Heap:
 garbage-first heap   total 110592K, used 60166K [0x0000000705e00000, 0x0000000800000000)
  region size 2048K, 15 young (30720K), 4 survivors (8192K)
 Metaspace       used 81718K, committed 82304K, reserved 1179648K
  class space    used 11372K, committed 11648K, reserved 1048576K

Heap Regions: E=young(eden), S=young(survivor), O=old, HS=humongous(starts), HC=humongous(continues), CS=collection set, F=free, OA=open archive, CA=closed archive, TAMS=top-at-mark-start (previous, next)
|   0|0x0000000705e00000, 0x0000000706000000, 0x0000000706000000|100%| O|  |TAMS 0x0000000706000000, 0x0000000705e00000| Untracked 
|   1|0x0000000706000000, 0x0000000706200000, 0x0000000706200000|100%| O|  |TAMS 0x0000000706200000, 0x0000000706000000| Untracked 
|   2|0x0000000706200000, 0x0000000706400000, 0x0000000706400000|100%| O|  |TAMS 0x0000000706400000, 0x0000000706200000| Untracked 
|   3|0x0000000706400000, 0x0000000706600000, 0x0000000706600000|100%| O|  |TAMS 0x0000000706600000, 0x0000000706400000| Untracked 
|   4|0x0000000706600000, 0x00000007067ffff8, 0x0000000706800000| 99%| O|  |TAMS 0x00000007067ffff8, 0x0000000706600000| Untracked 
|   5|0x0000000706800000, 0x0000000706a00000, 0x0000000706a00000|100%| O|  |TAMS 0x0000000706a00000, 0x0000000706800000| Untracked 
|   6|0x0000000706a00000, 0x0000000706c00000, 0x0000000706c00000|100%| O|  |TAMS 0x0000000706c00000, 0x0000000706a00000| Untracked 
|   7|0x0000000706c00000, 0x0000000706e00000, 0x0000000706e00000|100%| O|  |TAMS 0x0000000706e00000, 0x0000000706c00000| Untracked 
|   8|0x0000000706e00000, 0x0000000707000000, 0x0000000707000000|100%| O|  |TAMS 0x0000000707000000, 0x0000000706e00000| Untracked 
|   9|0x0000000707000000, 0x0000000707000000, 0x0000000707200000|  0%| F|  |TAMS 0x0000000707000000, 0x0000000707000000| Untracked 
|  10|0x0000000707200000, 0x0000000707400000, 0x0000000707400000|100%| O|  |TAMS 0x0000000707200000, 0x0000000707200000| Untracked 
|  11|0x0000000707400000, 0x0000000707600000, 0x0000000707600000|100%| O|  |TAMS 0x0000000707400000, 0x0000000707400000| Untracked 
|  12|0x0000000707600000, 0x0000000707800000, 0x0000000707800000|100%| O|  |TAMS 0x0000000707600000, 0x0000000707600000| Untracked 
|  13|0x0000000707800000, 0x0000000707a00000, 0x0000000707a00000|100%| O|  |TAMS 0x0000000707a00000, 0x0000000707800000| Untracked 
|  14|0x0000000707a00000, 0x0000000707c00000, 0x0000000707c00000|100%| O|  |TAMS 0x0000000707a00000, 0x0000000707a00000| Untracked 
|  15|0x0000000707c00000, 0x0000000707e00000, 0x0000000707e00000|100%| O|  |TAMS 0x0000000707c00000, 0x0000000707c00000| Untracked 
|  16|0x0000000707e00000, 0x0000000707f23800, 0x0000000708000000| 56%| O|  |TAMS 0x0000000707e00000, 0x0000000707e00000| Untracked 
|  17|0x0000000708000000, 0x0000000708000000, 0x0000000708200000|  0%| F|  |TAMS 0x0000000708000000, 0x0000000708000000| Untracked 
|  18|0x0000000708200000, 0x0000000708200000, 0x0000000708400000|  0%| F|  |TAMS 0x0000000708200000, 0x0000000708200000| Untracked 
|  19|0x0000000708400000, 0x0000000708400000, 0x0000000708600000|  0%| F|  |TAMS 0x0000000708400000, 0x0000000708400000| Untracked 
|  20|0x0000000708600000, 0x0000000708600000, 0x0000000708800000|  0%| F|  |TAMS 0x0000000708600000, 0x0000000708600000| Untracked 
|  21|0x0000000708800000, 0x0000000708800000, 0x0000000708a00000|  0%| F|  |TAMS 0x0000000708800000, 0x0000000708800000| Untracked 
|  22|0x0000000708a00000, 0x0000000708a00000, 0x0000000708c00000|  0%| F|  |TAMS 0x0000000708a00000, 0x0000000708a00000| Untracked 
|  23|0x0000000708c00000, 0x0000000708d9e2a0, 0x0000000708e00000| 80%| S|CS|TAMS 0x0000000708c00000, 0x0000000708c00000| Complete 
|  24|0x0000000708e00000, 0x0000000709000000, 0x0000000709000000|100%| S|CS|TAMS 0x0000000708e00000, 0x0000000708e00000| Complete 
|  25|0x0000000709000000, 0x0000000709000000, 0x0000000709200000|  0%| F|  |TAMS 0x0000000709000000, 0x0000000709000000| Untracked 
|  26|0x0000000709200000, 0x0000000709200000, 0x0000000709400000|  0%| F|  |TAMS 0x0000000709200000, 0x0000000709200000| Untracked 
|  27|0x0000000709400000, 0x0000000709600000, 0x0000000709600000|100%| S|CS|TAMS 0x0000000709400000, 0x0000000709400000| Complete 
|  28|0x0000000709600000, 0x0000000709800000, 0x0000000709800000|100%| S|CS|TAMS 0x0000000709600000, 0x0000000709600000| Complete 
|  29|0x0000000709800000, 0x0000000709800000, 0x0000000709a00000|  0%| F|  |TAMS 0x0000000709800000, 0x0000000709800000| Untracked 
|  30|0x0000000709a00000, 0x0000000709a00000, 0x0000000709c00000|  0%| F|  |TAMS 0x0000000709a00000, 0x0000000709a00000| Untracked 
|  31|0x0000000709c00000, 0x0000000709c00000, 0x0000000709e00000|  0%| F|  |TAMS 0x0000000709c00000, 0x0000000709c00000| Untracked 
|  32|0x0000000709e00000, 0x0000000709e00000, 0x000000070a000000|  0%| F|  |TAMS 0x0000000709e00000, 0x0000000709e00000| Untracked 
|  33|0x000000070a000000, 0x000000070a000000, 0x000000070a200000|  0%| F|  |TAMS 0x000000070a000000, 0x000000070a000000| Untracked 
|  34|0x000000070a200000, 0x000000070a200000, 0x000000070a400000|  0%| F|  |TAMS 0x000000070a200000, 0x000000070a200000| Untracked 
|  35|0x000000070a400000, 0x000000070a400000, 0x000000070a600000|  0%| F|  |TAMS 0x000000070a400000, 0x000000070a400000| Untracked 
|  36|0x000000070a600000, 0x000000070a600000, 0x000000070a800000|  0%| F|  |TAMS 0x000000070a600000, 0x000000070a600000| Untracked 
|  37|0x000000070a800000, 0x000000070a800000, 0x000000070aa00000|  0%| F|  |TAMS 0x000000070a800000, 0x000000070a800000| Untracked 
|  38|0x000000070aa00000, 0x000000070aa00000, 0x000000070ac00000|  0%| F|  |TAMS 0x000000070aa00000, 0x000000070aa00000| Untracked 
|  39|0x000000070ac00000, 0x000000070ac00000, 0x000000070ae00000|  0%| F|  |TAMS 0x000000070ac00000, 0x000000070ac00000| Untracked 
|  40|0x000000070ae00000, 0x000000070ae00000, 0x000000070b000000|  0%| F|  |TAMS 0x000000070ae00000, 0x000000070ae00000| Untracked 
|  41|0x000000070b000000, 0x000000070b000000, 0x000000070b200000|  0%| F|  |TAMS 0x000000070b000000, 0x000000070b000000| Untracked 
|  42|0x000000070b200000, 0x000000070b200000, 0x000000070b400000|  0%| F|  |TAMS 0x000000070b200000, 0x000000070b200000| Untracked 
|  43|0x000000070b400000, 0x000000070b5d2fc0, 0x000000070b600000| 91%| E|  |TAMS 0x000000070b400000, 0x000000070b400000| Complete 
|  44|0x000000070b600000, 0x000000070b800000, 0x000000070b800000|100%| E|CS|TAMS 0x000000070b600000, 0x000000070b600000| Complete 
|  45|0x000000070b800000, 0x000000070ba00000, 0x000000070ba00000|100%| E|CS|TAMS 0x000000070b800000, 0x000000070b800000| Complete 
|  46|0x000000070ba00000, 0x000000070bc00000, 0x000000070bc00000|100%| E|CS|TAMS 0x000000070ba00000, 0x000000070ba00000| Complete 
|  47|0x000000070bc00000, 0x000000070be00000, 0x000000070be00000|100%| E|CS|TAMS 0x000000070bc00000, 0x000000070bc00000| Complete 
|  48|0x000000070be00000, 0x000000070c000000, 0x000000070c000000|100%| E|CS|TAMS 0x000000070be00000, 0x000000070be00000| Complete 
|  66|0x000000070e200000, 0x000000070e400000, 0x000000070e400000|100%| E|CS|TAMS 0x000000070e200000, 0x000000070e200000| Complete 
|  67|0x000000070e400000, 0x000000070e600000, 0x000000070e600000|100%| E|CS|TAMS 0x000000070e400000, 0x000000070e400000| Complete 
|  68|0x000000070e600000, 0x000000070e800000, 0x000000070e800000|100%| E|CS|TAMS 0x000000070e600000, 0x000000070e600000| Complete 
|  69|0x000000070e800000, 0x000000070ea00000, 0x000000070ea00000|100%| E|CS|TAMS 0x000000070e800000, 0x000000070e800000| Complete 
| 125|0x0000000715800000, 0x0000000715a00000, 0x0000000715a00000|100%| E|CS|TAMS 0x0000000715800000, 0x0000000715800000| Complete 

Card table byte_map: [0x00000212d7a40000,0x00000212d8220000] _byte_map_base: 0x00000212d4211000

Marking Bits (Prev, Next): (CMBitMap*) 0x00000212c019a280, (CMBitMap*) 0x00000212c019a240
 Prev Bits: [0x00000212dc890000, 0x00000212e0718000)
 Next Bits: [0x00000212d8a00000, 0x00000212dc888000)

Polling page: 0x00000212bde00000

Metaspace:

Usage:
  Non-class:     68.70 MB used.
      Class:     11.11 MB used.
       Both:     79.80 MB used.

Virtual space:
  Non-class space:      128.00 MB reserved,      69.00 MB ( 54%) committed,  2 nodes.
      Class space:        1.00 GB reserved,      11.38 MB (  1%) committed,  1 nodes.
             Both:        1.12 GB reserved,      80.38 MB (  7%) committed. 

Chunk freelists:
   Non-Class:  10.75 MB
       Class:  4.61 MB
        Both:  15.36 MB

MaxMetaspaceSize: unlimited
CompressedClassSpaceSize: 1.00 GB
Initial GC threshold: 21.00 MB
Current GC threshold: 98.38 MB
CDS: on
MetaspaceReclaimPolicy: balanced
 - commit_granule_bytes: 65536.
 - commit_granule_words: 8192.
 - virtual_space_node_default_size: 8388608.
 - enlarge_chunks_in_place: 1.
 - new_chunks_are_fully_committed: 0.
 - uncommit_free_chunks: 1.
 - use_allocation_guard: 0.
 - handle_deallocations: 1.


Internal statistics:

num_allocs_failed_limit: 9.
num_arena_births: 848.
num_arena_deaths: 0.
num_vsnodes_births: 3.
num_vsnodes_deaths: 0.
num_space_committed: 1286.
num_space_uncommitted: 0.
num_chunks_returned_to_freelist: 9.
num_chunks_taken_from_freelist: 3897.
num_chunk_merges: 6.
num_chunk_splits: 2870.
num_chunks_enlarged: 2276.
num_inconsistent_stats: 0.

CodeHeap 'non-profiled nmethods': size=119168Kb used=6364Kb max_used=6364Kb free=112803Kb
 bounds [0x00000212cf560000, 0x00000212cfba0000, 0x00000212d69c0000]
CodeHeap 'profiled nmethods': size=119104Kb used=14136Kb max_used=14675Kb free=104967Kb
 bounds [0x00000212c79c0000, 0x00000212c8820000, 0x00000212cee10000]
CodeHeap 'non-nmethods': size=7488Kb used=2559Kb max_used=3160Kb free=4928Kb
 bounds [0x00000212cee10000, 0x00000212cf130000, 0x00000212cf560000]
 total_blobs=7950 nmethods=7237 adapters=620
 compilation: enabled
              stopped_count=0, restarted_count=0
 full_count=0

Compilation events (20 events):
Event: 8.095 Thread 0x00000212e37f8890 nmethod 8575 0x00000212c7a9aa90 code [0x00000212c7a9ac40, 0x00000212c7a9af18]
Event: 8.095 Thread 0x00000212e37f8890 8576       3       org.springframework.data.convert.CustomConversions$$Lambda$1691/0x00000212e5b48fa8::accept (14 bytes)
Event: 8.096 Thread 0x00000212e37f8890 nmethod 8576 0x00000212c7a9a510 code [0x00000212c7a9a6c0, 0x00000212c7a9a988]
Event: 8.099 Thread 0x0000021329d3de70 nmethod 8586 0x00000212c8668490 code [0x00000212c8668980, 0x00000212c866b438]
Event: 8.099 Thread 0x00000212e3729e40 nmethod 8578 0x00000212c79d2e90 code [0x00000212c79d3520, 0x00000212c79d77f8]
Event: 8.100 Thread 0x0000021329985d70 nmethod 8569 0x00000212c8618f90 code [0x00000212c8619a20, 0x00000212c861ff88]
Event: 8.125 Thread 0x00000212e37f8890 8588       2       java.util.Collections$SetFromMap::contains (11 bytes)
Event: 8.125 Thread 0x00000212e37f8890 nmethod 8588 0x00000212c83efe10 code [0x00000212c83effa0, 0x00000212c83f00c8]
Event: 8.129 Thread 0x0000021329985d70 8589       3       sun.reflect.generics.reflectiveObjects.WildcardTypeImpl::equals (52 bytes)
Event: 8.130 Thread 0x0000021329985d70 nmethod 8589 0x00000212c7acf410 code [0x00000212c7acf6a0, 0x00000212c7ad08b8]
Event: 8.131 Thread 0x0000021329985d70 8590       3       org.springframework.aop.support.MethodMatchers$IntersectionMethodMatcher::matches (34 bytes)
Event: 8.131 Thread 0x00000212e37f8890 8591       3       org.springframework.security.authorization.method.AuthorizeReturnObjectMethodInterceptor$MethodReturnTypePointcut::matches (14 bytes)
Event: 8.131 Thread 0x00000212e3729e40 8592       3       java.util.function.Predicate$$Lambda$639/0x00000212e52cffd0::test (11 bytes)
Event: 8.132 Thread 0x00000212e37f8890 nmethod 8591 0x00000212c8618a10 code [0x00000212c8618bc0, 0x00000212c8618dc8]
Event: 8.132 Thread 0x0000021329985d70 nmethod 8590 0x00000212c7aced10 code [0x00000212c7aceec0, 0x00000212c7acf218]
Event: 8.132 Thread 0x00000212e3729e40 nmethod 8592 0x00000212c8667e90 code [0x00000212c8668040, 0x00000212c86683a8]
Event: 8.135 Thread 0x00000212e3729e40 8593       3       org.springframework.transaction.annotation.AnnotationTransactionAttributeSource::isCandidateClass (46 bytes)
Event: 8.136 Thread 0x00000212e3729e40 nmethod 8593 0x00000212c7a99b10 code [0x00000212c7a99d00, 0x00000212c7a9a358]
Event: 8.142 Thread 0x00000212e3729e40 8594       3       org.springframework.security.authorization.method.AuthorizeReturnObjectMethodInterceptor$$Lambda$638/0x00000212e545af18::test (8 bytes)
Event: 8.142 Thread 0x00000212e3729e40 nmethod 8594 0x00000212c8237390 code [0x00000212c8237540, 0x00000212c8237858]

GC Heap History (20 events):
Event: 2.263 GC heap before
{Heap before GC invocations=8 (full 0):
 garbage-first heap   total 61440K, used 42202K [0x0000000705e00000, 0x0000000800000000)
  region size 2048K, 13 young (26624K), 1 survivors (2048K)
 Metaspace       used 30048K, committed 30400K, reserved 1114112K
  class space    used 3904K, committed 4096K, reserved 1048576K
}
Event: 2.265 GC heap after
{Heap after GC invocations=9 (full 0):
 garbage-first heap   total 61440K, used 19083K [0x0000000705e00000, 0x0000000800000000)
  region size 2048K, 2 young (4096K), 2 survivors (4096K)
 Metaspace       used 30048K, committed 30400K, reserved 1114112K
  class space    used 3904K, committed 4096K, reserved 1048576K
}
Event: 2.784 GC heap before
{Heap before GC invocations=9 (full 0):
 garbage-first heap   total 61440K, used 43659K [0x0000000705e00000, 0x0000000800000000)
  region size 2048K, 14 young (28672K), 2 survivors (4096K)
 Metaspace       used 33238K, committed 33664K, reserved 1114112K
  class space    used 4417K, committed 4608K, reserved 1048576K
}
Event: 2.786 GC heap after
{Heap after GC invocations=10 (full 0):
 garbage-first heap   total 61440K, used 21310K [0x0000000705e00000, 0x0000000800000000)
  region size 2048K, 2 young (4096K), 2 survivors (4096K)
 Metaspace       used 33238K, committed 33664K, reserved 1114112K
  class space    used 4417K, committed 4608K, reserved 1048576K
}
Event: 3.172 GC heap before
{Heap before GC invocations=10 (full 0):
 garbage-first heap   total 61440K, used 35646K [0x0000000705e00000, 0x0000000800000000)
  region size 2048K, 10 young (20480K), 2 survivors (4096K)
 Metaspace       used 35681K, committed 36096K, reserved 1114112K
  class space    used 4668K, committed 4864K, reserved 1048576K
}
Event: 3.175 GC heap after
{Heap after GC invocations=11 (full 0):
 garbage-first heap   total 61440K, used 22527K [0x0000000705e00000, 0x0000000800000000)
  region size 2048K, 1 young (2048K), 1 survivors (2048K)
 Metaspace       used 35681K, committed 36096K, reserved 1114112K
  class space    used 4668K, committed 4864K, reserved 1048576K
}
Event: 3.733 GC heap before
{Heap before GC invocations=12 (full 0):
 garbage-first heap   total 61440K, used 43007K [0x0000000705e00000, 0x0000000800000000)
  region size 2048K, 12 young (24576K), 1 survivors (2048K)
 Metaspace       used 38384K, committed 38848K, reserved 1114112K
  class space    used 5053K, committed 5248K, reserved 1048576K
}
Event: 3.735 GC heap after
{Heap after GC invocations=13 (full 0):
 garbage-first heap   total 159744K, used 23282K [0x0000000705e00000, 0x0000000800000000)
  region size 2048K, 2 young (4096K), 2 survivors (4096K)
 Metaspace       used 38384K, committed 38848K, reserved 1114112K
  class space    used 5053K, committed 5248K, reserved 1048576K
}
Event: 4.926 GC heap before
{Heap before GC invocations=13 (full 0):
 garbage-first heap   total 159744K, used 113394K [0x0000000705e00000, 0x0000000800000000)
  region size 2048K, 46 young (94208K), 2 survivors (4096K)
 Metaspace       used 58439K, committed 58944K, reserved 1114112K
  class space    used 8034K, committed 8320K, reserved 1048576K
}
Event: 4.930 GC heap after
{Heap after GC invocations=14 (full 0):
 garbage-first heap   total 159744K, used 27368K [0x0000000705e00000, 0x0000000800000000)
  region size 2048K, 4 young (8192K), 4 survivors (8192K)
 Metaspace       used 58439K, committed 58944K, reserved 1114112K
  class space    used 8034K, committed 8320K, reserved 1048576K
}
Event: 5.064 GC heap before
{Heap before GC invocations=14 (full 0):
 garbage-first heap   total 159744K, used 41704K [0x0000000705e00000, 0x0000000800000000)
  region size 2048K, 12 young (24576K), 4 survivors (8192K)
 Metaspace       used 59752K, committed 60288K, reserved 1114112K
  class space    used 8211K, committed 8448K, reserved 1048576K
}
Event: 5.067 GC heap after
{Heap after GC invocations=15 (full 0):
 garbage-first heap   total 159744K, used 27908K [0x0000000705e00000, 0x0000000800000000)
  region size 2048K, 4 young (8192K), 4 survivors (8192K)
 Metaspace       used 59752K, committed 60288K, reserved 1114112K
  class space    used 8211K, committed 8448K, reserved 1048576K
}
Event: 5.773 GC heap before
{Heap before GC invocations=16 (full 0):
 garbage-first heap   total 110592K, used 85252K [0x0000000705e00000, 0x0000000800000000)
  region size 2048K, 32 young (65536K), 4 survivors (8192K)
 Metaspace       used 68543K, committed 69120K, reserved 1114112K
  class space    used 9684K, committed 9984K, reserved 1048576K
}
Event: 5.778 GC heap after
{Heap after GC invocations=17 (full 0):
 garbage-first heap   total 110592K, used 32711K [0x0000000705e00000, 0x0000000800000000)
  region size 2048K, 3 young (6144K), 3 survivors (6144K)
 Metaspace       used 68543K, committed 69120K, reserved 1114112K
  class space    used 9684K, committed 9984K, reserved 1048576K
}
Event: 5.878 GC heap before
{Heap before GC invocations=17 (full 0):
 garbage-first heap   total 110592K, used 34759K [0x0000000705e00000, 0x0000000800000000)
  region size 2048K, 4 young (8192K), 3 survivors (6144K)
 Metaspace       used 69366K, committed 69952K, reserved 1114112K
  class space    used 9763K, committed 10048K, reserved 1048576K
}
Event: 5.881 GC heap after
{Heap after GC invocations=18 (full 0):
 garbage-first heap   total 110592K, used 32723K [0x0000000705e00000, 0x0000000800000000)
  region size 2048K, 1 young (2048K), 1 survivors (2048K)
 Metaspace       used 69366K, committed 69952K, reserved 1114112K
  class space    used 9763K, committed 10048K, reserved 1048576K
}
Event: 6.502 GC heap before
{Heap before GC invocations=18 (full 0):
 garbage-first heap   total 110592K, used 85971K [0x0000000705e00000, 0x0000000800000000)
  region size 2048K, 27 young (55296K), 1 survivors (2048K)
 Metaspace       used 72849K, committed 73408K, reserved 1114112K
  class space    used 10197K, committed 10432K, reserved 1048576K
}
Event: 6.505 GC heap after
{Heap after GC invocations=19 (full 0):
 garbage-first heap   total 110592K, used 35490K [0x0000000705e00000, 0x0000000800000000)
  region size 2048K, 2 young (4096K), 2 survivors (4096K)
 Metaspace       used 72849K, committed 73408K, reserved 1114112K
  class space    used 10197K, committed 10432K, reserved 1048576K
}
Event: 7.638 GC heap before
{Heap before GC invocations=19 (full 0):
 garbage-first heap   total 110592K, used 86690K [0x0000000705e00000, 0x0000000800000000)
  region size 2048K, 27 young (55296K), 2 survivors (4096K)
 Metaspace       used 79169K, committed 79744K, reserved 1179648K
  class space    used 11071K, committed 11328K, reserved 1048576K
}
Event: 7.642 GC heap after
{Heap after GC invocations=20 (full 0):
 garbage-first heap   total 110592K, used 39686K [0x0000000705e00000, 0x0000000800000000)
  region size 2048K, 4 young (8192K), 4 survivors (8192K)
 Metaspace       used 79169K, committed 79744K, reserved 1179648K
  class space    used 11071K, committed 11328K, reserved 1048576K
}

Deoptimization events (20 events):
Event: 8.107 Thread 0x00000212e38f0360 Uncommon trap: trap_request=0xffffffc6 fr.pc=0x00000212cf6fbb20 relative=0x00000000000002e0
Event: 8.107 Thread 0x00000212e38f0360 Uncommon trap: reason=bimorphic_or_optimized_type_check action=maybe_recompile pc=0x00000212cf6fbb20 method=java.util.Collections$SetFromMap.contains(Ljava/lang/Object;)Z @ 5 c2
Event: 8.107 Thread 0x00000212e38f0360 DEOPT PACKING pc=0x00000212cf6fbb20 sp=0x000000f0ec5fdd00
Event: 8.107 Thread 0x00000212e38f0360 DEOPT UNPACKING pc=0x00000212cee623a3 sp=0x000000f0ec5fdca8 mode 2
Event: 8.124 Thread 0x00000212e38f0360 Uncommon trap: trap_request=0xffffff45 fr.pc=0x00000212cf6fe42c relative=0x00000000000001ec
Event: 8.124 Thread 0x00000212e38f0360 Uncommon trap: reason=unstable_if action=reinterpret pc=0x00000212cf6fe42c method=org.springframework.util.ClassUtils.isVoidType(Ljava/lang/Class;)Z @ 10 c2
Event: 8.124 Thread 0x00000212e38f0360 DEOPT PACKING pc=0x00000212cf6fe42c sp=0x000000f0ec5fdeb0
Event: 8.124 Thread 0x00000212e38f0360 DEOPT UNPACKING pc=0x00000212cee623a3 sp=0x000000f0ec5fdc48 mode 2
Event: 8.124 Thread 0x00000212e38f0360 Uncommon trap: trap_request=0xffffff45 fr.pc=0x00000212cf6fde34 relative=0x0000000000000114
Event: 8.124 Thread 0x00000212e38f0360 Uncommon trap: reason=unstable_if action=reinterpret pc=0x00000212cf6fde34 method=org.springframework.util.ClassUtils.isVoidType(Ljava/lang/Class;)Z @ 10 c2
Event: 8.124 Thread 0x00000212e38f0360 DEOPT PACKING pc=0x00000212cf6fde34 sp=0x000000f0ec5fde40
Event: 8.124 Thread 0x00000212e38f0360 DEOPT UNPACKING pc=0x00000212cee623a3 sp=0x000000f0ec5fdc40 mode 2
Event: 8.124 Thread 0x00000212e38f0360 Uncommon trap: trap_request=0xffffff45 fr.pc=0x00000212cf6990a0 relative=0x0000000000000100
Event: 8.124 Thread 0x00000212e38f0360 Uncommon trap: reason=unstable_if action=reinterpret pc=0x00000212cf6990a0 method=org.springframework.util.ClassUtils.isVoidType(Ljava/lang/Class;)Z @ 10 c2
Event: 8.124 Thread 0x00000212e38f0360 DEOPT PACKING pc=0x00000212cf6990a0 sp=0x000000f0ec5fddd0
Event: 8.124 Thread 0x00000212e38f0360 DEOPT UNPACKING pc=0x00000212cee623a3 sp=0x000000f0ec5fdc38 mode 2
Event: 8.131 Thread 0x00000212e38f0360 Uncommon trap: trap_request=0xffffff45 fr.pc=0x00000212cf698ca0 relative=0x0000000000000080
Event: 8.131 Thread 0x00000212e38f0360 Uncommon trap: reason=unstable_if action=reinterpret pc=0x00000212cf698ca0 method=org.springframework.util.ClassUtils.isVoidType(Ljava/lang/Class;)Z @ 10 c2
Event: 8.131 Thread 0x00000212e38f0360 DEOPT PACKING pc=0x00000212cf698ca0 sp=0x000000f0ec5fdd40
Event: 8.131 Thread 0x00000212e38f0360 DEOPT UNPACKING pc=0x00000212cee623a3 sp=0x000000f0ec5fdc58 mode 2

Classes unloaded (0 events):
No events

Classes redefined (0 events):
No events

Internal exceptions (20 events):
Event: 6.073 Thread 0x00000212e38f0360 Exception <a 'java/lang/reflect/InvocationTargetException'{0x000000070bb43398}> (0x000000070bb43398) 
thrown [s\open\src\hotspot\share\runtime\reflection.cpp, line 1121]
Event: 6.074 Thread 0x00000212e38f0360 Exception <a 'java/lang/reflect/InvocationTargetException'{0x000000070bb4d848}> (0x000000070bb4d848) 
thrown [s\open\src\hotspot\share\runtime\reflection.cpp, line 1121]
Event: 6.078 Thread 0x00000212e38f0360 Exception <a 'java/lang/reflect/InvocationTargetException'{0x000000070bb5f9b8}> (0x000000070bb5f9b8) 
thrown [s\open\src\hotspot\share\runtime\reflection.cpp, line 1121]
Event: 6.089 Thread 0x00000212e38f0360 Exception <a 'java/lang/reflect/InvocationTargetException'{0x000000070b97ff30}> (0x000000070b97ff30) 
thrown [s\open\src\hotspot\share\runtime\reflection.cpp, line 1121]
Event: 6.091 Thread 0x00000212e38f0360 Exception <a 'java/lang/reflect/InvocationTargetException'{0x000000070b98c220}> (0x000000070b98c220) 
thrown [s\open\src\hotspot\share\runtime\reflection.cpp, line 1121]
Event: 6.092 Thread 0x00000212e38f0360 Exception <a 'java/lang/reflect/InvocationTargetException'{0x000000070b998f90}> (0x000000070b998f90) 
thrown [s\open\src\hotspot\share\runtime\reflection.cpp, line 1121]
Event: 6.093 Thread 0x00000212e38f0360 Exception <a 'java/lang/reflect/InvocationTargetException'{0x000000070b9a5658}> (0x000000070b9a5658) 
thrown [s\open\src\hotspot\share\runtime\reflection.cpp, line 1121]
Event: 6.094 Thread 0x00000212e38f0360 Exception <a 'java/lang/reflect/InvocationTargetException'{0x000000070b9b0c00}> (0x000000070b9b0c00) 
thrown [s\open\src\hotspot\share\runtime\reflection.cpp, line 1121]
Event: 6.104 Thread 0x00000212e38f0360 Exception <a 'java/lang/reflect/InvocationTargetException'{0x000000070b7bffb8}> (0x000000070b7bffb8) 
thrown [s\open\src\hotspot\share\runtime\reflection.cpp, line 1121]
Event: 6.187 Thread 0x00000212e38f0360 Exception <a 'java/io/FileNotFoundException'{0x000000070b388100}> (0x000000070b388100) 
thrown [s\open\src\hotspot\share\prims\jni.cpp, line 516]
Event: 6.188 Thread 0x00000212e38f0360 Exception <a 'java/io/FileNotFoundException'{0x000000070b3941b0}> (0x000000070b3941b0) 
thrown [s\open\src\hotspot\share\prims\jni.cpp, line 516]
Event: 6.269 Thread 0x00000212e38f0360 Exception <a 'sun/nio/fs/WindowsException'{0x000000070a8ea2f8}> (0x000000070a8ea2f8) 
thrown [s\open\src\hotspot\share\prims\jni.cpp, line 516]
Event: 6.411 Thread 0x00000212e38f0360 Implicit null exception at 0x00000212cf7bd06c to 0x00000212cf7bd11c
Event: 6.411 Thread 0x00000212e38f0360 Implicit null exception at 0x00000212cf7bd06c to 0x00000212cf7bd11c
Event: 6.982 Thread 0x00000212e38f0360 Exception <a 'java/lang/IncompatibleClassChangeError'{0x000000070b58f2a8}: Found class java.lang.Object, but interface was expected> (0x000000070b58f2a8) 
thrown [s\open\src\hotspot\share\interpreter\linkResolver.cpp, line 826]
Event: 7.124 Thread 0x00000212e38f0360 Exception <a 'java/lang/NoSuchMethodError'{0x000000070afc0a18}: 'java.lang.Object java.lang.invoke.DirectMethodHandle$Holder.invokeInterface(java.lang.Object, java.lang.Object, java.lang.Object, java.lang.Object)'> (0x000000070afc0a18) 
thrown [s\open\src\hotspot\share\interpreter\linkResolver.cpp, line 759]
Event: 7.212 Thread 0x00000212e38f0360 Exception <a 'java/lang/NoSuchMethodError'{0x000000070aaef788}: 'void java.lang.invoke.DirectMethodHandle$Holder.invokeVirtual(java.lang.Object, java.lang.Object, long)'> (0x000000070aaef788) 
thrown [s\open\src\hotspot\share\interpreter\linkResolver.cpp, line 759]
Event: 7.313 Thread 0x00000212e38f0360 Exception <a 'java/lang/NoSuchMethodError'{0x000000070a7e3d58}: 'int java.lang.invoke.DirectMethodHandle$Holder.invokeStaticInit(java.lang.Object, java.lang.Object, java.lang.Object, java.lang.Object)'> (0x000000070a7e3d58) 
thrown [s\open\src\hotspot\share\interpreter\linkResolver.cpp, line 759]
Event: 7.661 Thread 0x00000212e38f0360 Exception <a 'java/lang/NoSuchMethodError'{0x00000007158c3ec0}: 'java.lang.Object java.lang.invoke.DirectMethodHandle$Holder.invokeStaticInit(java.lang.Object, long)'> (0x00000007158c3ec0) 
thrown [s\open\src\hotspot\share\interpreter\linkResolver.cpp, line 759]
Event: 7.930 Thread 0x00000212e38f0360 Exception <a 'java/lang/IncompatibleClassChangeError'{0x000000070bf00000}: Found class java.lang.Object, but interface was expected> (0x000000070bf00000) 
thrown [s\open\src\hotspot\share\interpreter\linkResolver.cpp, line 826]

VM Operations (20 events):
Event: 7.254 Executing VM operation: HandshakeAllThreads done
Event: 7.445 Executing VM operation: ICBufferFull
Event: 7.445 Executing VM operation: ICBufferFull done
Event: 7.531 Executing VM operation: HandshakeAllThreads
Event: 7.531 Executing VM operation: HandshakeAllThreads done
Event: 7.597 Executing VM operation: HandshakeAllThreads
Event: 7.597 Executing VM operation: HandshakeAllThreads done
Event: 7.609 Executing VM operation: HandshakeAllThreads
Event: 7.609 Executing VM operation: HandshakeAllThreads done
Event: 7.609 Executing VM operation: HandshakeAllThreads
Event: 7.610 Executing VM operation: HandshakeAllThreads done
Event: 7.610 Executing VM operation: HandshakeAllThreads
Event: 7.610 Executing VM operation: HandshakeAllThreads done
Event: 7.638 Executing VM operation: G1CollectForAllocation
Event: 7.642 Executing VM operation: G1CollectForAllocation done
Event: 7.657 Executing VM operation: HandshakeAllThreads
Event: 7.657 Executing VM operation: HandshakeAllThreads done
Event: 7.842 Executing VM operation: HandshakeAllThreads
Event: 7.842 Executing VM operation: HandshakeAllThreads done
Event: 8.848 Executing VM operation: Cleanup

Events (20 events):
Event: 7.592 loading class java/util/concurrent/Executors$DelegatedScheduledExecutorService
Event: 7.592 loading class java/util/concurrent/Executors$DelegatedExecutorService
Event: 7.592 loading class java/util/concurrent/Executors$DelegatedExecutorService done
Event: 7.592 loading class java/util/concurrent/Executors$DelegatedScheduledExecutorService done
Event: 7.593 loading class jdk/jfr/Event
Event: 7.593 loading class jdk/jfr/Event done
Event: 7.599 Thread 0x000002132c02ccf0 Thread added: 0x000002132c02ccf0
Event: 7.599 loading class java/util/concurrent/locks/AbstractQueuedSynchronizer$SharedNode
Event: 7.599 loading class java/util/concurrent/locks/AbstractQueuedSynchronizer$SharedNode done
Event: 7.608 loading class java/util/JumboEnumSet
Event: 7.609 loading class java/util/JumboEnumSet done
Event: 7.610 Thread 0x00000212e3732d70 flushing nmethod 0x00000212cf6b0a90
Event: 7.616 loading class javax/net/ssl/SSLParameters
Event: 7.616 loading class javax/net/ssl/SSLParameters done
Event: 7.658 loading class java/util/function/IntSupplier
Event: 7.658 loading class java/util/function/IntSupplier done
Event: 7.659 loading class java/util/function/LongFunction
Event: 7.660 loading class java/util/function/LongFunction done
Event: 7.905 Thread 0x0000021329d3ce80 Thread added: 0x0000021329d3ce80
Event: 8.070 Thread 0x0000021331313aa0 Thread added: 0x0000021331313aa0


Dynamic libraries:
0x00007ff6e1030000 - 0x00007ff6e1040000 	D:\Java\bin\java.exe
0x00007ff891940000 - 0x00007ff891ba3000 	C:\WINDOWS\SYSTEM32\ntdll.dll
0x00007ff8901e0000 - 0x00007ff8902a7000 	C:\WINDOWS\System32\KERNEL32.DLL
0x00007ff88efa0000 - 0x00007ff88f369000 	C:\WINDOWS\System32\KERNELBASE.dll
0x00007ff88f410000 - 0x00007ff88f55c000 	C:\WINDOWS\System32\ucrtbase.dll
0x00007ff86bd30000 - 0x00007ff86bd4b000 	D:\Java\bin\VCRUNTIME140.dll
0x00007ff86d100000 - 0x00007ff86d119000 	D:\Java\bin\jli.dll
0x00007ff8914b0000 - 0x00007ff891562000 	C:\WINDOWS\System32\ADVAPI32.dll
0x00007ff890620000 - 0x00007ff8906c9000 	C:\WINDOWS\System32\msvcrt.dll
0x00007ff88f760000 - 0x00007ff88f806000 	C:\WINDOWS\System32\sechost.dll
0x00007ff890f10000 - 0x00007ff891026000 	C:\WINDOWS\System32\RPCRT4.dll
0x00007ff88f9f0000 - 0x00007ff88fbba000 	C:\WINDOWS\System32\USER32.dll
0x00007ff88ef70000 - 0x00007ff88ef97000 	C:\WINDOWS\System32\win32u.dll
0x00007ff86b720000 - 0x00007ff86b9b0000 	C:\WINDOWS\WinSxS\amd64_microsoft.windows.common-controls_6595b64144ccf1df_6.0.26100.3323_none_3e088096e3344490\COMCTL32.dll
0x00007ff8906d0000 - 0x00007ff8906fa000 	C:\WINDOWS\System32\GDI32.dll
0x00007ff88f560000 - 0x00007ff88f691000 	C:\WINDOWS\System32\gdi32full.dll
0x00007ff88ecc0000 - 0x00007ff88ed63000 	C:\WINDOWS\System32\msvcp_win.dll
0x00007ff884100000 - 0x00007ff88410b000 	C:\WINDOWS\SYSTEM32\VERSION.dll
0x00007ff890ed0000 - 0x00007ff890eff000 	C:\WINDOWS\System32\IMM32.DLL
0x00007ff888810000 - 0x00007ff88881c000 	D:\Java\bin\vcruntime140_1.dll
0x00007ff853170000 - 0x00007ff8531fe000 	D:\Java\bin\msvcp140.dll
0x00007ff821900000 - 0x00007ff8224df000 	D:\Java\bin\server\jvm.dll
0x00007ff88f810000 - 0x00007ff88f818000 	C:\WINDOWS\System32\PSAPI.DLL
0x00007ff8522e0000 - 0x00007ff8522ea000 	C:\WINDOWS\SYSTEM32\WSOCK32.dll
0x00007ff8841f0000 - 0x00007ff884226000 	C:\WINDOWS\SYSTEM32\WINMM.dll
0x00007ff891430000 - 0x00007ff8914a4000 	C:\WINDOWS\System32\WS2_32.dll
0x00007ff88da70000 - 0x00007ff88da8a000 	C:\WINDOWS\SYSTEM32\kernel.appcore.dll
0x00007ff86d2c0000 - 0x00007ff86d2ca000 	D:\Java\bin\jimage.dll
0x00007ff88c260000 - 0x00007ff88c4a1000 	C:\WINDOWS\SYSTEM32\DBGHELP.DLL
0x00007ff891570000 - 0x00007ff8918f2000 	C:\WINDOWS\System32\combase.dll
0x00007ff88f880000 - 0x00007ff88f956000 	C:\WINDOWS\System32\OLEAUT32.dll
0x00007ff85e640000 - 0x00007ff85e679000 	C:\WINDOWS\SYSTEM32\dbgcore.DLL
0x00007ff88f370000 - 0x00007ff88f409000 	C:\WINDOWS\System32\bcryptPrimitives.dll
0x00007ff85f6f0000 - 0x00007ff85f715000 	D:\Java\bin\java.dll
0x00007ff852760000 - 0x00007ff852837000 	D:\Java\bin\jsvml.dll
0x00007ff890700000 - 0x00007ff890e15000 	C:\WINDOWS\System32\SHELL32.dll
0x00007ff88ed70000 - 0x00007ff88eed8000 	C:\WINDOWS\System32\wintypes.dll
0x00007ff88c810000 - 0x00007ff88d055000 	C:\WINDOWS\SYSTEM32\windows.storage.dll
0x00007ff890090000 - 0x00007ff89017b000 	C:\WINDOWS\System32\SHCORE.dll
0x00007ff890180000 - 0x00007ff8901dd000 	C:\WINDOWS\System32\shlwapi.dll
0x00007ff88ea50000 - 0x00007ff88ea7f000 	C:\WINDOWS\SYSTEM32\profapi.dll
0x00007ff867a90000 - 0x00007ff867aa9000 	D:\Java\bin\net.dll
0x00007ff8881d0000 - 0x00007ff8882ee000 	C:\WINDOWS\SYSTEM32\WINHTTP.dll
0x00007ff88df90000 - 0x00007ff88dffa000 	C:\WINDOWS\system32\mswsock.dll
0x00007ff8678a0000 - 0x00007ff8678b6000 	D:\Java\bin\nio.dll
0x00007ff86a980000 - 0x00007ff86a998000 	D:\Java\bin\zip.dll
0x00007ff861ca0000 - 0x00007ff861caa000 	D:\Java\bin\management.dll
0x00007ff861bb0000 - 0x00007ff861bbb000 	D:\Java\bin\management_ext.dll
0x00007ff85ff20000 - 0x00007ff85ff2e000 	D:\Java\bin\sunmscapi.dll
0x00007ff88eb40000 - 0x00007ff88ecb7000 	C:\WINDOWS\System32\CRYPT32.dll
0x00007ff88e430000 - 0x00007ff88e460000 	C:\WINDOWS\SYSTEM32\ncrypt.dll
0x00007ff88e3e0000 - 0x00007ff88e41f000 	C:\WINDOWS\SYSTEM32\NTASN1.dll
0x00007ff88e230000 - 0x00007ff88e24c000 	C:\WINDOWS\SYSTEM32\CRYPTSP.dll
0x00007ff88d9d0000 - 0x00007ff88da0a000 	C:\WINDOWS\system32\rsaenh.dll
0x00007ff88e030000 - 0x00007ff88e05b000 	C:\WINDOWS\SYSTEM32\USERENV.dll
0x00007ff88e470000 - 0x00007ff88e496000 	C:\WINDOWS\SYSTEM32\bcrypt.dll
0x00007ff88e250000 - 0x00007ff88e25c000 	C:\WINDOWS\SYSTEM32\CRYPTBASE.dll
0x00007ff88d3f0000 - 0x00007ff88d423000 	C:\WINDOWS\SYSTEM32\IPHLPAPI.DLL
0x00007ff88f960000 - 0x00007ff88f96a000 	C:\WINDOWS\System32\NSI.dll
0x00007ff888460000 - 0x00007ff88847f000 	C:\WINDOWS\SYSTEM32\dhcpcsvc6.DLL
0x00007ff888430000 - 0x00007ff888455000 	C:\WINDOWS\SYSTEM32\dhcpcsvc.DLL
0x00007ff88d480000 - 0x00007ff88d5a5000 	C:\WINDOWS\SYSTEM32\DNSAPI.dll
0x00007ff867d30000 - 0x00007ff867d40000 	D:\Java\bin\verify.dll
0x00007ff887fb0000 - 0x00007ff887fbb000 	C:\Windows\System32\rasadhlp.dll
0x00007ff888840000 - 0x00007ff8888c5000 	C:\WINDOWS\System32\fwpuclnt.dll

dbghelp: loaded successfully - version: 4.0.5 - missing functions: none
symbol engine: initialized successfully - sym options: 0x614 - pdb path: .;D:\Java\bin;C:\WINDOWS\SYSTEM32;C:\WINDOWS\WinSxS\amd64_microsoft.windows.common-controls_6595b64144ccf1df_6.0.26100.3323_none_3e088096e3344490;D:\Java\bin\server

VM Arguments:
jvm_args: -Dfile.encoding=UTF-8 -Duser.country=US -Duser.language=en -Duser.variant 
java_command: com.example.spa.SpaMassageServerApplication
java_class_path (initial): D:\Demo_DoAn\KLTN2025ProJect\spa-massage-server-2\build\classes\java\main;D:\Demo_DoAn\KLTN2025ProJect\spa-massage-server-2\build\resources\main;C:\Users\ASUS\.gradle\caches\modules-2\files-2.1\org.springframework.boot\spring-boot-devtools\3.3.7\d9b55ae1055ad53e262cf30f1355fded17c997c2\spring-boot-devtools-3.3.7.jar;C:\Users\ASUS\.gradle\caches\modules-2\files-2.1\org.springframework.boot\spring-boot-starter-data-jpa\3.3.7\ebb2f9a58580b86e310ca9a5a28becf895970b7c\spring-boot-starter-data-jpa-3.3.7.jar;C:\Users\ASUS\.gradle\caches\modules-2\files-2.1\org.springframework.boot\spring-boot-starter-data-redis\3.3.7\c15e71ccacce0abfc9feb8b03c25dbd4ccbcd3d7\spring-boot-starter-data-redis-3.3.7.jar;C:\Users\ASUS\.gradle\caches\modules-2\files-2.1\org.springframework.boot\spring-boot-starter-mail\3.3.5\f5cfe4b8e82221ed6fc568ad69435e134081d043\spring-boot-starter-mail-3.3.5.jar;C:\Users\ASUS\.gradle\caches\modules-2\files-2.1\org.springframework.boot\spring-boot-starter-security\3.3.7\af030ae8d8ba9f5000d5e9061336b64271664b92\spring-boot-starter-security-3.3.7.jar;C:\Users\ASUS\.gradle\caches\modules-2\files-2.1\org.springframework.boot\spring-boot-starter-validation\3.3.7\fcfd70e8a02de2e65afb68d31eb1737e1fdaa8ba\spring-boot-starter-validation-3.3.7.jar;C:\Users\ASUS\.gradle\caches\modules-2\files-2.1\org.springframework.boot\spring-boot-starter-web\3.3.7\75a362710036e1e597fb92df9f793561517cc821\spring-boot-starter-web-3.3.7.jar;C:\Users\ASUS\.gradle\caches\modules-2\files-2.1\io.jsonwebtoken\jjwt-impl\0.11.2\8fd8acf9d3cb9a2db05bfa484c2a1408cc3507f9\jjwt-impl-0.11.2.jar;C:\Users\ASUS\.gradle\caches\modules-2\files-2.1\io.jsonwebtoken\jjwt-jackson\0.11.2\bff0b63d4cbace7b38551a70350875e69201ffeb\jjwt-jackson-0.11.2.jar;C:\Users\ASUS\.gradle\caches\modules-2\files-2.1\io.jsonwebtoken\jjwt-api\0.11.2\57c34dce3e88f2972c5c5465b6291acfb5628084\jjwt-api-0.11.2.jar;C:\Users\ASUS\.gradle\caches\modules-2\files-2.1\org.springdoc\springdoc-openapi-starter-webm
Launcher Type: SUN_STANDARD

[Global flags]
     intx CICompilerCount                          = 12                                        {product} {ergonomic}
     uint ConcGCThreads                            = 3                                         {product} {ergonomic}
     uint G1ConcRefinementThreads                  = 13                                        {product} {ergonomic}
   size_t G1HeapRegionSize                         = 2097152                                   {product} {ergonomic}
    uintx GCDrainStackTargetSize                   = 64                                        {product} {ergonomic}
   size_t InitialHeapSize                          = 264241152                                 {product} {ergonomic}
   size_t MarkStackSize                            = 4194304                                   {product} {ergonomic}
   size_t MaxHeapSize                              = 4196401152                                {product} {ergonomic}
   size_t MaxNewSize                               = 2516582400                                {product} {ergonomic}
   size_t MinHeapDeltaBytes                        = 2097152                                   {product} {ergonomic}
   size_t MinHeapSize                              = 8388608                                   {product} {ergonomic}
    uintx NonNMethodCodeHeapSize                   = 7602480                                {pd product} {ergonomic}
    uintx NonProfiledCodeHeapSize                  = 122027880                              {pd product} {ergonomic}
    uintx ProfiledCodeHeapSize                     = 122027880                              {pd product} {ergonomic}
    uintx ReservedCodeCacheSize                    = 251658240                              {pd product} {ergonomic}
     bool SegmentedCodeCache                       = true                                      {product} {ergonomic}
   size_t SoftMaxHeapSize                          = 4196401152                             {manageable} {ergonomic}
     bool UseCompressedClassPointers               = true                           {product lp64_product} {ergonomic}
     bool UseCompressedOops                        = true                           {product lp64_product} {ergonomic}
     bool UseG1GC                                  = true                                      {product} {ergonomic}
     bool UseLargePagesIndividualAllocation        = false                                  {pd product} {ergonomic}

Logging:
Log output configuration:
 #0: stdout all=warning uptime,level,tags
 #1: stderr all=off uptime,level,tags

Environment Variables:
PATH=C:\Program Files\Common Files\Oracle\Java\javapath;C:\Windows\system32;C:\Windows;C:\Windows\System32\Wbem;C:\Windows\System32\WindowsPowerShell\v1.0\;C:\Windows\System32\OpenSSH\;C:\Program Files (x86)\NVIDIA Corporation\PhysX\Common;C:\Program Files\nodejs\;C:\Program Files\dotnet\;C:\Program Files\MongoDB\Server\7.0\bin;D:\App Dowloand\mongosh-2.1.5-win32-x64\bin;D:\ApacheTomcat\Maven\apache-maven-3.9.9\bin;C:\Program Files\NVIDIA Corporation\NVIDIA app\NvDLISR;C:\WINDOWS\system32;C:\WINDOWS;C:\WINDOWS\System32\Wbem;C:\WINDOWS\System32\WindowsPowerShell\v1.0\;C:\WINDOWS\System32\OpenSSH\;C:\Program Files\Microsoft SQL Server\150\Tools\Binn\;C:\Program Files\Microsoft SQL Server\Client SDK\ODBC\170\Tools\Binn\;C:\Program Files (x86)\Windows Kits\10\Windows Performance Toolkit\;C:\Program Files\Git\cmd;%USERPROFILE%\AppData\Local\Microsoft\WindowsApps;C:\Users\ASUS\AppData\Roaming\npm;%IntelliJ IDEA%;C:\Users\ASUS\AppData\Local\Programs\oh-my-posh\bin;C:\Users\ASUS\AppData\Local\Programs\Microsoft VS Code\bin;%USERPROFILE%\.dotnet\tools;C:\Program Files\Seelen\Seelen UI;%USERPROFILE%\.dotnet\tools;D:\Seelen\Seelen UI
USERNAME=ASUS
OS=Windows_NT
PROCESSOR_IDENTIFIER=Intel64 Family 6 Model 154 Stepping 3, GenuineIntel



---------------  S Y S T E M  ---------------

OS:
 Windows 11 , 64 bit Build 26100 (10.0.26100.3323)
OS uptime: 0 days 9:32 hours
Hyper-V role detected

CPU: total 16 (initial active 16) (8 cores per cpu, 2 threads per core) family 6 model 154 stepping 3 microcode 0x434, cx8, cmov, fxsr, ht, mmx, 3dnowpref, sse, sse2, sse3, ssse3, sse4.1, sse4.2, popcnt, lzcnt, tsc, tscinvbit, avx, avx2, aes, erms, clmul, bmi1, bmi2, adx, sha, fma, vzeroupper, clflush, clflushopt, clwb, hv

Memory: 4k page, system-wide physical 16004M (1664M free)
TotalPageFile size 24004M (AvailPageFile size 9M)
current process WorkingSet (physical memory assigned to process): 410M, peak: 415M
current process commit charge ("private bytes"): 461M, peak: 467M

vm_info: Java HotSpot(TM) 64-Bit Server VM (17.0.10+11-LTS-240) for windows-amd64 JRE (17.0.10+11-LTS-240), built on Dec 19 2023 21:47:25 by "mach5one" with MS VC++ 17.1 (VS2022)

END.
