#
# There is insufficient memory for the Java Runtime Environment to continue.
# Native memory allocation (malloc) failed to allocate 1352176 bytes for Chunk::new
# Possible reasons:
#   The system is out of physical RAM or swap space
#   The process is running with CompressedOops enabled, and the Java Heap may be blocking the growth of the native heap
# Possible solutions:
#   Reduce memory load on the system
#   Increase physical memory or swap space
#   Check if swap backing store is full
#   Decrease Java heap size (-Xmx/-Xms)
#   Decrease number of Java threads
#   Decrease Java thread stack sizes (-Xss)
#   Set larger code cache with -XX:ReservedCodeCacheSize=
#   JVM is running with Zero Based Compressed Oops mode in which the Java heap is
#     placed in the first 32GB address space. The Java Heap base address is the
#     maximum limit for the native heap growth. Please use -XX:HeapBaseMinAddress
#     to set the Java Heap base and to place the Java Heap above 32GB virtual address.
# This output file may be truncated or incomplete.
#
#  Out of Memory Error (arena.cpp:189), pid=25444, tid=21152
#
# JRE version: Java(TM) SE Runtime Environment (17.0.10+11) (build 17.0.10+11-LTS-240)
# Java VM: Java HotSpot(TM) 64-Bit Server VM (17.0.10+11-LTS-240, mixed mode, sharing, tiered, compressed oops, compressed class ptrs, g1 gc, windows-amd64)
# No core dump will be written. Minidumps are not enabled by default on client versions of Windows
#

---------------  S U M M A R Y ------------

Command Line: -Dfile.encoding=UTF-8 -Duser.country=US -Duser.language=en -Duser.variant com.example.spa.SpaMassageServerApplication

Host: 12th Gen Intel(R) Core(TM) i5-12500H, 16 cores, 15G,  Windows 11 , 64 bit Build 26100 (10.0.26100.3775)
Time: Sun Apr 27 01:22:25 2025 SE Asia Standard Time elapsed time: 5297.663707 seconds (0d 1h 28m 17s)

---------------  T H R E A D  ---------------

Current thread (0x0000028e43b93700):  JavaThread "C2 CompilerThread1" daemon [_thread_in_native, id=21152, stack(0x000000a489100000,0x000000a489200000)]


Current CompileTask:
C2:5297663 15525 % !   4       java.util.jar.Attributes::read @ 214 (494 bytes)

Stack: [0x000000a489100000,0x000000a489200000]
Native frames: (J=compiled Java code, j=interpreted, Vv=VM code, C=native code)
V  [jvm.dll+0x677a5a]
V  [jvm.dll+0x7d8b2d]
V  [jvm.dll+0x7da48e]
V  [jvm.dll+0x7daaf3]
V  [jvm.dll+0x2455ff]
V  [jvm.dll+0xaaafb]
V  [jvm.dll+0xab09c]
V  [jvm.dll+0x361b5f]
V  [jvm.dll+0x32c211]
V  [jvm.dll+0x32b6aa]
V  [jvm.dll+0x21794f]
V  [jvm.dll+0x216d81]
V  [jvm.dll+0x1a3410]
V  [jvm.dll+0x226aeb]
V  [jvm.dll+0x224cab]
V  [jvm.dll+0x78e45c]
V  [jvm.dll+0x78888a]
V  [jvm.dll+0x676935]
C  [ucrtbase.dll+0x37b0]
C  [KERNEL32.DLL+0x2e8d7]
C  [ntdll.dll+0xb14fc]


---------------  P R O C E S S  ---------------

Threads class SMR info:
_java_thread_list=0x0000028e48e9c720, length=35, elements={
0x0000028e7a434450, 0x0000028e7a435f30, 0x0000028e7a44de40, 0x0000028e7a46e720,
0x0000028e7a46fb60, 0x0000028e7a470430, 0x0000028e7a471c50, 0x0000028e7a47f1b0,
0x0000028e7a47fac0, 0x0000028e7a770ae0, 0x0000028e7a7779e0, 0x0000028e4129dbc0,
0x0000028e4129f000, 0x0000028e4129e0d0, 0x0000028e4129f510, 0x0000028e412a0950,
0x0000028e4129e5e0, 0x0000028e412a0e60, 0x0000028e4b8cd140, 0x0000028e4b8cd650,
0x0000028e4b8cb7f0, 0x0000028e4b8cc720, 0x0000028e4b8cbd00, 0x0000028e4b8cb2e0,
0x0000028e4b8cdb60, 0x0000028e4b8ccc30, 0x0000028e4b8ce070, 0x0000028e4b8ce580,
0x0000028e4b8cadd0, 0x0000028e4b8cc210, 0x0000028e46f54970, 0x0000028e46f55db0,
0x0000028e43b93700, 0x0000028e46f59f80, 0x0000028e46f5a490
}

Java Threads: ( => current thread )
  0x0000028e7a434450 JavaThread "Reference Handler" daemon [_thread_blocked, id=18460, stack(0x000000a489900000,0x000000a489a00000)]
  0x0000028e7a435f30 JavaThread "Finalizer" daemon [_thread_blocked, id=19968, stack(0x000000a489a00000,0x000000a489b00000)]
  0x0000028e7a44de40 JavaThread "Signal Dispatcher" daemon [_thread_blocked, id=18476, stack(0x000000a489b00000,0x000000a489c00000)]
  0x0000028e7a46e720 JavaThread "Attach Listener" daemon [_thread_blocked, id=17120, stack(0x000000a489c00000,0x000000a489d00000)]
  0x0000028e7a46fb60 JavaThread "Service Thread" daemon [_thread_blocked, id=10796, stack(0x000000a489d00000,0x000000a489e00000)]
  0x0000028e7a470430 JavaThread "Monitor Deflation Thread" daemon [_thread_blocked, id=10852, stack(0x000000a489e00000,0x000000a489f00000)]
  0x0000028e7a471c50 JavaThread "C2 CompilerThread0" daemon [_thread_blocked, id=18536, stack(0x000000a489f00000,0x000000a48a000000)]
  0x0000028e7a47f1b0 JavaThread "C1 CompilerThread0" daemon [_thread_blocked, id=11808, stack(0x000000a48a000000,0x000000a48a100000)]
  0x0000028e7a47fac0 JavaThread "Sweeper thread" daemon [_thread_blocked, id=25256, stack(0x000000a48a100000,0x000000a48a200000)]
  0x0000028e7a770ae0 JavaThread "Notification Thread" daemon [_thread_blocked, id=5996, stack(0x000000a48a400000,0x000000a48a500000)]
  0x0000028e7a7779e0 JavaThread "Common-Cleaner" daemon [_thread_blocked, id=7612, stack(0x000000a48a600000,0x000000a48a700000)]
  0x0000028e4129dbc0 JavaThread "Catalina-utility-1" [_thread_blocked, id=23516, stack(0x000000a48bf00000,0x000000a48c000000)]
  0x0000028e4129f000 JavaThread "Catalina-utility-2" [_thread_blocked, id=24152, stack(0x000000a48c000000,0x000000a48c100000)]
  0x0000028e4129e0d0 JavaThread "container-0" [_thread_blocked, id=964, stack(0x000000a48c100000,0x000000a48c200000)]
  0x0000028e4129f510 JavaThread "mysql-cj-abandoned-connection-cleanup" daemon [_thread_blocked, id=22164, stack(0x000000a48a700000,0x000000a48a800000)]
  0x0000028e412a0950 JavaThread "HikariPool-1 housekeeper" daemon [_thread_blocked, id=20724, stack(0x000000a48b200000,0x000000a48b300000)]
  0x0000028e4129e5e0 JavaThread "lettuce-timer-3-1" daemon [_thread_blocked, id=24680, stack(0x000000a48bb00000,0x000000a48bc00000)]
  0x0000028e412a0e60 JavaThread "File Watcher" daemon [_thread_blocked, id=23960, stack(0x000000a48c600000,0x000000a48c700000)]
  0x0000028e4b8cd140 JavaThread "Live Reload Server" daemon [_thread_in_native, id=19472, stack(0x000000a48c800000,0x000000a48c900000)]
  0x0000028e4b8cd650 JavaThread "http-nio-5000-exec-1" daemon [_thread_blocked, id=22308, stack(0x000000a48c700000,0x000000a48c800000)]
  0x0000028e4b8cb7f0 JavaThread "http-nio-5000-exec-2" daemon [_thread_blocked, id=5608, stack(0x000000a48c900000,0x000000a48ca00000)]
  0x0000028e4b8cc720 JavaThread "http-nio-5000-exec-3" daemon [_thread_blocked, id=20900, stack(0x000000a48ca00000,0x000000a48cb00000)]
  0x0000028e4b8cbd00 JavaThread "http-nio-5000-exec-4" daemon [_thread_blocked, id=10652, stack(0x000000a48cb00000,0x000000a48cc00000)]
  0x0000028e4b8cb2e0 JavaThread "http-nio-5000-exec-5" daemon [_thread_blocked, id=18456, stack(0x000000a48cc00000,0x000000a48cd00000)]
  0x0000028e4b8cdb60 JavaThread "http-nio-5000-exec-6" daemon [_thread_blocked, id=20916, stack(0x000000a48cd00000,0x000000a48ce00000)]
  0x0000028e4b8ccc30 JavaThread "http-nio-5000-exec-7" daemon [_thread_blocked, id=1836, stack(0x000000a48ce00000,0x000000a48cf00000)]
  0x0000028e4b8ce070 JavaThread "http-nio-5000-exec-8" daemon [_thread_blocked, id=20684, stack(0x000000a48cf00000,0x000000a48d000000)]
  0x0000028e4b8ce580 JavaThread "http-nio-5000-exec-9" daemon [_thread_blocked, id=23000, stack(0x000000a48d000000,0x000000a48d100000)]
  0x0000028e4b8cadd0 JavaThread "http-nio-5000-exec-10" daemon [_thread_blocked, id=25536, stack(0x000000a48d100000,0x000000a48d200000)]
  0x0000028e4b8cc210 JavaThread "http-nio-5000-Poller" daemon [_thread_in_native, id=10480, stack(0x000000a48d200000,0x000000a48d300000)]
  0x0000028e46f54970 JavaThread "http-nio-5000-Acceptor" daemon [_thread_in_native, id=7740, stack(0x000000a48d300000,0x000000a48d400000)]
  0x0000028e46f55db0 JavaThread "DestroyJavaVM" [_thread_blocked, id=18980, stack(0x000000a489200000,0x000000a489300000)]
=>0x0000028e43b93700 JavaThread "C2 CompilerThread1" daemon [_thread_in_native, id=21152, stack(0x000000a489100000,0x000000a489200000)]
  0x0000028e46f59f80 JavaThread "HikariPool-1 connection closer" daemon [_thread_blocked, id=23172, stack(0x000000a48a800000,0x000000a48a900000)]
  0x0000028e46f5a490 JavaThread "HikariPool-1 connection adder" daemon [_thread_blocked, id=2960, stack(0x000000a48ae00000,0x000000a48af00000)]

Other Threads:
  0x0000028e7a42ff30 VMThread "VM Thread" [stack: 0x000000a489800000,0x000000a489900000] [id=16728]
  0x0000028e79ef91d0 WatcherThread [stack: 0x000000a48a500000,0x000000a48a600000] [id=3604]
  0x0000028e5669cb60 GCTaskThread "GC Thread#0" [stack: 0x000000a489300000,0x000000a489400000] [id=13480]
  0x0000028e41263100 GCTaskThread "GC Thread#1" [stack: 0x000000a48a900000,0x000000a48aa00000] [id=22312]
  0x0000028e41304ff0 GCTaskThread "GC Thread#2" [stack: 0x000000a48aa00000,0x000000a48ab00000] [id=8916]
  0x0000028e7f3b7100 GCTaskThread "GC Thread#3" [stack: 0x000000a48ab00000,0x000000a48ac00000] [id=6936]
  0x0000028e7f3b73c0 GCTaskThread "GC Thread#4" [stack: 0x000000a48ac00000,0x000000a48ad00000] [id=25500]
  0x0000028e7f3b7680 GCTaskThread "GC Thread#5" [stack: 0x000000a48ad00000,0x000000a48ae00000] [id=20604]
  0x0000028e41f70d20 GCTaskThread "GC Thread#6" [stack: 0x000000a48b400000,0x000000a48b500000] [id=15400]
  0x0000028e41f96820 GCTaskThread "GC Thread#7" [stack: 0x000000a48b500000,0x000000a48b600000] [id=3532]
  0x0000028e420c9910 GCTaskThread "GC Thread#8" [stack: 0x000000a48b600000,0x000000a48b700000] [id=7372]
  0x0000028e420a0070 GCTaskThread "GC Thread#9" [stack: 0x000000a48b700000,0x000000a48b800000] [id=12508]
  0x0000028e41f0fb60 GCTaskThread "GC Thread#10" [stack: 0x000000a48b800000,0x000000a48b900000] [id=24936]
  0x0000028e424a0be0 GCTaskThread "GC Thread#11" [stack: 0x000000a48b900000,0x000000a48ba00000] [id=24112]
  0x0000028e4261e340 GCTaskThread "GC Thread#12" [stack: 0x000000a48b000000,0x000000a48b100000] [id=22568]
  0x0000028e566ad440 ConcurrentGCThread "G1 Main Marker" [stack: 0x000000a489400000,0x000000a489500000] [id=18868]
  0x0000028e566b0d90 ConcurrentGCThread "G1 Conc#0" [stack: 0x000000a489500000,0x000000a489600000] [id=2844]
  0x0000028e4261eb80 ConcurrentGCThread "G1 Conc#1" [stack: 0x000000a48b300000,0x000000a48b400000] [id=18780]
  0x0000028e4261f3c0 ConcurrentGCThread "G1 Conc#2" [stack: 0x000000a48ba00000,0x000000a48bb00000] [id=13456]
  0x0000028e566dec80 ConcurrentGCThread "G1 Refine#0" [stack: 0x000000a489600000,0x000000a489700000] [id=21288]
  0x0000028e79fb85f0 ConcurrentGCThread "G1 Service" [stack: 0x000000a489700000,0x000000a489800000] [id=22820]

Threads with active compile tasks:
C2 CompilerThread1  5297689 15525 % !   4       java.util.jar.Attributes::read @ 214 (494 bytes)

VM state: not at safepoint (normal execution)

VM Mutex/Monitor currently owned by a thread: None

Heap address: 0x0000000705e00000, size: 4002 MB, Compressed Oops mode: Zero based, Oop shift amount: 3

CDS archive(s) mapped at: [0x0000028e00000000-0x0000028e00bd0000-0x0000028e00bd0000), size 12386304, SharedBaseAddress: 0x0000028e00000000, ArchiveRelocationMode: 1.
Compressed class space mapped at: 0x0000028e01000000-0x0000028e41000000, reserved size: 1073741824
Narrow klass base: 0x0000028e00000000, Narrow klass shift: 0, Narrow klass range: 0x100000000

GC Precious Log:
 CPUs: 16 total, 16 available
 Memory: 16004M
 Large Page Support: Disabled
 NUMA Support: Disabled
 Compressed Oops: Enabled (Zero based)
 Heap Region Size: 2M
 Heap Min Capacity: 8M
 Heap Initial Capacity: 252M
 Heap Max Capacity: 4002M
 Pre-touch: Disabled
 Parallel Workers: 13
 Concurrent Workers: 3
 Concurrent Refinement Workers: 13
 Periodic GC: Disabled

Heap:
 garbage-first heap   total 116736K, used 84198K [0x0000000705e00000, 0x0000000800000000)
  region size 2048K, 20 young (40960K), 1 survivors (2048K)
 Metaspace       used 100547K, committed 101248K, reserved 1179648K
  class space    used 13425K, committed 13760K, reserved 1048576K

Heap Regions: E=young(eden), S=young(survivor), O=old, HS=humongous(starts), HC=humongous(continues), CS=collection set, F=free, OA=open archive, CA=closed archive, TAMS=top-at-mark-start (previous, next)
|   0|0x0000000705e00000, 0x0000000706000000, 0x0000000706000000|100%| O|  |TAMS 0x0000000706000000, 0x0000000705e00000| Untracked 
|   1|0x0000000706000000, 0x0000000706200000, 0x0000000706200000|100%| O|  |TAMS 0x0000000706200000, 0x0000000706000000| Untracked 
|   2|0x0000000706200000, 0x0000000706400000, 0x0000000706400000|100%| O|  |TAMS 0x0000000706400000, 0x0000000706200000| Untracked 
|   3|0x0000000706400000, 0x0000000706600000, 0x0000000706600000|100%| O|  |TAMS 0x0000000706600000, 0x0000000706400000| Untracked 
|   4|0x0000000706600000, 0x0000000706800000, 0x0000000706800000|100%| O|  |TAMS 0x0000000706800000, 0x0000000706600000| Untracked 
|   5|0x0000000706800000, 0x0000000706a00000, 0x0000000706a00000|100%| O|  |TAMS 0x0000000706a00000, 0x0000000706800000| Untracked 
|   6|0x0000000706a00000, 0x0000000706a00000, 0x0000000706c00000|  0%| F|  |TAMS 0x0000000706a00000, 0x0000000706a00000| Untracked 
|   7|0x0000000706c00000, 0x0000000706d3fc00, 0x0000000706e00000| 62%| O|  |TAMS 0x0000000706c00000, 0x0000000706c00000| Untracked 
|   8|0x0000000706e00000, 0x0000000707000000, 0x0000000707000000|100%| O|  |TAMS 0x0000000707000000, 0x0000000706e00000| Untracked 
|   9|0x0000000707000000, 0x0000000707200000, 0x0000000707200000|100%| O|  |TAMS 0x0000000707200000, 0x0000000707000000| Untracked 
|  10|0x0000000707200000, 0x0000000707400000, 0x0000000707400000|100%| O|  |TAMS 0x0000000707400000, 0x0000000707200000| Untracked 
|  11|0x0000000707400000, 0x0000000707600000, 0x0000000707600000|100%| O|  |TAMS 0x0000000707600000, 0x0000000707400000| Untracked 
|  12|0x0000000707600000, 0x0000000707800000, 0x0000000707800000|100%| O|  |TAMS 0x00000007077d6400, 0x0000000707600000| Untracked 
|  13|0x0000000707800000, 0x0000000707a00000, 0x0000000707a00000|100%| O|  |TAMS 0x0000000707a00000, 0x0000000707800000| Untracked 
|  14|0x0000000707a00000, 0x0000000707a00000, 0x0000000707c00000|  0%| F|  |TAMS 0x0000000707a00000, 0x0000000707a00000| Untracked 
|  15|0x0000000707c00000, 0x0000000707e00000, 0x0000000707e00000|100%| O|  |TAMS 0x0000000707e00000, 0x0000000707c00000| Untracked 
|  16|0x0000000707e00000, 0x0000000708000000, 0x0000000708000000|100%| O|  |TAMS 0x0000000708000000, 0x0000000707e00000| Untracked 
|  17|0x0000000708000000, 0x0000000708200000, 0x0000000708200000|100%| O|  |TAMS 0x0000000708200000, 0x0000000708000000| Untracked 
|  18|0x0000000708200000, 0x0000000708400000, 0x0000000708400000|100%| O|  |TAMS 0x0000000708400000, 0x0000000708200000| Untracked 
|  19|0x0000000708400000, 0x0000000708600000, 0x0000000708600000|100%| O|  |TAMS 0x0000000708600000, 0x0000000708400000| Untracked 
|  20|0x0000000708600000, 0x0000000708600000, 0x0000000708800000|  0%| F|  |TAMS 0x0000000708600000, 0x0000000708600000| Untracked 
|  21|0x0000000708800000, 0x0000000708a00000, 0x0000000708a00000|100%| O|  |TAMS 0x0000000708a00000, 0x0000000708800000| Untracked 
|  22|0x0000000708a00000, 0x0000000708a00000, 0x0000000708c00000|  0%| F|  |TAMS 0x0000000708a00000, 0x0000000708a00000| Untracked 
|  23|0x0000000708c00000, 0x0000000708c00000, 0x0000000708e00000|  0%| F|  |TAMS 0x0000000708c00000, 0x0000000708c00000| Untracked 
|  24|0x0000000708e00000, 0x0000000709000000, 0x0000000709000000|100%| O|  |TAMS 0x0000000709000000, 0x0000000708e00000| Untracked 
|  25|0x0000000709000000, 0x0000000709200000, 0x0000000709200000|100%| O|  |TAMS 0x0000000709200000, 0x0000000709000000| Untracked 
|  26|0x0000000709200000, 0x0000000709400000, 0x0000000709400000|100%| O|  |TAMS 0x0000000709400000, 0x0000000709200000| Untracked 
|  27|0x0000000709400000, 0x0000000709600000, 0x0000000709600000|100%| O|  |TAMS 0x0000000709600000, 0x0000000709400000| Untracked 
|  28|0x0000000709600000, 0x0000000709800000, 0x0000000709800000|100%| O|  |TAMS 0x0000000709800000, 0x0000000709600000| Untracked 
|  29|0x0000000709800000, 0x0000000709800000, 0x0000000709a00000|  0%| F|  |TAMS 0x0000000709800000, 0x0000000709800000| Untracked 
|  30|0x0000000709a00000, 0x0000000709a00000, 0x0000000709c00000|  0%| F|  |TAMS 0x0000000709a00000, 0x0000000709a00000| Untracked 
|  31|0x0000000709c00000, 0x0000000709c00000, 0x0000000709e00000|  0%| F|  |TAMS 0x0000000709c00000, 0x0000000709c00000| Untracked 
|  32|0x0000000709e00000, 0x0000000709e00000, 0x000000070a000000|  0%| F|  |TAMS 0x0000000709e00000, 0x0000000709e00000| Untracked 
|  33|0x000000070a000000, 0x000000070a000000, 0x000000070a200000|  0%| F|  |TAMS 0x000000070a000000, 0x000000070a000000| Untracked 
|  34|0x000000070a200000, 0x000000070a200000, 0x000000070a400000|  0%| F|  |TAMS 0x000000070a200000, 0x000000070a200000| Untracked 
|  35|0x000000070a400000, 0x000000070a400000, 0x000000070a600000|  0%| F|  |TAMS 0x000000070a400000, 0x000000070a400000| Untracked 
|  36|0x000000070a600000, 0x000000070a600000, 0x000000070a800000|  0%| F|  |TAMS 0x000000070a600000, 0x000000070a600000| Untracked 
|  37|0x000000070a800000, 0x000000070a9eff68, 0x000000070aa00000| 96%| E|  |TAMS 0x000000070a800000, 0x000000070a800000| Complete 
|  38|0x000000070aa00000, 0x000000070ac00000, 0x000000070ac00000|100%| E|CS|TAMS 0x000000070aa00000, 0x000000070aa00000| Complete 
|  39|0x000000070ac00000, 0x000000070ae00000, 0x000000070ae00000|100%| E|CS|TAMS 0x000000070ac00000, 0x000000070ac00000| Complete 
|  40|0x000000070ae00000, 0x000000070b000000, 0x000000070b000000|100%| E|CS|TAMS 0x000000070ae00000, 0x000000070ae00000| Complete 
|  41|0x000000070b000000, 0x000000070b200000, 0x000000070b200000|100%| E|CS|TAMS 0x000000070b000000, 0x000000070b000000| Complete 
|  42|0x000000070b200000, 0x000000070b400000, 0x000000070b400000|100%| E|CS|TAMS 0x000000070b200000, 0x000000070b200000| Complete 
|  43|0x000000070b400000, 0x000000070b600000, 0x000000070b600000|100%| E|CS|TAMS 0x000000070b400000, 0x000000070b400000| Complete 
|  44|0x000000070b600000, 0x000000070b800000, 0x000000070b800000|100%| E|CS|TAMS 0x000000070b600000, 0x000000070b600000| Complete 
|  45|0x000000070b800000, 0x000000070ba00000, 0x000000070ba00000|100%| E|CS|TAMS 0x000000070b800000, 0x000000070b800000| Complete 
|  46|0x000000070ba00000, 0x000000070bc00000, 0x000000070bc00000|100%| E|  |TAMS 0x000000070ba00000, 0x000000070ba00000| Complete 
|  47|0x000000070bc00000, 0x000000070be00000, 0x000000070be00000|100%| E|CS|TAMS 0x000000070bc00000, 0x000000070bc00000| Complete 
|  48|0x000000070be00000, 0x000000070c000000, 0x000000070c000000|100%| E|CS|TAMS 0x000000070be00000, 0x000000070be00000| Complete 
|  49|0x000000070c000000, 0x000000070c200000, 0x000000070c200000|100%| E|CS|TAMS 0x000000070c000000, 0x000000070c000000| Complete 
|  50|0x000000070c200000, 0x000000070c400000, 0x000000070c400000|100%| E|CS|TAMS 0x000000070c200000, 0x000000070c200000| Complete 
| 111|0x0000000713c00000, 0x0000000713e00000, 0x0000000713e00000|100%| E|CS|TAMS 0x0000000713c00000, 0x0000000713c00000| Complete 
| 112|0x0000000713e00000, 0x0000000714000000, 0x0000000714000000|100%| E|CS|TAMS 0x0000000713e00000, 0x0000000713e00000| Complete 
| 113|0x0000000714000000, 0x0000000714200000, 0x0000000714200000|100%| E|CS|TAMS 0x0000000714000000, 0x0000000714000000| Complete 
| 114|0x0000000714200000, 0x0000000714400000, 0x0000000714400000|100%| E|CS|TAMS 0x0000000714200000, 0x0000000714200000| Complete 
| 115|0x0000000714400000, 0x00000007144f9cc0, 0x0000000714600000| 48%| S|CS|TAMS 0x0000000714400000, 0x0000000714400000| Complete 
| 125|0x0000000715800000, 0x0000000715a00000, 0x0000000715a00000|100%| E|CS|TAMS 0x0000000715800000, 0x0000000715800000| Complete 

Card table byte_map: [0x0000028e6e750000,0x0000028e6ef30000] _byte_map_base: 0x0000028e6af21000

Marking Bits (Prev, Next): (CMBitMap*) 0x0000028e5669d090, (CMBitMap*) 0x0000028e5669d0d0
 Prev Bits: [0x0000028e6f710000, 0x0000028e73598000)
 Next Bits: [0x0000028e735a0000, 0x0000028e77428000)

Polling page: 0x0000028e566e0000

Metaspace:

Usage:
  Non-class:     85.08 MB used.
      Class:     13.11 MB used.
       Both:     98.19 MB used.

Virtual space:
  Non-class space:      128.00 MB reserved,      85.44 MB ( 67%) committed,  2 nodes.
      Class space:        1.00 GB reserved,      13.44 MB (  1%) committed,  1 nodes.
             Both:        1.12 GB reserved,      98.88 MB (  9%) committed. 

Chunk freelists:
   Non-Class:  10.20 MB
       Class:  2.57 MB
        Both:  12.77 MB

MaxMetaspaceSize: unlimited
CompressedClassSpaceSize: 1.00 GB
Initial GC threshold: 21.00 MB
Current GC threshold: 154.69 MB
CDS: on
MetaspaceReclaimPolicy: balanced
 - commit_granule_bytes: 65536.
 - commit_granule_words: 8192.
 - virtual_space_node_default_size: 8388608.
 - enlarge_chunks_in_place: 1.
 - new_chunks_are_fully_committed: 0.
 - uncommit_free_chunks: 1.
 - use_allocation_guard: 0.
 - handle_deallocations: 1.


Internal statistics:

num_allocs_failed_limit: 9.
num_arena_births: 1374.
num_arena_deaths: 264.
num_vsnodes_births: 3.
num_vsnodes_deaths: 0.
num_space_committed: 1582.
num_space_uncommitted: 0.
num_chunks_returned_to_freelist: 305.
num_chunks_taken_from_freelist: 5199.
num_chunk_merges: 99.
num_chunk_splits: 3572.
num_chunks_enlarged: 2640.
num_inconsistent_stats: 0.

CodeHeap 'non-profiled nmethods': size=119168Kb used=9852Kb max_used=9852Kb free=109315Kb
 bounds [0x0000028e65b60000, 0x0000028e66530000, 0x0000028e6cfc0000]
CodeHeap 'profiled nmethods': size=119104Kb used=26384Kb max_used=26426Kb free=92719Kb
 bounds [0x0000028e5dfc0000, 0x0000028e5f9c0000, 0x0000028e65410000]
CodeHeap 'non-nmethods': size=7488Kb used=1433Kb max_used=3182Kb free=6054Kb
 bounds [0x0000028e65410000, 0x0000028e65730000, 0x0000028e65b60000]
 total_blobs=13862 nmethods=13086 adapters=687
 compilation: enabled
              stopped_count=0, restarted_count=0
 full_count=0

Compilation events (20 events):
Event: 5288.701 Thread 0x0000028e43b931b0 15504       3       org.hibernate.persister.entity.AbstractEntityPersister::getSubclassEntityPersister (105 bytes)
Event: 5288.701 Thread 0x0000028e7a47f1b0 nmethod 15505 0x0000028e5f597e10 code [0x0000028e5f597fa0, 0x0000028e5f5980d8]
Event: 5288.702 Thread 0x0000028e43b911d0 nmethod 15506 0x0000028e5ec2d410 code [0x0000028e5ec2d680, 0x0000028e5ec2e458]
Event: 5288.702 Thread 0x0000028e43b931b0 nmethod 15504 0x0000028e5ec2bd90 code [0x0000028e5ec2c000, 0x0000028e5ec2cf98]
Event: 5288.703 Thread 0x0000028e43b93700 nmethod 15468 0x0000028e66220790 code [0x0000028e66220920, 0x0000028e66220ba8]
Event: 5288.703 Thread 0x0000028e43b93700 15500   !   4       com.zaxxer.hikari.pool.HikariProxyResultSet::wasNull (17 bytes)
Event: 5288.705 Thread 0x0000028e43b93700 nmethod 15500 0x0000028e66220310 code [0x0000028e662204a0, 0x0000028e662205d8]
Event: 5288.705 Thread 0x0000028e43b93700 15498       4       java.lang.String::trim (35 bytes)
Event: 5288.712 Thread 0x0000028e43b93700 nmethod 15498 0x0000028e6621f910 code [0x0000028e6621faa0, 0x0000028e66220058]
Event: 5288.712 Thread 0x0000028e43b93700 15499       4       sun.util.calendar.AbstractCalendar::getDayOfWeekDateOnOrBefore (31 bytes)
Event: 5288.712 Thread 0x0000028e43b93700 nmethod 15499 0x0000028e6621f610 code [0x0000028e6621f780, 0x0000028e6621f858]
Event: 5288.712 Thread 0x0000028e43b93700 15464       4       org.hibernate.engine.spi.CollectionKey::<init> (24 bytes)
Event: 5288.724 Thread 0x0000028e43b93c50 nmethod 15495 0x0000028e6621c790 code [0x0000028e6621cae0, 0x0000028e6621df88]
Event: 5288.728 Thread 0x0000028e43b93700 nmethod 15464 0x0000028e65f28490 code [0x0000028e65f28640, 0x0000028e65f28f38]
Event: 5291.978 Thread 0x0000028e7a471c50 nmethod 15457 0x0000028e6650a090 code [0x0000028e6650a980, 0x0000028e66515c20]
Event: 5295.568 Thread 0x0000028e43b93700 15525 % !   4       java.util.jar.Attributes::read @ 214 (494 bytes)
Event: 5295.570 Thread 0x0000028e7a47f1b0 15526       1       org.mariadb.jdbc.message.server.InitialHandshakePacket::getThreadId (5 bytes)
Event: 5295.570 Thread 0x0000028e7a47f1b0 nmethod 15526 0x0000028e6621c490 code [0x0000028e6621c620, 0x0000028e6621c6f8]
Event: 5295.570 Thread 0x0000028e7a47f1b0 15527       1       org.mariadb.jdbc.Configuration::database (5 bytes)
Event: 5295.571 Thread 0x0000028e7a47f1b0 nmethod 15527 0x0000028e6621c190 code [0x0000028e6621c320, 0x0000028e6621c3f8]

GC Heap History (20 events):
Event: 3841.751 GC heap before
{Heap before GC invocations=68 (full 0):
 garbage-first heap   total 116736K, used 100664K [0x0000000705e00000, 0x0000000800000000)
  region size 2048K, 25 young (51200K), 1 survivors (2048K)
 Metaspace       used 92926K, committed 93760K, reserved 1179648K
  class space    used 12702K, committed 13120K, reserved 1048576K
}
Event: 3841.753 GC heap after
{Heap after GC invocations=69 (full 0):
 garbage-first heap   total 116736K, used 51588K [0x0000000705e00000, 0x0000000800000000)
  region size 2048K, 1 young (2048K), 1 survivors (2048K)
 Metaspace       used 92926K, committed 93760K, reserved 1179648K
  class space    used 12702K, committed 13120K, reserved 1048576K
}
Event: 4112.784 GC heap before
{Heap before GC invocations=69 (full 0):
 garbage-first heap   total 116736K, used 100740K [0x0000000705e00000, 0x0000000800000000)
  region size 2048K, 25 young (51200K), 1 survivors (2048K)
 Metaspace       used 92926K, committed 93760K, reserved 1179648K
  class space    used 12702K, committed 13120K, reserved 1048576K
}
Event: 4112.788 GC heap after
{Heap after GC invocations=70 (full 0):
 garbage-first heap   total 116736K, used 51572K [0x0000000705e00000, 0x0000000800000000)
  region size 2048K, 1 young (2048K), 1 survivors (2048K)
 Metaspace       used 92926K, committed 93760K, reserved 1179648K
  class space    used 12702K, committed 13120K, reserved 1048576K
}
Event: 4341.843 GC heap before
{Heap before GC invocations=71 (full 0):
 garbage-first heap   total 116736K, used 100724K [0x0000000705e00000, 0x0000000800000000)
  region size 2048K, 25 young (51200K), 1 survivors (2048K)
 Metaspace       used 93127K, committed 93952K, reserved 1179648K
  class space    used 12648K, committed 13120K, reserved 1048576K
}
Event: 4341.845 GC heap after
{Heap after GC invocations=72 (full 0):
 garbage-first heap   total 116736K, used 51909K [0x0000000705e00000, 0x0000000800000000)
  region size 2048K, 1 young (2048K), 1 survivors (2048K)
 Metaspace       used 93127K, committed 93952K, reserved 1179648K
  class space    used 12648K, committed 13120K, reserved 1048576K
}
Event: 4351.803 GC heap before
{Heap before GC invocations=72 (full 0):
 garbage-first heap   total 116736K, used 53957K [0x0000000705e00000, 0x0000000800000000)
  region size 2048K, 2 young (4096K), 1 survivors (2048K)
 Metaspace       used 93134K, committed 93952K, reserved 1179648K
  class space    used 12648K, committed 13120K, reserved 1048576K
}
Event: 4351.813 GC heap after
{Heap after GC invocations=73 (full 0):
 garbage-first heap   total 116736K, used 48534K [0x0000000705e00000, 0x0000000800000000)
  region size 2048K, 1 young (2048K), 1 survivors (2048K)
 Metaspace       used 93134K, committed 93952K, reserved 1179648K
  class space    used 12648K, committed 13120K, reserved 1048576K
}
Event: 4528.457 GC heap before
{Heap before GC invocations=73 (full 0):
 garbage-first heap   total 116736K, used 99734K [0x0000000705e00000, 0x0000000800000000)
  region size 2048K, 26 young (53248K), 1 survivors (2048K)
 Metaspace       used 93738K, committed 94528K, reserved 1179648K
  class space    used 12652K, committed 13120K, reserved 1048576K
}
Event: 4528.459 GC heap after
{Heap after GC invocations=74 (full 0):
 garbage-first heap   total 116736K, used 49918K [0x0000000705e00000, 0x0000000800000000)
  region size 2048K, 1 young (2048K), 1 survivors (2048K)
 Metaspace       used 93738K, committed 94528K, reserved 1179648K
  class space    used 12652K, committed 13120K, reserved 1048576K
}
Event: 4749.858 GC heap before
{Heap before GC invocations=75 (full 0):
 garbage-first heap   total 116736K, used 101118K [0x0000000705e00000, 0x0000000800000000)
  region size 2048K, 26 young (53248K), 1 survivors (2048K)
 Metaspace       used 93877K, committed 94656K, reserved 1179648K
  class space    used 12653K, committed 13120K, reserved 1048576K
}
Event: 4749.862 GC heap after
{Heap after GC invocations=76 (full 0):
 garbage-first heap   total 116736K, used 50467K [0x0000000705e00000, 0x0000000800000000)
  region size 2048K, 2 young (4096K), 2 survivors (4096K)
 Metaspace       used 93877K, committed 94656K, reserved 1179648K
  class space    used 12653K, committed 13120K, reserved 1048576K
}
Event: 4758.107 GC heap before
{Heap before GC invocations=76 (full 0):
 garbage-first heap   total 116736K, used 52515K [0x0000000705e00000, 0x0000000800000000)
  region size 2048K, 3 young (6144K), 2 survivors (4096K)
 Metaspace       used 93879K, committed 94656K, reserved 1179648K
  class space    used 12653K, committed 13120K, reserved 1048576K
}
Event: 4758.113 GC heap after
{Heap after GC invocations=77 (full 0):
 garbage-first heap   total 116736K, used 49627K [0x0000000705e00000, 0x0000000800000000)
  region size 2048K, 1 young (2048K), 1 survivors (2048K)
 Metaspace       used 93879K, committed 94656K, reserved 1179648K
  class space    used 12653K, committed 13120K, reserved 1048576K
}
Event: 4970.016 GC heap before
{Heap before GC invocations=77 (full 0):
 garbage-first heap   total 116736K, used 98779K [0x0000000705e00000, 0x0000000800000000)
  region size 2048K, 26 young (53248K), 1 survivors (2048K)
 Metaspace       used 94186K, committed 95040K, reserved 1179648K
  class space    used 12681K, committed 13120K, reserved 1048576K
}
Event: 4970.019 GC heap after
{Heap after GC invocations=78 (full 0):
 garbage-first heap   total 116736K, used 49802K [0x0000000705e00000, 0x0000000800000000)
  region size 2048K, 1 young (2048K), 1 survivors (2048K)
 Metaspace       used 94186K, committed 95040K, reserved 1179648K
  class space    used 12681K, committed 13120K, reserved 1048576K
}
Event: 5226.357 GC heap before
{Heap before GC invocations=79 (full 0):
 garbage-first heap   total 116736K, used 101002K [0x0000000705e00000, 0x0000000800000000)
  region size 2048K, 26 young (53248K), 1 survivors (2048K)
 Metaspace       used 94221K, committed 95040K, reserved 1179648K
  class space    used 12681K, committed 13120K, reserved 1048576K
}
Event: 5226.359 GC heap after
{Heap after GC invocations=80 (full 0):
 garbage-first heap   total 116736K, used 49912K [0x0000000705e00000, 0x0000000800000000)
  region size 2048K, 1 young (2048K), 1 survivors (2048K)
 Metaspace       used 94221K, committed 95040K, reserved 1179648K
  class space    used 12681K, committed 13120K, reserved 1048576K
}
Event: 5237.127 GC heap before
{Heap before GC invocations=80 (full 0):
 garbage-first heap   total 116736K, used 51960K [0x0000000705e00000, 0x0000000800000000)
  region size 2048K, 2 young (4096K), 1 survivors (2048K)
 Metaspace       used 94221K, committed 95040K, reserved 1179648K
  class space    used 12681K, committed 13120K, reserved 1048576K
}
Event: 5237.137 GC heap after
{Heap after GC invocations=81 (full 0):
 garbage-first heap   total 116736K, used 49382K [0x0000000705e00000, 0x0000000800000000)
  region size 2048K, 1 young (2048K), 1 survivors (2048K)
 Metaspace       used 94221K, committed 95040K, reserved 1179648K
  class space    used 12681K, committed 13120K, reserved 1048576K
}

Deoptimization events (20 events):
Event: 5284.424 Thread 0x0000028e4b8cd650 Uncommon trap: trap_request=0xffffff45 fr.pc=0x0000028e661ddb48 relative=0x0000000000000948
Event: 5284.424 Thread 0x0000028e4b8cd650 Uncommon trap: reason=unstable_if action=reinterpret pc=0x0000028e661ddb48 method=java.util.StringTokenizer.scanToken(I)I @ 96 c2
Event: 5284.424 Thread 0x0000028e4b8cd650 DEOPT PACKING pc=0x0000028e661ddb48 sp=0x000000a48c7f9d30
Event: 5284.424 Thread 0x0000028e4b8cd650 DEOPT UNPACKING pc=0x0000028e654623a3 sp=0x000000a48c7f9c88 mode 2
Event: 5285.182 Thread 0x0000028e4b8cd650 Uncommon trap: trap_request=0xffffff45 fr.pc=0x0000028e6641bed0 relative=0x0000000000000330
Event: 5285.182 Thread 0x0000028e4b8cd650 Uncommon trap: reason=unstable_if action=reinterpret pc=0x0000028e6641bed0 method=java.lang.StringCoding.implEncodeAsciiArray([CI[BII)I @ 23 c2
Event: 5285.182 Thread 0x0000028e4b8cd650 DEOPT PACKING pc=0x0000028e6641bed0 sp=0x000000a48c7f9020
Event: 5285.182 Thread 0x0000028e4b8cd650 DEOPT UNPACKING pc=0x0000028e654623a3 sp=0x000000a48c7f8fc0 mode 2
Event: 5288.589 Thread 0x0000028e4b8ce070 DEOPT PACKING pc=0x0000028e5f5d83b5 sp=0x000000a48cff68a0
Event: 5288.589 Thread 0x0000028e4b8ce070 DEOPT UNPACKING pc=0x0000028e65462b43 sp=0x000000a48cff5dd8 mode 0
Event: 5288.611 Thread 0x0000028e4b8ce070 DEOPT PACKING pc=0x0000028e5f5d83b5 sp=0x000000a48cff68a0
Event: 5288.611 Thread 0x0000028e4b8ce070 DEOPT UNPACKING pc=0x0000028e65462b43 sp=0x000000a48cff5dd8 mode 0
Event: 5288.634 Thread 0x0000028e4b8ce070 DEOPT PACKING pc=0x0000028e5f5d83b5 sp=0x000000a48cff7b60
Event: 5288.634 Thread 0x0000028e4b8ce070 DEOPT UNPACKING pc=0x0000028e65462b43 sp=0x000000a48cff7098 mode 0
Event: 5288.669 Thread 0x0000028e4b8cc720 DEOPT PACKING pc=0x0000028e5f5d83b5 sp=0x000000a48caf6af0
Event: 5288.669 Thread 0x0000028e4b8cc720 DEOPT UNPACKING pc=0x0000028e65462b43 sp=0x000000a48caf6028 mode 0
Event: 5288.677 Thread 0x0000028e4b8cc720 DEOPT PACKING pc=0x0000028e5f5d83b5 sp=0x000000a48caf6af0
Event: 5288.677 Thread 0x0000028e4b8cc720 DEOPT UNPACKING pc=0x0000028e65462b43 sp=0x000000a48caf6028 mode 0
Event: 5288.694 Thread 0x0000028e4b8cc720 DEOPT PACKING pc=0x0000028e5f5d83b5 sp=0x000000a48caf7d40
Event: 5288.694 Thread 0x0000028e4b8cc720 DEOPT UNPACKING pc=0x0000028e65462b43 sp=0x000000a48caf7278 mode 0

Classes unloaded (20 events):
Event: 4112.819 Thread 0x0000028e7a42ff30 Unloading class 0x0000028e01129000 'java/lang/invoke/LambdaForm$DMH+0x0000028e01129000'
Event: 4112.819 Thread 0x0000028e7a42ff30 Unloading class 0x0000028e01111c00 'java/lang/invoke/LambdaForm$MH+0x0000028e01111c00'
Event: 4112.819 Thread 0x0000028e7a42ff30 Unloading class 0x0000028e01111800 'java/lang/invoke/LambdaForm$MH+0x0000028e01111800'
Event: 4112.819 Thread 0x0000028e7a42ff30 Unloading class 0x0000028e01111400 'java/lang/invoke/LambdaForm$MH+0x0000028e01111400'
Event: 4112.819 Thread 0x0000028e7a42ff30 Unloading class 0x0000028e01111000 'java/lang/invoke/LambdaForm$MH+0x0000028e01111000'
Event: 4112.819 Thread 0x0000028e7a42ff30 Unloading class 0x0000028e01110c00 'java/lang/invoke/LambdaForm$MH+0x0000028e01110c00'
Event: 4112.819 Thread 0x0000028e7a42ff30 Unloading class 0x0000028e01110800 'java/lang/invoke/LambdaForm$MH+0x0000028e01110800'
Event: 4112.819 Thread 0x0000028e7a42ff30 Unloading class 0x0000028e01110400 'java/lang/invoke/LambdaForm$MH+0x0000028e01110400'
Event: 4112.819 Thread 0x0000028e7a42ff30 Unloading class 0x0000028e01110000 'java/lang/invoke/LambdaForm$MH+0x0000028e01110000'
Event: 4112.819 Thread 0x0000028e7a42ff30 Unloading class 0x0000028e01014c00 'java/lang/invoke/LambdaForm$MH+0x0000028e01014c00'
Event: 4112.819 Thread 0x0000028e7a42ff30 Unloading class 0x0000028e01014800 'java/lang/invoke/LambdaForm$MH+0x0000028e01014800'
Event: 4112.819 Thread 0x0000028e7a42ff30 Unloading class 0x0000028e01014000 'java/lang/invoke/LambdaForm$MH+0x0000028e01014000'
Event: 4112.819 Thread 0x0000028e7a42ff30 Unloading class 0x0000028e01012c00 'java/lang/invoke/LambdaForm$MH+0x0000028e01012c00'
Event: 4112.819 Thread 0x0000028e7a42ff30 Unloading class 0x0000028e01012400 'java/lang/invoke/LambdaForm$MH+0x0000028e01012400'
Event: 4112.819 Thread 0x0000028e7a42ff30 Unloading class 0x0000028e01012000 'java/lang/invoke/LambdaForm$MH+0x0000028e01012000'
Event: 4112.819 Thread 0x0000028e7a42ff30 Unloading class 0x0000028e01011c00 'java/lang/invoke/LambdaForm$MH+0x0000028e01011c00'
Event: 4112.819 Thread 0x0000028e7a42ff30 Unloading class 0x0000028e01011800 'java/lang/invoke/LambdaForm$MH+0x0000028e01011800'
Event: 4112.819 Thread 0x0000028e7a42ff30 Unloading class 0x0000028e01011400 'java/lang/invoke/LambdaForm$MH+0x0000028e01011400'
Event: 4112.819 Thread 0x0000028e7a42ff30 Unloading class 0x0000028e01010c00 'java/lang/invoke/LambdaForm$MH+0x0000028e01010c00'
Event: 4112.819 Thread 0x0000028e7a42ff30 Unloading class 0x0000028e01010400 'java/lang/invoke/LambdaForm$MH+0x0000028e01010400'

Classes redefined (0 events):
No events

Internal exceptions (20 events):
Event: 4889.280 Thread 0x0000028e4b8cd650 Implicit null exception at 0x0000028e65de3e38 to 0x0000028e65de47f0
Event: 4889.280 Thread 0x0000028e4b8cd650 Implicit null exception at 0x0000028e65d9bc32 to 0x0000028e65d9c340
Event: 4889.281 Thread 0x0000028e4b8cd650 Implicit null exception at 0x0000028e65c67f58 to 0x0000028e65c68abc
Event: 4889.288 Thread 0x0000028e4b8cd650 Implicit null exception at 0x0000028e65dde7eb to 0x0000028e65de1254
Event: 4889.389 Thread 0x0000028e4b8cd650 Implicit null exception at 0x0000028e663b13ba to 0x0000028e663b1e28
Event: 4889.433 Thread 0x0000028e4b8cd650 Implicit null exception at 0x0000028e66434f30 to 0x0000028e66434fe4
Event: 5252.106 Thread 0x0000028e4b8ccc30 Exception <a 'java/lang/NoSuchMethodError'{0x000000070c2294c8}: 'int java.lang.invoke.DirectMethodHandle$Holder.invokeStatic(java.lang.Object, java.lang.Object, int, int)'> (0x000000070c2294c8) 
thrown [s\open\src\hotspot\share\interpreter\linkResolver.cpp, line 759]
Event: 5252.228 Thread 0x0000028e4b8ccc30 Exception <a 'java/lang/NoSuchMethodError'{0x000000070c001af0}: 'java.lang.Object java.lang.invoke.Invokers$Holder.linkToTargetMethod(java.lang.Object, int, java.lang.Object, java.lang.Object, java.lang.Object, java.lang.Object)'> (0x000000070c001af0) 
thrown [s\open\src\hotspot\share\interpreter\linkResolver.cpp, line 759]
Event: 5252.230 Thread 0x0000028e4b8ccc30 Exception <a 'java/lang/NoSuchMethodError'{0x000000070c00efa0}: 'int java.lang.invoke.DirectMethodHandle$Holder.invokeStatic(java.lang.Object, java.lang.Object, int, java.lang.Object)'> (0x000000070c00efa0) 
thrown [s\open\src\hotspot\share\interpreter\linkResolver.cpp, line 759]
Event: 5252.233 Thread 0x0000028e4b8ccc30 Exception <a 'java/lang/NoSuchMethodError'{0x000000070c0191c0}: 'void java.lang.invoke.DirectMethodHandle$Holder.invokeStatic(java.lang.Object, int, java.lang.Object, java.lang.Object, java.lang.Object, java.lang.Object)'> (0x000000070c0191c0) 
thrown [s\open\src\hotspot\share\interpreter\linkResolver.cpp, line 759]
Event: 5282.149 Thread 0x0000028e4b8cd650 Exception <a 'java/io/FileNotFoundException'{0x000000070bbc5b78}> (0x000000070bbc5b78) 
thrown [s\open\src\hotspot\share\prims\jni.cpp, line 516]
Event: 5282.174 Thread 0x0000028e4b8cd650 Exception <a 'java/lang/NullPointerException'{0x000000070b865748}> (0x000000070b865748) 
thrown [s\open\src\hotspot\share\interpreter\linkResolver.cpp, line 1350]
Event: 5282.174 Thread 0x0000028e4b8cd650 Exception <a 'java/lang/NullPointerException'{0x000000070b866248}> (0x000000070b866248) 
thrown [s\open\src\hotspot\share\interpreter\linkResolver.cpp, line 1350]
Event: 5282.174 Thread 0x0000028e4b8cd650 Exception <a 'java/lang/NullPointerException'{0x000000070b866d48}> (0x000000070b866d48) 
thrown [s\open\src\hotspot\share\interpreter\linkResolver.cpp, line 1350]
Event: 5282.181 Thread 0x0000028e4b8cd650 Exception <a 'java/lang/NullPointerException'{0x000000070b89d998}> (0x000000070b89d998) 
thrown [s\open\src\hotspot\share\interpreter\linkResolver.cpp, line 1350]
Event: 5282.181 Thread 0x0000028e4b8cd650 Exception <a 'java/lang/NullPointerException'{0x000000070b89e498}> (0x000000070b89e498) 
thrown [s\open\src\hotspot\share\interpreter\linkResolver.cpp, line 1350]
Event: 5282.181 Thread 0x0000028e4b8cd650 Exception <a 'java/lang/NullPointerException'{0x000000070b89ef98}> (0x000000070b89ef98) 
thrown [s\open\src\hotspot\share\interpreter\linkResolver.cpp, line 1350]
Event: 5282.182 Thread 0x0000028e4b8cd650 Exception <a 'java/io/FileNotFoundException'{0x000000070b8b1230}> (0x000000070b8b1230) 
thrown [s\open\src\hotspot\share\prims\jni.cpp, line 516]
Event: 5284.417 Thread 0x0000028e4b8cd650 Exception <a 'java/io/FileNotFoundException'{0x000000070aed56b8}> (0x000000070aed56b8) 
thrown [s\open\src\hotspot\share\prims\jni.cpp, line 516]
Event: 5284.418 Thread 0x0000028e4b8cd650 Exception <a 'java/io/FileNotFoundException'{0x000000070aee21a0}> (0x000000070aee21a0) 
thrown [s\open\src\hotspot\share\prims\jni.cpp, line 516]

VM Operations (20 events):
Event: 5283.124 Executing VM operation: HandshakeAllThreads
Event: 5283.124 Executing VM operation: HandshakeAllThreads done
Event: 5283.124 Executing VM operation: Cleanup
Event: 5283.124 Executing VM operation: Cleanup done
Event: 5283.246 Executing VM operation: HandshakeAllThreads
Event: 5283.246 Executing VM operation: HandshakeAllThreads done
Event: 5283.267 Executing VM operation: HandshakeAllThreads
Event: 5283.267 Executing VM operation: HandshakeAllThreads done
Event: 5284.271 Executing VM operation: Cleanup
Event: 5284.271 Executing VM operation: Cleanup done
Event: 5285.285 Executing VM operation: Cleanup
Event: 5285.285 Executing VM operation: Cleanup done
Event: 5286.293 Executing VM operation: Cleanup
Event: 5286.293 Executing VM operation: Cleanup done
Event: 5289.310 Executing VM operation: Cleanup
Event: 5289.311 Executing VM operation: Cleanup done
Event: 5291.327 Executing VM operation: Cleanup
Event: 5291.327 Executing VM operation: Cleanup done
Event: 5291.531 Executing VM operation: HandshakeAllThreads
Event: 5291.531 Executing VM operation: HandshakeAllThreads done

Events (20 events):
Event: 5284.094 Thread 0x0000028e43b931b0 Thread exited: 0x0000028e43b931b0
Event: 5284.094 Thread 0x0000028e43b90730 Thread exited: 0x0000028e43b90730
Event: 5286.034 loading class sun/security/ssl/Alert
Event: 5286.036 loading class sun/security/ssl/Alert done
Event: 5286.037 loading class sun/security/ssl/Alert$AlertConsumer
Event: 5286.037 loading class sun/security/ssl/Alert$AlertConsumer done
Event: 5286.037 loading class sun/security/ssl/Alert$Level
Event: 5286.037 loading class sun/security/ssl/Alert$Level done
Event: 5286.038 Thread 0x0000028e43b93700 Thread exited: 0x0000028e43b93700
Event: 5288.605 Thread 0x0000028e43b911d0 Thread added: 0x0000028e43b911d0
Event: 5288.605 Thread 0x0000028e43b931b0 Thread added: 0x0000028e43b931b0
Event: 5288.696 Thread 0x0000028e43b93700 Thread added: 0x0000028e43b93700
Event: 5288.697 Thread 0x0000028e43b93c50 Thread added: 0x0000028e43b93c50
Event: 5288.697 Thread 0x0000028e43b941a0 Thread added: 0x0000028e43b941a0
Event: 5290.793 Thread 0x0000028e46f59f80 Thread added: 0x0000028e46f59f80
Event: 5290.794 Thread 0x0000028e46f5a490 Thread added: 0x0000028e46f5a490
Event: 5293.706 Thread 0x0000028e43b941a0 Thread exited: 0x0000028e43b941a0
Event: 5293.737 Thread 0x0000028e43b931b0 Thread exited: 0x0000028e43b931b0
Event: 5293.737 Thread 0x0000028e43b93c50 Thread exited: 0x0000028e43b93c50
Event: 5295.568 Thread 0x0000028e43b911d0 Thread exited: 0x0000028e43b911d0


Dynamic libraries:
0x00007ff70c8c0000 - 0x00007ff70c8d0000 	D:\Java\bin\java.exe
0x00007ffdabf80000 - 0x00007ffdac1e0000 	C:\WINDOWS\SYSTEM32\ntdll.dll
0x00007ffdaa020000 - 0x00007ffdaa0e7000 	C:\WINDOWS\System32\KERNEL32.DLL
0x00007ffda97d0000 - 0x00007ffda9b9a000 	C:\WINDOWS\System32\KERNELBASE.dll
0x00007ffda9c30000 - 0x00007ffda9d7b000 	C:\WINDOWS\System32\ucrtbase.dll
0x00007ffd64650000 - 0x00007ffd64669000 	D:\Java\bin\jli.dll
0x00007ffd5ab10000 - 0x00007ffd5ab2b000 	D:\Java\bin\VCRUNTIME140.dll
0x00007ffdab6a0000 - 0x00007ffdab752000 	C:\WINDOWS\System32\ADVAPI32.dll
0x00007ffdab4f0000 - 0x00007ffdab599000 	C:\WINDOWS\System32\msvcrt.dll
0x00007ffda9f70000 - 0x00007ffdaa016000 	C:\WINDOWS\System32\sechost.dll
0x00007ffdab940000 - 0x00007ffdaba56000 	C:\WINDOWS\System32\RPCRT4.dll
0x00007ffdaa1a0000 - 0x00007ffdaa36c000 	C:\WINDOWS\System32\USER32.dll
0x00007ffda9450000 - 0x00007ffda9477000 	C:\WINDOWS\System32\win32u.dll
0x00007ffdab4c0000 - 0x00007ffdab4ea000 	C:\WINDOWS\System32\GDI32.dll
0x00007ffda9690000 - 0x00007ffda97c1000 	C:\WINDOWS\System32\gdi32full.dll
0x00007ffda9220000 - 0x00007ffda92c3000 	C:\WINDOWS\System32\msvcp_win.dll
0x00007ffd8b0f0000 - 0x00007ffd8b387000 	C:\WINDOWS\WinSxS\amd64_microsoft.windows.common-controls_6595b64144ccf1df_6.0.26100.3624_none_3e086962e3345f24\COMCTL32.dll
0x00007ffda2500000 - 0x00007ffda250b000 	C:\WINDOWS\SYSTEM32\VERSION.dll
0x00007ffdabf00000 - 0x00007ffdabf2f000 	C:\WINDOWS\System32\IMM32.DLL
0x00007ffd927c0000 - 0x00007ffd927cc000 	D:\Java\bin\vcruntime140_1.dll
0x00007ffd37650000 - 0x00007ffd376de000 	D:\Java\bin\msvcp140.dll
0x00007ffd0f9a0000 - 0x00007ffd1057f000 	D:\Java\bin\server\jvm.dll
0x00007ffdab5a0000 - 0x00007ffdab5a8000 	C:\WINDOWS\System32\PSAPI.DLL
0x00007ffd9fb00000 - 0x00007ffd9fb36000 	C:\WINDOWS\SYSTEM32\WINMM.dll
0x00007ffd880a0000 - 0x00007ffd880aa000 	C:\WINDOWS\SYSTEM32\WSOCK32.dll
0x00007ffdab2a0000 - 0x00007ffdab314000 	C:\WINDOWS\System32\WS2_32.dll
0x00007ffda8090000 - 0x00007ffda80aa000 	C:\WINDOWS\SYSTEM32\kernel.appcore.dll
0x00007ffd906a0000 - 0x00007ffd906aa000 	D:\Java\bin\jimage.dll
0x00007ffda6830000 - 0x00007ffda6a71000 	C:\WINDOWS\SYSTEM32\DBGHELP.DLL
0x00007ffdabb60000 - 0x00007ffdabee2000 	C:\WINDOWS\System32\combase.dll
0x00007ffdaa600000 - 0x00007ffdaa6d6000 	C:\WINDOWS\System32\OLEAUT32.dll
0x00007ffd7c450000 - 0x00007ffd7c489000 	C:\WINDOWS\SYSTEM32\dbgcore.DLL
0x00007ffda95f0000 - 0x00007ffda9689000 	C:\WINDOWS\System32\bcryptPrimitives.dll
0x00007ffd59290000 - 0x00007ffd592b5000 	D:\Java\bin\java.dll
0x00007ffd0f8c0000 - 0x00007ffd0f997000 	D:\Java\bin\jsvml.dll
0x00007ffdaa6e0000 - 0x00007ffdaae09000 	C:\WINDOWS\System32\SHELL32.dll
0x00007ffda9480000 - 0x00007ffda95e8000 	C:\WINDOWS\System32\wintypes.dll
0x00007ffda6df0000 - 0x00007ffda7642000 	C:\WINDOWS\SYSTEM32\windows.storage.dll
0x00007ffdab5b0000 - 0x00007ffdab69d000 	C:\WINDOWS\System32\SHCORE.dll
0x00007ffdaba60000 - 0x00007ffdabac4000 	C:\WINDOWS\System32\shlwapi.dll
0x00007ffda9070000 - 0x00007ffda909f000 	C:\WINDOWS\SYSTEM32\profapi.dll
0x00007ffd49110000 - 0x00007ffd49129000 	D:\Java\bin\net.dll
0x00007ffda1da0000 - 0x00007ffda1ebd000 	C:\WINDOWS\SYSTEM32\WINHTTP.dll
0x00007ffda85b0000 - 0x00007ffda861a000 	C:\WINDOWS\system32\mswsock.dll
0x00007ffd45bb0000 - 0x00007ffd45bc6000 	D:\Java\bin\nio.dll
0x00007ffd49130000 - 0x00007ffd49148000 	D:\Java\bin\zip.dll
0x00007ffd78390000 - 0x00007ffd7839a000 	D:\Java\bin\management.dll
0x00007ffd6f070000 - 0x00007ffd6f07b000 	D:\Java\bin\management_ext.dll
0x00007ffd67fb0000 - 0x00007ffd67fbe000 	D:\Java\bin\sunmscapi.dll
0x00007ffda92d0000 - 0x00007ffda9447000 	C:\WINDOWS\System32\CRYPT32.dll
0x00007ffda8a50000 - 0x00007ffda8a80000 	C:\WINDOWS\SYSTEM32\ncrypt.dll
0x00007ffda8a00000 - 0x00007ffda8a3f000 	C:\WINDOWS\SYSTEM32\NTASN1.dll
0x00007ffda8850000 - 0x00007ffda886c000 	C:\WINDOWS\SYSTEM32\CRYPTSP.dll
0x00007ffda7ff0000 - 0x00007ffda802a000 	C:\WINDOWS\system32\rsaenh.dll
0x00007ffda8650000 - 0x00007ffda867b000 	C:\WINDOWS\SYSTEM32\USERENV.dll
0x00007ffda9040000 - 0x00007ffda9066000 	C:\WINDOWS\SYSTEM32\bcrypt.dll
0x00007ffda8870000 - 0x00007ffda887c000 	C:\WINDOWS\SYSTEM32\CRYPTBASE.dll
0x00007ffda79f0000 - 0x00007ffda7a23000 	C:\WINDOWS\SYSTEM32\IPHLPAPI.DLL
0x00007ffda9f60000 - 0x00007ffda9f6a000 	C:\WINDOWS\System32\NSI.dll
0x00007ffda2520000 - 0x00007ffda253f000 	C:\WINDOWS\SYSTEM32\dhcpcsvc6.DLL
0x00007ffda24d0000 - 0x00007ffda24f5000 	C:\WINDOWS\SYSTEM32\dhcpcsvc.DLL
0x00007ffda7a80000 - 0x00007ffda7ba5000 	C:\WINDOWS\SYSTEM32\DNSAPI.dll
0x00007ffd82e30000 - 0x00007ffd82e40000 	D:\Java\bin\verify.dll
0x00007ffda2590000 - 0x00007ffda259b000 	C:\Windows\System32\rasadhlp.dll
0x00007ffda2770000 - 0x00007ffda27f5000 	C:\WINDOWS\System32\fwpuclnt.dll
0x00007ffd96a20000 - 0x00007ffd96a28000 	C:\WINDOWS\system32\wshunix.dll
0x00007ffd785b0000 - 0x00007ffd785c8000 	C:\WINDOWS\system32\napinsp.dll
0x00007ffd77e60000 - 0x00007ffd77e72000 	C:\WINDOWS\System32\winrnr.dll
0x00007ffd77e20000 - 0x00007ffd77e50000 	C:\WINDOWS\system32\nlansp_c.dll
0x00007ffd9e780000 - 0x00007ffd9e796000 	C:\WINDOWS\system32\wshbth.dll

dbghelp: loaded successfully - version: 4.0.5 - missing functions: none
symbol engine: initialized successfully - sym options: 0x614 - pdb path: .;D:\Java\bin;C:\WINDOWS\SYSTEM32;C:\WINDOWS\WinSxS\amd64_microsoft.windows.common-controls_6595b64144ccf1df_6.0.26100.3624_none_3e086962e3345f24;D:\Java\bin\server

VM Arguments:
jvm_args: -Dfile.encoding=UTF-8 -Duser.country=US -Duser.language=en -Duser.variant 
java_command: com.example.spa.SpaMassageServerApplication
java_class_path (initial): D:\Demo_DoAn\KLTN2025ProJect\spa-massage-server-2\build\classes\java\main;D:\Demo_DoAn\KLTN2025ProJect\spa-massage-server-2\build\resources\main;C:\Users\ASUS\.gradle\caches\modules-2\files-2.1\org.springframework.boot\spring-boot-devtools\3.3.7\d9b55ae1055ad53e262cf30f1355fded17c997c2\spring-boot-devtools-3.3.7.jar;C:\Users\ASUS\.gradle\caches\modules-2\files-2.1\org.springframework.boot\spring-boot-starter-data-jpa\3.3.7\ebb2f9a58580b86e310ca9a5a28becf895970b7c\spring-boot-starter-data-jpa-3.3.7.jar;C:\Users\ASUS\.gradle\caches\modules-2\files-2.1\org.springframework.boot\spring-boot-starter-data-redis\3.3.7\c15e71ccacce0abfc9feb8b03c25dbd4ccbcd3d7\spring-boot-starter-data-redis-3.3.7.jar;C:\Users\ASUS\.gradle\caches\modules-2\files-2.1\org.springframework.boot\spring-boot-starter-mail\3.3.5\f5cfe4b8e82221ed6fc568ad69435e134081d043\spring-boot-starter-mail-3.3.5.jar;C:\Users\ASUS\.gradle\caches\modules-2\files-2.1\org.springframework.boot\spring-boot-starter-security\3.3.7\af030ae8d8ba9f5000d5e9061336b64271664b92\spring-boot-starter-security-3.3.7.jar;C:\Users\ASUS\.gradle\caches\modules-2\files-2.1\org.springframework.boot\spring-boot-starter-validation\3.3.7\fcfd70e8a02de2e65afb68d31eb1737e1fdaa8ba\spring-boot-starter-validation-3.3.7.jar;C:\Users\ASUS\.gradle\caches\modules-2\files-2.1\org.springframework.boot\spring-boot-starter-web\3.3.7\75a362710036e1e597fb92df9f793561517cc821\spring-boot-starter-web-3.3.7.jar;C:\Users\ASUS\.gradle\caches\modules-2\files-2.1\io.jsonwebtoken\jjwt-impl\0.11.2\8fd8acf9d3cb9a2db05bfa484c2a1408cc3507f9\jjwt-impl-0.11.2.jar;C:\Users\ASUS\.gradle\caches\modules-2\files-2.1\io.jsonwebtoken\jjwt-jackson\0.11.2\bff0b63d4cbace7b38551a70350875e69201ffeb\jjwt-jackson-0.11.2.jar;C:\Users\ASUS\.gradle\caches\modules-2\files-2.1\io.jsonwebtoken\jjwt-api\0.11.2\57c34dce3e88f2972c5c5465b6291acfb5628084\jjwt-api-0.11.2.jar;C:\Users\ASUS\.gradle\caches\modules-2\files-2.1\org.springdoc\springdoc-openapi-starter-webm
Launcher Type: SUN_STANDARD

[Global flags]
     intx CICompilerCount                          = 12                                        {product} {ergonomic}
     uint ConcGCThreads                            = 3                                         {product} {ergonomic}
     uint G1ConcRefinementThreads                  = 13                                        {product} {ergonomic}
   size_t G1HeapRegionSize                         = 2097152                                   {product} {ergonomic}
    uintx GCDrainStackTargetSize                   = 64                                        {product} {ergonomic}
   size_t InitialHeapSize                          = 264241152                                 {product} {ergonomic}
   size_t MarkStackSize                            = 4194304                                   {product} {ergonomic}
   size_t MaxHeapSize                              = 4196401152                                {product} {ergonomic}
   size_t MaxNewSize                               = 2516582400                                {product} {ergonomic}
   size_t MinHeapDeltaBytes                        = 2097152                                   {product} {ergonomic}
   size_t MinHeapSize                              = 8388608                                   {product} {ergonomic}
    uintx NonNMethodCodeHeapSize                   = 7602480                                {pd product} {ergonomic}
    uintx NonProfiledCodeHeapSize                  = 122027880                              {pd product} {ergonomic}
    uintx ProfiledCodeHeapSize                     = 122027880                              {pd product} {ergonomic}
    uintx ReservedCodeCacheSize                    = 251658240                              {pd product} {ergonomic}
     bool SegmentedCodeCache                       = true                                      {product} {ergonomic}
   size_t SoftMaxHeapSize                          = 4196401152                             {manageable} {ergonomic}
     bool UseCompressedClassPointers               = true                           {product lp64_product} {ergonomic}
     bool UseCompressedOops                        = true                           {product lp64_product} {ergonomic}
     bool UseG1GC                                  = true                                      {product} {ergonomic}
     bool UseLargePagesIndividualAllocation        = false                                  {pd product} {ergonomic}

Logging:
Log output configuration:
 #0: stdout all=warning uptime,level,tags
 #1: stderr all=off uptime,level,tags

Environment Variables:
PATH=C:\Program Files\Common Files\Oracle\Java\javapath;C:\Windows\system32;C:\Windows;C:\Windows\System32\Wbem;C:\Windows\System32\WindowsPowerShell\v1.0\;C:\Windows\System32\OpenSSH\;C:\Program Files (x86)\NVIDIA Corporation\PhysX\Common;C:\Program Files\nodejs\;C:\Program Files\dotnet\;C:\Program Files\MongoDB\Server\7.0\bin;D:\App Dowloand\mongosh-2.1.5-win32-x64\bin;D:\ApacheTomcat\Maven\apache-maven-3.9.9\bin;C:\Program Files\NVIDIA Corporation\NVIDIA app\NvDLISR;C:\WINDOWS\system32;C:\WINDOWS;C:\WINDOWS\System32\Wbem;C:\WINDOWS\System32\WindowsPowerShell\v1.0\;C:\WINDOWS\System32\OpenSSH\;C:\Program Files\Microsoft SQL Server\150\Tools\Binn\;C:\Program Files\Microsoft SQL Server\Client SDK\ODBC\170\Tools\Binn\;C:\Program Files (x86)\Windows Kits\10\Windows Performance Toolkit\;C:\Program Files\Git\cmd;%USERPROFILE%\AppData\Local\Microsoft\WindowsApps;C:\Users\ASUS\AppData\Roaming\npm;%IntelliJ IDEA%;C:\Users\ASUS\AppData\Local\Programs\oh-my-posh\bin;C:\Users\ASUS\AppData\Local\Programs\Microsoft VS Code\bin;%USERPROFILE%\.dotnet\tools;C:\Program Files\Seelen\Seelen UI;%USERPROFILE%\.dotnet\tools;D:\Seelen\Seelen UI
USERNAME=ASUS
OS=Windows_NT
PROCESSOR_IDENTIFIER=Intel64 Family 6 Model 154 Stepping 3, GenuineIntel



---------------  S Y S T E M  ---------------

OS:
 Windows 11 , 64 bit Build 26100 (10.0.26100.3775)
OS uptime: 0 days 17:11 hours
Hyper-V role detected

CPU: total 16 (initial active 16) (8 cores per cpu, 2 threads per core) family 6 model 154 stepping 3 microcode 0x434, cx8, cmov, fxsr, ht, mmx, 3dnowpref, sse, sse2, sse3, ssse3, sse4.1, sse4.2, popcnt, lzcnt, tsc, tscinvbit, avx, avx2, aes, erms, clmul, bmi1, bmi2, adx, sha, fma, vzeroupper, clflush, clflushopt, clwb, hv

Memory: 4k page, system-wide physical 16004M (2125M free)
TotalPageFile size 24004M (AvailPageFile size 6M)
current process WorkingSet (physical memory assigned to process): 361M, peak: 425M
current process commit charge ("private bytes"): 438M, peak: 503M

vm_info: Java HotSpot(TM) 64-Bit Server VM (17.0.10+11-LTS-240) for windows-amd64 JRE (17.0.10+11-LTS-240), built on Dec 19 2023 21:47:25 by "mach5one" with MS VC++ 17.1 (VS2022)

END.
