#
# There is insufficient memory for the Java Runtime Environment to continue.
# Native memory allocation (malloc) failed to allocate 1179056 bytes for Chunk::new
# Possible reasons:
#   The system is out of physical RAM or swap space
#   The process is running with CompressedOops enabled, and the Java Heap may be blocking the growth of the native heap
# Possible solutions:
#   Reduce memory load on the system
#   Increase physical memory or swap space
#   Check if swap backing store is full
#   Decrease Java heap size (-Xmx/-Xms)
#   Decrease number of Java threads
#   Decrease Java thread stack sizes (-Xss)
#   Set larger code cache with -XX:ReservedCodeCacheSize=
#   JVM is running with Zero Based Compressed Oops mode in which the Java heap is
#     placed in the first 32GB address space. The Java Heap base address is the
#     maximum limit for the native heap growth. Please use -XX:HeapBaseMinAddress
#     to set the Java Heap base and to place the Java Heap above 32GB virtual address.
# This output file may be truncated or incomplete.
#
#  Out of Memory Error (arena.cpp:189), pid=16576, tid=3412
#
# JRE version: Java(TM) SE Runtime Environment (17.0.10+11) (build 17.0.10+11-LTS-240)
# Java VM: Java HotSpot(TM) 64-Bit Server VM (17.0.10+11-LTS-240, mixed mode, sharing, tiered, compressed oops, compressed class ptrs, g1 gc, windows-amd64)
# No core dump will be written. Minidumps are not enabled by default on client versions of Windows
#

---------------  S U M M A R Y ------------

Command Line: -Dfile.encoding=UTF-8 -Duser.country=US -Duser.language=en -Duser.variant com.example.spa.SpaMassageServerApplication

Host: 12th Gen Intel(R) Core(TM) i5-12500H, 16 cores, 15G,  Windows 11 , 64 bit Build 26100 (10.0.26100.3323)
Time: Fri Apr  4 19:32:45 2025 SE Asia Standard Time elapsed time: 2.245718 seconds (0d 0h 0m 2s)

---------------  T H R E A D  ---------------

Current thread (0x000001eec9341d60):  JavaThread "C2 CompilerThread1" daemon [_thread_in_native, id=3412, stack(0x0000002abed00000,0x0000002abee00000)]


Current CompileTask:
C2:   2245 2702   !   4       jdk.internal.loader.URLClassPath$JarLoader::getResource (354 bytes)

Stack: [0x0000002abed00000,0x0000002abee00000]
Native frames: (J=compiled Java code, j=interpreted, Vv=VM code, C=native code)
V  [jvm.dll+0x677a5a]
V  [jvm.dll+0x7d8b2d]
V  [jvm.dll+0x7da48e]
V  [jvm.dll+0x7daaf3]
V  [jvm.dll+0x2455ff]
V  [jvm.dll+0xaaafb]
V  [jvm.dll+0xab09c]
V  [jvm.dll+0x2aafef]
V  [jvm.dll+0x57fd55]
V  [jvm.dll+0x220472]
V  [jvm.dll+0x22084f]
V  [jvm.dll+0x2197a6]
V  [jvm.dll+0x216c79]
V  [jvm.dll+0x1a3410]
V  [jvm.dll+0x226aeb]
V  [jvm.dll+0x224cab]
V  [jvm.dll+0x78e45c]
V  [jvm.dll+0x78888a]
V  [jvm.dll+0x676935]
C  [ucrtbase.dll+0x37b0]
C  [KERNEL32.DLL+0x2e8d7]
C  [ntdll.dll+0xbbf6c]


---------------  P R O C E S S  ---------------

Threads class SMR info:
_java_thread_list=0x000001eececa9810, length=21, elements={
0x000001eee3f80810, 0x000001eec9018460, 0x000001eec901a030, 0x000001eec9032880,
0x000001eec9035250, 0x000001eec9035c10, 0x000001eec90365d0, 0x000001eec9037370,
0x000001eec9037e20, 0x000001eec9038820, 0x000001eec90e53a0, 0x000001eec9106da0,
0x000001eec911b790, 0x000001eec9239fa0, 0x000001eec9243270, 0x000001eec9341d60,
0x000001eec9342f60, 0x000001eece384560, 0x000001eece194090, 0x000001eeceb3cff0,
0x000001eece5e6520
}

Java Threads: ( => current thread )
  0x000001eee3f80810 JavaThread "main" [_thread_blocked, id=20188, stack(0x0000002abd700000,0x0000002abd800000)]
  0x000001eec9018460 JavaThread "Reference Handler" daemon [_thread_blocked, id=23060, stack(0x0000002abde00000,0x0000002abdf00000)]
  0x000001eec901a030 JavaThread "Finalizer" daemon [_thread_blocked, id=7500, stack(0x0000002abdf00000,0x0000002abe000000)]
  0x000001eec9032880 JavaThread "Signal Dispatcher" daemon [_thread_blocked, id=19308, stack(0x0000002abe000000,0x0000002abe100000)]
  0x000001eec9035250 JavaThread "Attach Listener" daemon [_thread_blocked, id=8964, stack(0x0000002abe100000,0x0000002abe200000)]
  0x000001eec9035c10 JavaThread "Service Thread" daemon [_thread_blocked, id=26284, stack(0x0000002abe200000,0x0000002abe300000)]
  0x000001eec90365d0 JavaThread "Monitor Deflation Thread" daemon [_thread_blocked, id=28548, stack(0x0000002abe300000,0x0000002abe400000)]
  0x000001eec9037370 JavaThread "C2 CompilerThread0" daemon [_thread_in_native, id=22596, stack(0x0000002abe400000,0x0000002abe500000)]
  0x000001eec9037e20 JavaThread "C1 CompilerThread0" daemon [_thread_in_native, id=25644, stack(0x0000002abe500000,0x0000002abe600000)]
  0x000001eec9038820 JavaThread "Sweeper thread" daemon [_thread_blocked, id=4000, stack(0x0000002abe600000,0x0000002abe700000)]
  0x000001eec90e53a0 JavaThread "C1 CompilerThread1" daemon [_thread_in_native, id=25300, stack(0x0000002abe700000,0x0000002abe800000)]
  0x000001eec9106da0 JavaThread "C1 CompilerThread2" daemon [_thread_in_native, id=26412, stack(0x0000002abe800000,0x0000002abe900000)]
  0x000001eec911b790 JavaThread "C1 CompilerThread3" daemon [_thread_in_vm, id=22372, stack(0x0000002abe900000,0x0000002abea00000)]
  0x000001eec9239fa0 JavaThread "Notification Thread" daemon [_thread_blocked, id=27888, stack(0x0000002abea00000,0x0000002abeb00000)]
  0x000001eec9243270 JavaThread "Common-Cleaner" daemon [_thread_blocked, id=12712, stack(0x0000002abec00000,0x0000002abed00000)]
=>0x000001eec9341d60 JavaThread "C2 CompilerThread1" daemon [_thread_in_native, id=3412, stack(0x0000002abed00000,0x0000002abee00000)]
  0x000001eec9342f60 JavaThread "C2 CompilerThread2" daemon [_thread_in_native, id=26852, stack(0x0000002abee00000,0x0000002abef00000)]
  0x000001eece384560 JavaThread "Thread-0" [_thread_blocked, id=26680, stack(0x0000002abf400000,0x0000002abf500000)]
  0x000001eece194090 JavaThread "restartedMain" [_thread_in_Java, id=28576, stack(0x0000002abf500000,0x0000002abf600000)]
  0x000001eeceb3cff0 JavaThread "background-preinit" [_thread_in_vm, id=7280, stack(0x0000002abf700000,0x0000002abf800000)]
  0x000001eece5e6520 JavaThread "C2 CompilerThread3" daemon [_thread_in_native, id=23852, stack(0x0000002abf800000,0x0000002abf900000)]

Other Threads:
  0x000001eec9014670 VMThread "VM Thread" [stack: 0x0000002abdd00000,0x0000002abde00000] [id=24496]
  0x000001eec9240300 WatcherThread [stack: 0x0000002abeb00000,0x0000002abec00000] [id=16044]
  0x000001eee3feb090 GCTaskThread "GC Thread#0" [stack: 0x0000002abd800000,0x0000002abd900000] [id=14968]
  0x000001eece1810d0 GCTaskThread "GC Thread#1" [stack: 0x0000002abef00000,0x0000002abf000000] [id=23976]
  0x000001eece36b150 GCTaskThread "GC Thread#2" [stack: 0x0000002abf000000,0x0000002abf100000] [id=21704]
  0x000001eece555810 GCTaskThread "GC Thread#3" [stack: 0x0000002abf100000,0x0000002abf200000] [id=17584]
  0x000001eece555ad0 GCTaskThread "GC Thread#4" [stack: 0x0000002abf200000,0x0000002abf300000] [id=27908]
  0x000001eece193dd0 GCTaskThread "GC Thread#5" [stack: 0x0000002abf300000,0x0000002abf400000] [id=26976]
  0x000001eece761750 GCTaskThread "GC Thread#6" [stack: 0x0000002abf600000,0x0000002abf700000] [id=23240]
  0x000001eece8c0c00 GCTaskThread "GC Thread#7" [stack: 0x0000002abf900000,0x0000002abfa00000] [id=6380]
  0x000001eece8bfe40 GCTaskThread "GC Thread#8" [stack: 0x0000002abfa00000,0x0000002abfb00000] [id=10272]
  0x000001eece8c0100 GCTaskThread "GC Thread#9" [stack: 0x0000002abfb00000,0x0000002abfc00000] [id=27752]
  0x000001eece8c0680 GCTaskThread "GC Thread#10" [stack: 0x0000002abfc00000,0x0000002abfd00000] [id=24896]
  0x000001eece8c0940 GCTaskThread "GC Thread#11" [stack: 0x0000002abfd00000,0x0000002abfe00000] [id=26488]
  0x000001eece8bf080 GCTaskThread "GC Thread#12" [stack: 0x0000002abfe00000,0x0000002abff00000] [id=24028]
  0x000001eee3ffb9f0 ConcurrentGCThread "G1 Main Marker" [stack: 0x0000002abd900000,0x0000002abda00000] [id=8300]
  0x000001eee3fff0f0 ConcurrentGCThread "G1 Conc#0" [stack: 0x0000002abda00000,0x0000002abdb00000] [id=27068]
  0x000001eeffd00690 ConcurrentGCThread "G1 Refine#0" [stack: 0x0000002abdb00000,0x0000002abdc00000] [id=23632]
  0x000001eeffd01d80 ConcurrentGCThread "G1 Service" [stack: 0x0000002abdc00000,0x0000002abdd00000] [id=13120]

Threads with active compile tasks:
C2 CompilerThread0     2261 2779       4       java.util.concurrent.ConcurrentHashMap$ValueIterator::next (34 bytes)
C1 CompilerThread0     2261 2840  s!   3       sun.net.www.protocol.file.Handler::openConnection (271 bytes)
C1 CompilerThread1     2261 2851       3       java.util.stream.ReferencePipeline$3$1::<init> (11 bytes)
C1 CompilerThread2     2262 2852       3       java.util.stream.Sink$ChainedReference::begin (11 bytes)
C1 CompilerThread3     2262 2850       3       java.util.stream.ReferencePipeline$3::opWrapSink (10 bytes)
C2 CompilerThread1     2262 2702   !   4       jdk.internal.loader.URLClassPath$JarLoader::getResource (354 bytes)
C2 CompilerThread2     2262 2756       4       org.springframework.util.ConcurrentReferenceHashMap$Segment::getReference (55 bytes)
C2 CompilerThread3     2262 2755       4       org.springframework.util.ConcurrentReferenceHashMap::getReference (18 bytes)

VM state: not at safepoint (normal execution)

VM Mutex/Monitor currently owned by a thread: None

Heap address: 0x0000000705e00000, size: 4002 MB, Compressed Oops mode: Zero based, Oop shift amount: 3

CDS archive(s) mapped at: [0x000001ee88000000-0x000001ee88bd0000-0x000001ee88bd0000), size 12386304, SharedBaseAddress: 0x000001ee88000000, ArchiveRelocationMode: 1.
Compressed class space mapped at: 0x000001ee89000000-0x000001eec9000000, reserved size: 1073741824
Narrow klass base: 0x000001ee88000000, Narrow klass shift: 0, Narrow klass range: 0x100000000

GC Precious Log:
 CPUs: 16 total, 16 available
 Memory: 16004M
 Large Page Support: Disabled
 NUMA Support: Disabled
 Compressed Oops: Enabled (Zero based)
 Heap Region Size: 2M
 Heap Min Capacity: 8M
 Heap Initial Capacity: 252M
 Heap Max Capacity: 4002M
 Pre-touch: Disabled
 Parallel Workers: 13
 Concurrent Workers: 3
 Concurrent Refinement Workers: 13
 Periodic GC: Disabled

Heap:
 garbage-first heap   total 258048K, used 18893K [0x0000000705e00000, 0x0000000800000000)
  region size 2048K, 7 young (14336K), 4 survivors (8192K)
 Metaspace       used 20770K, committed 20992K, reserved 1114112K
  class space    used 2623K, committed 2752K, reserved 1048576K

Heap Regions: E=young(eden), S=young(survivor), O=old, HS=humongous(starts), HC=humongous(continues), CS=collection set, F=free, OA=open archive, CA=closed archive, TAMS=top-at-mark-start (previous, next)
|   0|0x0000000705e00000, 0x0000000706000000, 0x0000000706000000|100%| O|  |TAMS 0x0000000705e00000, 0x0000000705e00000| Untracked 
|   1|0x0000000706000000, 0x0000000706200000, 0x0000000706200000|100%| O|  |TAMS 0x0000000706000000, 0x0000000706000000| Untracked 
|   2|0x0000000706200000, 0x0000000706400000, 0x0000000706400000|100%| O|  |TAMS 0x0000000706200000, 0x0000000706200000| Untracked 
|   3|0x0000000706400000, 0x00000007065e1200, 0x0000000706600000| 93%| O|  |TAMS 0x0000000706400000, 0x0000000706400000| Untracked 
|   4|0x0000000706600000, 0x0000000706600000, 0x0000000706800000|  0%| F|  |TAMS 0x0000000706600000, 0x0000000706600000| Untracked 
|   5|0x0000000706800000, 0x0000000706800000, 0x0000000706a00000|  0%| F|  |TAMS 0x0000000706800000, 0x0000000706800000| Untracked 
|   6|0x0000000706a00000, 0x0000000706a00000, 0x0000000706c00000|  0%| F|  |TAMS 0x0000000706a00000, 0x0000000706a00000| Untracked 
|   7|0x0000000706c00000, 0x0000000706c00000, 0x0000000706e00000|  0%| F|  |TAMS 0x0000000706c00000, 0x0000000706c00000| Untracked 
|   8|0x0000000706e00000, 0x0000000706e00000, 0x0000000707000000|  0%| F|  |TAMS 0x0000000706e00000, 0x0000000706e00000| Untracked 
|   9|0x0000000707000000, 0x0000000707000000, 0x0000000707200000|  0%| F|  |TAMS 0x0000000707000000, 0x0000000707000000| Untracked 
|  10|0x0000000707200000, 0x0000000707200000, 0x0000000707400000|  0%| F|  |TAMS 0x0000000707200000, 0x0000000707200000| Untracked 
|  11|0x0000000707400000, 0x0000000707400000, 0x0000000707600000|  0%| F|  |TAMS 0x0000000707400000, 0x0000000707400000| Untracked 
|  12|0x0000000707600000, 0x0000000707600000, 0x0000000707800000|  0%| F|  |TAMS 0x0000000707600000, 0x0000000707600000| Untracked 
|  13|0x0000000707800000, 0x0000000707800000, 0x0000000707a00000|  0%| F|  |TAMS 0x0000000707800000, 0x0000000707800000| Untracked 
|  14|0x0000000707a00000, 0x0000000707a00000, 0x0000000707c00000|  0%| F|  |TAMS 0x0000000707a00000, 0x0000000707a00000| Untracked 
|  15|0x0000000707c00000, 0x0000000707c00000, 0x0000000707e00000|  0%| F|  |TAMS 0x0000000707c00000, 0x0000000707c00000| Untracked 
|  16|0x0000000707e00000, 0x0000000707e00000, 0x0000000708000000|  0%| F|  |TAMS 0x0000000707e00000, 0x0000000707e00000| Untracked 
|  17|0x0000000708000000, 0x0000000708000000, 0x0000000708200000|  0%| F|  |TAMS 0x0000000708000000, 0x0000000708000000| Untracked 
|  18|0x0000000708200000, 0x0000000708200000, 0x0000000708400000|  0%| F|  |TAMS 0x0000000708200000, 0x0000000708200000| Untracked 
|  19|0x0000000708400000, 0x0000000708400000, 0x0000000708600000|  0%| F|  |TAMS 0x0000000708400000, 0x0000000708400000| Untracked 
|  20|0x0000000708600000, 0x0000000708600000, 0x0000000708800000|  0%| F|  |TAMS 0x0000000708600000, 0x0000000708600000| Untracked 
|  21|0x0000000708800000, 0x0000000708800000, 0x0000000708a00000|  0%| F|  |TAMS 0x0000000708800000, 0x0000000708800000| Untracked 
|  22|0x0000000708a00000, 0x0000000708a00000, 0x0000000708c00000|  0%| F|  |TAMS 0x0000000708a00000, 0x0000000708a00000| Untracked 
|  23|0x0000000708c00000, 0x0000000708c00000, 0x0000000708e00000|  0%| F|  |TAMS 0x0000000708c00000, 0x0000000708c00000| Untracked 
|  24|0x0000000708e00000, 0x0000000708e00000, 0x0000000709000000|  0%| F|  |TAMS 0x0000000708e00000, 0x0000000708e00000| Untracked 
|  25|0x0000000709000000, 0x0000000709000000, 0x0000000709200000|  0%| F|  |TAMS 0x0000000709000000, 0x0000000709000000| Untracked 
|  26|0x0000000709200000, 0x0000000709200000, 0x0000000709400000|  0%| F|  |TAMS 0x0000000709200000, 0x0000000709200000| Untracked 
|  27|0x0000000709400000, 0x0000000709400000, 0x0000000709600000|  0%| F|  |TAMS 0x0000000709400000, 0x0000000709400000| Untracked 
|  28|0x0000000709600000, 0x0000000709600000, 0x0000000709800000|  0%| F|  |TAMS 0x0000000709600000, 0x0000000709600000| Untracked 
|  29|0x0000000709800000, 0x0000000709800000, 0x0000000709a00000|  0%| F|  |TAMS 0x0000000709800000, 0x0000000709800000| Untracked 
|  30|0x0000000709a00000, 0x0000000709a00000, 0x0000000709c00000|  0%| F|  |TAMS 0x0000000709a00000, 0x0000000709a00000| Untracked 
|  31|0x0000000709c00000, 0x0000000709c00000, 0x0000000709e00000|  0%| F|  |TAMS 0x0000000709c00000, 0x0000000709c00000| Untracked 
|  32|0x0000000709e00000, 0x0000000709e00000, 0x000000070a000000|  0%| F|  |TAMS 0x0000000709e00000, 0x0000000709e00000| Untracked 
|  33|0x000000070a000000, 0x000000070a000000, 0x000000070a200000|  0%| F|  |TAMS 0x000000070a000000, 0x000000070a000000| Untracked 
|  34|0x000000070a200000, 0x000000070a200000, 0x000000070a400000|  0%| F|  |TAMS 0x000000070a200000, 0x000000070a200000| Untracked 
|  35|0x000000070a400000, 0x000000070a400000, 0x000000070a600000|  0%| F|  |TAMS 0x000000070a400000, 0x000000070a400000| Untracked 
|  36|0x000000070a600000, 0x000000070a600000, 0x000000070a800000|  0%| F|  |TAMS 0x000000070a600000, 0x000000070a600000| Untracked 
|  37|0x000000070a800000, 0x000000070a800000, 0x000000070aa00000|  0%| F|  |TAMS 0x000000070a800000, 0x000000070a800000| Untracked 
|  38|0x000000070aa00000, 0x000000070aa00000, 0x000000070ac00000|  0%| F|  |TAMS 0x000000070aa00000, 0x000000070aa00000| Untracked 
|  39|0x000000070ac00000, 0x000000070ac00000, 0x000000070ae00000|  0%| F|  |TAMS 0x000000070ac00000, 0x000000070ac00000| Untracked 
|  40|0x000000070ae00000, 0x000000070ae00000, 0x000000070b000000|  0%| F|  |TAMS 0x000000070ae00000, 0x000000070ae00000| Untracked 
|  41|0x000000070b000000, 0x000000070b000000, 0x000000070b200000|  0%| F|  |TAMS 0x000000070b000000, 0x000000070b000000| Untracked 
|  42|0x000000070b200000, 0x000000070b200000, 0x000000070b400000|  0%| F|  |TAMS 0x000000070b200000, 0x000000070b200000| Untracked 
|  43|0x000000070b400000, 0x000000070b400000, 0x000000070b600000|  0%| F|  |TAMS 0x000000070b400000, 0x000000070b400000| Untracked 
|  44|0x000000070b600000, 0x000000070b600000, 0x000000070b800000|  0%| F|  |TAMS 0x000000070b600000, 0x000000070b600000| Untracked 
|  45|0x000000070b800000, 0x000000070b800000, 0x000000070ba00000|  0%| F|  |TAMS 0x000000070b800000, 0x000000070b800000| Untracked 
|  46|0x000000070ba00000, 0x000000070ba00000, 0x000000070bc00000|  0%| F|  |TAMS 0x000000070ba00000, 0x000000070ba00000| Untracked 
|  47|0x000000070bc00000, 0x000000070bc00000, 0x000000070be00000|  0%| F|  |TAMS 0x000000070bc00000, 0x000000070bc00000| Untracked 
|  48|0x000000070be00000, 0x000000070be00000, 0x000000070c000000|  0%| F|  |TAMS 0x000000070be00000, 0x000000070be00000| Untracked 
|  49|0x000000070c000000, 0x000000070c000000, 0x000000070c200000|  0%| F|  |TAMS 0x000000070c000000, 0x000000070c000000| Untracked 
|  50|0x000000070c200000, 0x000000070c200000, 0x000000070c400000|  0%| F|  |TAMS 0x000000070c200000, 0x000000070c200000| Untracked 
|  51|0x000000070c400000, 0x000000070c400000, 0x000000070c600000|  0%| F|  |TAMS 0x000000070c400000, 0x000000070c400000| Untracked 
|  52|0x000000070c600000, 0x000000070c600000, 0x000000070c800000|  0%| F|  |TAMS 0x000000070c600000, 0x000000070c600000| Untracked 
|  53|0x000000070c800000, 0x000000070c800000, 0x000000070ca00000|  0%| F|  |TAMS 0x000000070c800000, 0x000000070c800000| Untracked 
|  54|0x000000070ca00000, 0x000000070ca00000, 0x000000070cc00000|  0%| F|  |TAMS 0x000000070ca00000, 0x000000070ca00000| Untracked 
|  55|0x000000070cc00000, 0x000000070cc00000, 0x000000070ce00000|  0%| F|  |TAMS 0x000000070cc00000, 0x000000070cc00000| Untracked 
|  56|0x000000070ce00000, 0x000000070ce00000, 0x000000070d000000|  0%| F|  |TAMS 0x000000070ce00000, 0x000000070ce00000| Untracked 
|  57|0x000000070d000000, 0x000000070d000000, 0x000000070d200000|  0%| F|  |TAMS 0x000000070d000000, 0x000000070d000000| Untracked 
|  58|0x000000070d200000, 0x000000070d200000, 0x000000070d400000|  0%| F|  |TAMS 0x000000070d200000, 0x000000070d200000| Untracked 
|  59|0x000000070d400000, 0x000000070d400000, 0x000000070d600000|  0%| F|  |TAMS 0x000000070d400000, 0x000000070d400000| Untracked 
|  60|0x000000070d600000, 0x000000070d600000, 0x000000070d800000|  0%| F|  |TAMS 0x000000070d600000, 0x000000070d600000| Untracked 
|  61|0x000000070d800000, 0x000000070d800000, 0x000000070da00000|  0%| F|  |TAMS 0x000000070d800000, 0x000000070d800000| Untracked 
|  62|0x000000070da00000, 0x000000070da00000, 0x000000070dc00000|  0%| F|  |TAMS 0x000000070da00000, 0x000000070da00000| Untracked 
|  63|0x000000070dc00000, 0x000000070dc00000, 0x000000070de00000|  0%| F|  |TAMS 0x000000070dc00000, 0x000000070dc00000| Untracked 
|  64|0x000000070de00000, 0x000000070de00000, 0x000000070e000000|  0%| F|  |TAMS 0x000000070de00000, 0x000000070de00000| Untracked 
|  65|0x000000070e000000, 0x000000070e000000, 0x000000070e200000|  0%| F|  |TAMS 0x000000070e000000, 0x000000070e000000| Untracked 
|  66|0x000000070e200000, 0x000000070e200000, 0x000000070e400000|  0%| F|  |TAMS 0x000000070e200000, 0x000000070e200000| Untracked 
|  67|0x000000070e400000, 0x000000070e400000, 0x000000070e600000|  0%| F|  |TAMS 0x000000070e400000, 0x000000070e400000| Untracked 
|  68|0x000000070e600000, 0x000000070e600000, 0x000000070e800000|  0%| F|  |TAMS 0x000000070e600000, 0x000000070e600000| Untracked 
|  69|0x000000070e800000, 0x000000070e800000, 0x000000070ea00000|  0%| F|  |TAMS 0x000000070e800000, 0x000000070e800000| Untracked 
|  70|0x000000070ea00000, 0x000000070ea00000, 0x000000070ec00000|  0%| F|  |TAMS 0x000000070ea00000, 0x000000070ea00000| Untracked 
|  71|0x000000070ec00000, 0x000000070ec00000, 0x000000070ee00000|  0%| F|  |TAMS 0x000000070ec00000, 0x000000070ec00000| Untracked 
|  72|0x000000070ee00000, 0x000000070ee00000, 0x000000070f000000|  0%| F|  |TAMS 0x000000070ee00000, 0x000000070ee00000| Untracked 
|  73|0x000000070f000000, 0x000000070f000000, 0x000000070f200000|  0%| F|  |TAMS 0x000000070f000000, 0x000000070f000000| Untracked 
|  74|0x000000070f200000, 0x000000070f200000, 0x000000070f400000|  0%| F|  |TAMS 0x000000070f200000, 0x000000070f200000| Untracked 
|  75|0x000000070f400000, 0x000000070f400000, 0x000000070f600000|  0%| F|  |TAMS 0x000000070f400000, 0x000000070f400000| Untracked 
|  76|0x000000070f600000, 0x000000070f600000, 0x000000070f800000|  0%| F|  |TAMS 0x000000070f600000, 0x000000070f600000| Untracked 
|  77|0x000000070f800000, 0x000000070f800000, 0x000000070fa00000|  0%| F|  |TAMS 0x000000070f800000, 0x000000070f800000| Untracked 
|  78|0x000000070fa00000, 0x000000070fa00000, 0x000000070fc00000|  0%| F|  |TAMS 0x000000070fa00000, 0x000000070fa00000| Untracked 
|  79|0x000000070fc00000, 0x000000070fc00000, 0x000000070fe00000|  0%| F|  |TAMS 0x000000070fc00000, 0x000000070fc00000| Untracked 
|  80|0x000000070fe00000, 0x000000070fe00000, 0x0000000710000000|  0%| F|  |TAMS 0x000000070fe00000, 0x000000070fe00000| Untracked 
|  81|0x0000000710000000, 0x0000000710000000, 0x0000000710200000|  0%| F|  |TAMS 0x0000000710000000, 0x0000000710000000| Untracked 
|  82|0x0000000710200000, 0x0000000710200000, 0x0000000710400000|  0%| F|  |TAMS 0x0000000710200000, 0x0000000710200000| Untracked 
|  83|0x0000000710400000, 0x0000000710400000, 0x0000000710600000|  0%| F|  |TAMS 0x0000000710400000, 0x0000000710400000| Untracked 
|  84|0x0000000710600000, 0x0000000710600000, 0x0000000710800000|  0%| F|  |TAMS 0x0000000710600000, 0x0000000710600000| Untracked 
|  85|0x0000000710800000, 0x0000000710800000, 0x0000000710a00000|  0%| F|  |TAMS 0x0000000710800000, 0x0000000710800000| Untracked 
|  86|0x0000000710a00000, 0x0000000710a00000, 0x0000000710c00000|  0%| F|  |TAMS 0x0000000710a00000, 0x0000000710a00000| Untracked 
|  87|0x0000000710c00000, 0x0000000710c00000, 0x0000000710e00000|  0%| F|  |TAMS 0x0000000710c00000, 0x0000000710c00000| Untracked 
|  88|0x0000000710e00000, 0x0000000710e00000, 0x0000000711000000|  0%| F|  |TAMS 0x0000000710e00000, 0x0000000710e00000| Untracked 
|  89|0x0000000711000000, 0x0000000711092400, 0x0000000711200000| 28%| S|CS|TAMS 0x0000000711000000, 0x0000000711000000| Complete 
|  90|0x0000000711200000, 0x0000000711400000, 0x0000000711400000|100%| S|CS|TAMS 0x0000000711200000, 0x0000000711200000| Complete 
|  91|0x0000000711400000, 0x0000000711600000, 0x0000000711600000|100%| S|CS|TAMS 0x0000000711400000, 0x0000000711400000| Complete 
|  92|0x0000000711600000, 0x0000000711800000, 0x0000000711800000|100%| S|CS|TAMS 0x0000000711600000, 0x0000000711600000| Complete 
|  93|0x0000000711800000, 0x0000000711800000, 0x0000000711a00000|  0%| F|  |TAMS 0x0000000711800000, 0x0000000711800000| Untracked 
|  94|0x0000000711a00000, 0x0000000711a00000, 0x0000000711c00000|  0%| F|  |TAMS 0x0000000711a00000, 0x0000000711a00000| Untracked 
|  95|0x0000000711c00000, 0x0000000711c00000, 0x0000000711e00000|  0%| F|  |TAMS 0x0000000711c00000, 0x0000000711c00000| Untracked 
|  96|0x0000000711e00000, 0x0000000711e00000, 0x0000000712000000|  0%| F|  |TAMS 0x0000000711e00000, 0x0000000711e00000| Untracked 
|  97|0x0000000712000000, 0x0000000712000000, 0x0000000712200000|  0%| F|  |TAMS 0x0000000712000000, 0x0000000712000000| Untracked 
|  98|0x0000000712200000, 0x0000000712200000, 0x0000000712400000|  0%| F|  |TAMS 0x0000000712200000, 0x0000000712200000| Untracked 
|  99|0x0000000712400000, 0x0000000712400000, 0x0000000712600000|  0%| F|  |TAMS 0x0000000712400000, 0x0000000712400000| Untracked 
| 100|0x0000000712600000, 0x0000000712600000, 0x0000000712800000|  0%| F|  |TAMS 0x0000000712600000, 0x0000000712600000| Untracked 
| 101|0x0000000712800000, 0x0000000712800000, 0x0000000712a00000|  0%| F|  |TAMS 0x0000000712800000, 0x0000000712800000| Untracked 
| 102|0x0000000712a00000, 0x0000000712a00000, 0x0000000712c00000|  0%| F|  |TAMS 0x0000000712a00000, 0x0000000712a00000| Untracked 
| 103|0x0000000712c00000, 0x0000000712c00000, 0x0000000712e00000|  0%| F|  |TAMS 0x0000000712c00000, 0x0000000712c00000| Untracked 
| 104|0x0000000712e00000, 0x0000000712e00000, 0x0000000713000000|  0%| F|  |TAMS 0x0000000712e00000, 0x0000000712e00000| Untracked 
| 105|0x0000000713000000, 0x0000000713000000, 0x0000000713200000|  0%| F|  |TAMS 0x0000000713000000, 0x0000000713000000| Untracked 
| 106|0x0000000713200000, 0x0000000713200000, 0x0000000713400000|  0%| F|  |TAMS 0x0000000713200000, 0x0000000713200000| Untracked 
| 107|0x0000000713400000, 0x0000000713400000, 0x0000000713600000|  0%| F|  |TAMS 0x0000000713400000, 0x0000000713400000| Untracked 
| 108|0x0000000713600000, 0x0000000713600000, 0x0000000713800000|  0%| F|  |TAMS 0x0000000713600000, 0x0000000713600000| Untracked 
| 109|0x0000000713800000, 0x0000000713800000, 0x0000000713a00000|  0%| F|  |TAMS 0x0000000713800000, 0x0000000713800000| Untracked 
| 110|0x0000000713a00000, 0x0000000713a00000, 0x0000000713c00000|  0%| F|  |TAMS 0x0000000713a00000, 0x0000000713a00000| Untracked 
| 111|0x0000000713c00000, 0x0000000713c00000, 0x0000000713e00000|  0%| F|  |TAMS 0x0000000713c00000, 0x0000000713c00000| Untracked 
| 112|0x0000000713e00000, 0x0000000713e00000, 0x0000000714000000|  0%| F|  |TAMS 0x0000000713e00000, 0x0000000713e00000| Untracked 
| 113|0x0000000714000000, 0x0000000714000000, 0x0000000714200000|  0%| F|  |TAMS 0x0000000714000000, 0x0000000714000000| Untracked 
| 114|0x0000000714200000, 0x0000000714200000, 0x0000000714400000|  0%| F|  |TAMS 0x0000000714200000, 0x0000000714200000| Untracked 
| 115|0x0000000714400000, 0x0000000714400000, 0x0000000714600000|  0%| F|  |TAMS 0x0000000714400000, 0x0000000714400000| Untracked 
| 116|0x0000000714600000, 0x0000000714600000, 0x0000000714800000|  0%| F|  |TAMS 0x0000000714600000, 0x0000000714600000| Untracked 
| 117|0x0000000714800000, 0x0000000714800000, 0x0000000714a00000|  0%| F|  |TAMS 0x0000000714800000, 0x0000000714800000| Untracked 
| 118|0x0000000714a00000, 0x0000000714a00000, 0x0000000714c00000|  0%| F|  |TAMS 0x0000000714a00000, 0x0000000714a00000| Untracked 
| 119|0x0000000714c00000, 0x0000000714c00000, 0x0000000714e00000|  0%| F|  |TAMS 0x0000000714c00000, 0x0000000714c00000| Untracked 
| 120|0x0000000714e00000, 0x0000000714e00000, 0x0000000715000000|  0%| F|  |TAMS 0x0000000714e00000, 0x0000000714e00000| Untracked 
| 121|0x0000000715000000, 0x0000000715000000, 0x0000000715200000|  0%| F|  |TAMS 0x0000000715000000, 0x0000000715000000| Untracked 
| 122|0x0000000715200000, 0x0000000715200000, 0x0000000715400000|  0%| F|  |TAMS 0x0000000715200000, 0x0000000715200000| Untracked 
| 123|0x0000000715400000, 0x00000007155f0968, 0x0000000715600000| 96%| E|  |TAMS 0x0000000715400000, 0x0000000715400000| Complete 
| 124|0x0000000715600000, 0x0000000715800000, 0x0000000715800000|100%| E|CS|TAMS 0x0000000715600000, 0x0000000715600000| Complete 
| 125|0x0000000715800000, 0x0000000715a00000, 0x0000000715a00000|100%| E|CS|TAMS 0x0000000715800000, 0x0000000715800000| Complete 

Card table byte_map: [0x000001eefc010000,0x000001eefc7f0000] _byte_map_base: 0x000001eef87e1000

Marking Bits (Prev, Next): (CMBitMap*) 0x000001eee3feb6b0, (CMBitMap*) 0x000001eee3feb6f0
 Prev Bits: [0x000001ee80000000, 0x000001ee83e88000)
 Next Bits: [0x000001ee83e90000, 0x000001ee87d18000)

Polling page: 0x000001eee26d0000

Metaspace:

Usage:
  Non-class:     17.72 MB used.
      Class:      2.56 MB used.
       Both:     20.29 MB used.

Virtual space:
  Non-class space:       64.00 MB reserved,      17.81 MB ( 28%) committed,  1 nodes.
      Class space:        1.00 GB reserved,       2.69 MB ( <1%) committed,  1 nodes.
             Both:        1.06 GB reserved,      20.50 MB (  2%) committed. 

Chunk freelists:
   Non-Class:  14.00 MB
       Class:  13.36 MB
        Both:  27.36 MB

MaxMetaspaceSize: unlimited
CompressedClassSpaceSize: 1.00 GB
Initial GC threshold: 21.00 MB
Current GC threshold: 21.00 MB
CDS: on
MetaspaceReclaimPolicy: balanced
 - commit_granule_bytes: 65536.
 - commit_granule_words: 8192.
 - virtual_space_node_default_size: 8388608.
 - enlarge_chunks_in_place: 1.
 - new_chunks_are_fully_committed: 0.
 - uncommit_free_chunks: 1.
 - use_allocation_guard: 0.
 - handle_deallocations: 1.


Internal statistics:

num_allocs_failed_limit: 0.
num_arena_births: 212.
num_arena_deaths: 0.
num_vsnodes_births: 2.
num_vsnodes_deaths: 0.
num_space_committed: 328.
num_space_uncommitted: 0.
num_chunks_returned_to_freelist: 0.
num_chunks_taken_from_freelist: 892.
num_chunk_merges: 0.
num_chunk_splits: 628.
num_chunks_enlarged: 502.
num_inconsistent_stats: 0.

CodeHeap 'non-profiled nmethods': size=119168Kb used=1204Kb max_used=1204Kb free=117963Kb
 bounds [0x000001eef3420000, 0x000001eef3690000, 0x000001eefa880000]
CodeHeap 'profiled nmethods': size=119104Kb used=6058Kb max_used=6058Kb free=113045Kb
 bounds [0x000001eeeb880000, 0x000001eeebe70000, 0x000001eef2cd0000]
CodeHeap 'non-nmethods': size=7488Kb used=2897Kb max_used=2937Kb free=4590Kb
 bounds [0x000001eef2cd0000, 0x000001eef2fb0000, 0x000001eef3420000]
 total_blobs=3352 nmethods=2844 adapters=417
 compilation: enabled
              stopped_count=0, restarted_count=0
 full_count=0

Compilation events (20 events):
Event: 1.218 Thread 0x000001eec90e53a0 2829       3       org.springframework.core.type.classreading.SimpleAnnotationMetadataReadingVisitor$$Lambda$312/0x000001ee891e9c68::accept (14 bytes)
Event: 1.218 Thread 0x000001eec9037e20 2830       3       java.util.RegularEnumSet$EnumSetIterator::hasNext (15 bytes)
Event: 1.219 Thread 0x000001eec90e53a0 nmethod 2829 0x000001eeebe59510 code [0x000001eeebe596c0, 0x000001eeebe599a8]
Event: 1.219 Thread 0x000001eec9037e20 nmethod 2830 0x000001eeebe59a90 code [0x000001eeebe59c20, 0x000001eeebe59d98]
Event: 1.221 Thread 0x000001eec9106da0 nmethod 2827 0x000001eeebe59e10 code [0x000001eeebe5a1c0, 0x000001eeebe5baa8]
Event: 1.221 Thread 0x000001eec90e53a0 2837       3       org.springframework.asm.ClassReader::readShort (27 bytes)
Event: 1.222 Thread 0x000001eece5e6520 nmethod 2825 0x000001eef354a310 code [0x000001eef354a4c0, 0x000001eef354a648]
Event: 1.222 Thread 0x000001eec90e53a0 nmethod 2837 0x000001eeebe5c390 code [0x000001eeebe5c520, 0x000001eeebe5c698]
Event: 1.222 Thread 0x000001eece5e6520 2831       4       java.lang.invoke.Invokers$Holder::linkToTargetMethod (9 bytes)
Event: 1.225 Thread 0x000001eece5e6520 nmethod 2831 0x000001eef354a810 code [0x000001eef354a9a0, 0x000001eef354aa78]
Event: 1.225 Thread 0x000001eec911b790 nmethod 2828 0x000001eeebe5c790 code [0x000001eeebe5cd80, 0x000001eeebe60658]
Event: 1.225 Thread 0x000001eece5e6520 2755       4       org.springframework.util.ConcurrentReferenceHashMap::getReference (18 bytes)
Event: 1.225 Thread 0x000001eec911b790 2838       1       java.lang.Enum::name (5 bytes)
Event: 1.226 Thread 0x000001eec911b790 nmethod 2838 0x000001eef354ab90 code [0x000001eef354ad20, 0x000001eef354adf8]
Event: 1.229 Thread 0x000001eec9342f60 

Event: 1.229 Thread 0x000001eec9342f60 2756       4       org.springframework.util.ConcurrentReferenceHashMap$Segment::getReference (55 bytes)
Event: 1.229 Thread 0x000001eec911b790 2839  s    3       sun.net.www.protocol.file.Handler::openConnection (7 bytes)
Event: 1.229 Thread 0x000001eec9037e20 2840  s!   3       sun.net.www.protocol.file.Handler::openConnection (271 bytes)
Event: 1.229 Thread 0x000001eec90e53a0 2841       3       sun.net.www.protocol.file.Handler::createFileURLConnection (10 bytes)
Event: 1.229 Thread 0x000001eec9106da0 2842       3       sun.net.www.protocol.file.FileURLConnection::<init> (38 bytes)

GC Heap History (6 events):
Event: 0.357 GC heap before
{Heap before GC invocations=0 (full 0):
 garbage-first heap   total 258048K, used 20480K [0x0000000705e00000, 0x0000000800000000)
  region size 2048K, 11 young (22528K), 0 survivors (0K)
 Metaspace       used 4304K, committed 4480K, reserved 1114112K
  class space    used 493K, committed 576K, reserved 1048576K
}
Event: 0.359 GC heap after
{Heap after GC invocations=1 (full 0):
 garbage-first heap   total 258048K, used 8209K [0x0000000705e00000, 0x0000000800000000)
  region size 2048K, 2 young (4096K), 2 survivors (4096K)
 Metaspace       used 4304K, committed 4480K, reserved 1114112K
  class space    used 493K, committed 576K, reserved 1048576K
}
Event: 0.616 GC heap before
{Heap before GC invocations=1 (full 0):
 garbage-first heap   total 258048K, used 28689K [0x0000000705e00000, 0x0000000800000000)
  region size 2048K, 12 young (24576K), 2 survivors (4096K)
 Metaspace       used 8091K, committed 8384K, reserved 1114112K
  class space    used 996K, committed 1152K, reserved 1048576K
}
Event: 0.618 GC heap after
{Heap after GC invocations=2 (full 0):
 garbage-first heap   total 258048K, used 9709K [0x0000000705e00000, 0x0000000800000000)
  region size 2048K, 1 young (2048K), 1 survivors (2048K)
 Metaspace       used 8091K, committed 8384K, reserved 1114112K
  class space    used 996K, committed 1152K, reserved 1048576K
}
Event: 1.171 GC heap before
{Heap before GC invocations=2 (full 0):
 garbage-first heap   total 258048K, used 73197K [0x0000000705e00000, 0x0000000800000000)
  region size 2048K, 33 young (67584K), 1 survivors (2048K)
 Metaspace       used 20184K, committed 20480K, reserved 1114112K
  class space    used 2545K, committed 2688K, reserved 1048576K
}
Event: 1.176 GC heap after
{Heap after GC invocations=3 (full 0):
 garbage-first heap   total 258048K, used 14797K [0x0000000705e00000, 0x0000000800000000)
  region size 2048K, 4 young (8192K), 4 survivors (8192K)
 Metaspace       used 20184K, committed 20480K, reserved 1114112K
  class space    used 2545K, committed 2688K, reserved 1048576K
}

Deoptimization events (20 events):
Event: 1.206 Thread 0x000001eeceb3cff0 DEOPT PACKING pc=0x000001eef3542f3c sp=0x0000002abf7fd8a0
Event: 1.206 Thread 0x000001eeceb3cff0 DEOPT UNPACKING pc=0x000001eef2d223a3 sp=0x0000002abf7fd838 mode 2
Event: 1.206 Thread 0x000001eeceb3cff0 Uncommon trap: trap_request=0xffffff76 fr.pc=0x000001eef352bdb8 relative=0x0000000000000b38
Event: 1.206 Thread 0x000001eeceb3cff0 Uncommon trap: reason=predicate action=maybe_recompile pc=0x000001eef352bdb8 method=java.util.Properties$LineReader.readLine()I @ 53 c2
Event: 1.206 Thread 0x000001eeceb3cff0 DEOPT PACKING pc=0x000001eef352bdb8 sp=0x0000002abf7fd8a0
Event: 1.206 Thread 0x000001eeceb3cff0 DEOPT UNPACKING pc=0x000001eef2d223a3 sp=0x0000002abf7fd840 mode 2
Event: 1.207 Thread 0x000001eeceb3cff0 Uncommon trap: trap_request=0xffffff45 fr.pc=0x000001eef3545508 relative=0x00000000000013c8
Event: 1.207 Thread 0x000001eeceb3cff0 Uncommon trap: reason=unstable_if action=reinterpret pc=0x000001eef3545508 method=java.util.Properties.loadConvert([CIILjava/lang/StringBuilder;)Ljava/lang/String; @ 148 c2
Event: 1.207 Thread 0x000001eeceb3cff0 DEOPT PACKING pc=0x000001eef3545508 sp=0x0000002abf7fdbf0
Event: 1.207 Thread 0x000001eeceb3cff0 DEOPT UNPACKING pc=0x000001eef2d223a3 sp=0x0000002abf7fdbb0 mode 2
Event: 1.208 Thread 0x000001eeceb3cff0 Uncommon trap: trap_request=0xffffff45 fr.pc=0x000001eef3475478 relative=0x00000000000003d8
Event: 1.208 Thread 0x000001eeceb3cff0 Uncommon trap: reason=unstable_if action=reinterpret pc=0x000001eef3475478 method=java.lang.AbstractStringBuilder.isLatin1()Z @ 10 c2
Event: 1.208 Thread 0x000001eeceb3cff0 DEOPT PACKING pc=0x000001eef3475478 sp=0x0000002abf7fdb60
Event: 1.208 Thread 0x000001eeceb3cff0 DEOPT UNPACKING pc=0x000001eef2d223a3 sp=0x0000002abf7fdae0 mode 2
Event: 1.208 Thread 0x000001eeceb3cff0 DEOPT PACKING pc=0x000001eeebdf88bd sp=0x0000002abf7fdc90
Event: 1.208 Thread 0x000001eeceb3cff0 DEOPT UNPACKING pc=0x000001eef2d22b43 sp=0x0000002abf7fd188 mode 0
Event: 1.212 Thread 0x000001eeceb3cff0 DEOPT PACKING pc=0x000001eeebe512e6 sp=0x0000002abf7fdd80
Event: 1.212 Thread 0x000001eeceb3cff0 DEOPT UNPACKING pc=0x000001eef2d22b43 sp=0x0000002abf7fd248 mode 0
Event: 1.230 Thread 0x000001eece194090 Uncommon trap: trap_request=0xffffffc6 fr.pc=0x000001eef3520048 relative=0x0000000000002228
Event: 2.243 Thread 0x000001eece194090 Uncommon trap: reason=bimorphic_or_optimized_type_check action=maybe_recompile pc=0x000001eef3520048 method=java.util.HashMap.putVal(ILjava/lang/Object;Ljava/lang/Object;ZZ)Ljava/lang/Object; @ 203 c2

Classes unloaded (0 events):
No events

Classes redefined (0 events):
No events

Internal exceptions (20 events):
Event: 0.578 Thread 0x000001eece194090 Exception <a 'java/lang/NoSuchMethodError'{0x0000000714630650}: 'int java.lang.invoke.DirectMethodHandle$Holder.invokeVirtual(java.lang.Object, java.lang.Object)'> (0x0000000714630650) 
thrown [s\open\src\hotspot\share\interpreter\linkResolver.cpp, line 759]
Event: 0.588 Thread 0x000001eece194090 Exception <a 'java/lang/NoSuchMethodError'{0x00000007146b24b0}: 'void java.lang.invoke.DirectMethodHandle$Holder.invokeStaticInit(java.lang.Object, java.lang.Object, java.lang.Object)'> (0x00000007146b24b0) 
thrown [s\open\src\hotspot\share\interpreter\linkResolver.cpp, line 759]
Event: 0.591 Thread 0x000001eece194090 Exception <a 'java/lang/NoSuchMethodError'{0x00000007146f2470}: 'java.lang.Object java.lang.invoke.DirectMethodHandle$Holder.invokeVirtual(java.lang.Object, java.lang.Object, java.lang.Object)'> (0x00000007146f2470) 
thrown [s\open\src\hotspot\share\interpreter\linkResolver.cpp, line 759]
Event: 0.593 Thread 0x000001eece194090 Exception <a 'java/lang/NoSuchMethodError'{0x00000007147057e0}: 'java.lang.Object java.lang.invoke.DirectMethodHandle$Holder.invokeStatic(java.lang.Object, java.lang.Object, long, java.lang.Object)'> (0x00000007147057e0) 
thrown [s\open\src\hotspot\share\interpreter\linkResolver.cpp, line 759]
Event: 0.593 Thread 0x000001eece194090 Exception <a 'java/lang/NoSuchMethodError'{0x0000000714709278}: 'java.lang.Object java.lang.invoke.DirectMethodHandle$Holder.invokeStaticInit(java.lang.Object, java.lang.Object, long, java.lang.Object)'> (0x0000000714709278) 
thrown [s\open\src\hotspot\share\interpreter\linkResolver.cpp, line 759]
Event: 0.593 Thread 0x000001eece194090 Exception <a 'java/lang/NoSuchMethodError'{0x000000071470f9c0}: 'java.lang.Object java.lang.invoke.DirectMethodHandle$Holder.newInvokeSpecial(java.lang.Object, java.lang.Object, long)'> (0x000000071470f9c0) 
thrown [s\open\src\hotspot\share\interpreter\linkResolver.cpp, line 759]
Event: 0.593 Thread 0x000001eece194090 Exception <a 'java/lang/NoSuchMethodError'{0x0000000714713530}: 'java.lang.Object java.lang.invoke.Invokers$Holder.linkToTargetMethod(java.lang.Object, long, java.lang.Object)'> (0x0000000714713530) 
thrown [s\open\src\hotspot\share\interpreter\linkResolver.cpp, line 759]
Event: 0.607 Thread 0x000001eece194090 Exception <a 'java/lang/NoSuchMethodError'{0x00000007147844d0}: 'void java.lang.invoke.DirectMethodHandle$Holder.invokeVirtual(java.lang.Object, java.lang.Object, java.lang.Object, java.lang.Object)'> (0x00000007147844d0) 
thrown [s\open\src\hotspot\share\interpreter\linkResolver.cpp, line 759]
Event: 0.639 Thread 0x000001eece194090 Exception <a 'java/lang/NoSuchMethodError'{0x00000007159c4748}: 'void java.lang.invoke.DirectMethodHandle$Holder.invokeSpecial(java.lang.Object, java.lang.Object, java.lang.Object)'> (0x00000007159c4748) 
thrown [s\open\src\hotspot\share\interpreter\linkResolver.cpp, line 759]
Event: 0.644 Thread 0x000001eece194090 Exception <a 'java/lang/IncompatibleClassChangeError'{0x00000007159fb340}: Found class java.lang.Object, but interface was expected> (0x00000007159fb340) 
thrown [s\open\src\hotspot\share\interpreter\linkResolver.cpp, line 826]
Event: 0.835 Thread 0x000001eece194090 Exception <a 'sun/nio/fs/WindowsException'{0x0000000713e86128}> (0x0000000713e86128) 
thrown [s\open\src\hotspot\share\prims\jni.cpp, line 516]
Event: 0.836 Thread 0x000001eece194090 Exception <a 'java/lang/NoSuchMethodError'{0x0000000713e87a78}: 'int java.lang.invoke.DirectMethodHandle$Holder.invokeSpecial(java.lang.Object, java.lang.Object, java.lang.Object, java.lang.Object, java.lang.Object)'> (0x0000000713e87a78) 
thrown [s\open\src\hotspot\share\interpreter\linkResolver.cpp, line 759]
Event: 0.837 Thread 0x000001eece194090 Exception <a 'java/lang/NoSuchMethodError'{0x0000000713e90938}: 'void java.lang.invoke.DirectMethodHandle$Holder.invokeVirtual(java.lang.Object, java.lang.Object)'> (0x0000000713e90938) 
thrown [s\open\src\hotspot\share\interpreter\linkResolver.cpp, line 759]
Event: 1.140 Thread 0x000001eeceb3cff0 Exception <a 'java/lang/NoSuchMethodError'{0x0000000711b34b40}: 'long java.lang.invoke.DirectMethodHandle$Holder.invokeSpecial(java.lang.Object, java.lang.Object)'> (0x0000000711b34b40) 
thrown [s\open\src\hotspot\share\interpreter\linkResolver.cpp, line 759]
Event: 1.142 Thread 0x000001eeceb3cff0 Exception <a 'java/lang/NoSuchMethodError'{0x0000000711b3f6e8}: 'long java.lang.invoke.DirectMethodHandle$Holder.invokeStatic(java.lang.Object, java.lang.Object)'> (0x0000000711b3f6e8) 
thrown [s\open\src\hotspot\share\interpreter\linkResolver.cpp, line 759]
Event: 1.143 Thread 0x000001eeceb3cff0 Exception <a 'java/lang/NoSuchMethodError'{0x0000000711b42a40}: 'long java.lang.invoke.DirectMethodHandle$Holder.invokeStaticInit(java.lang.Object, java.lang.Object)'> (0x0000000711b42a40) 
thrown [s\open\src\hotspot\share\interpreter\linkResolver.cpp, line 759]
Event: 1.144 Thread 0x000001eeceb3cff0 Exception <a 'java/lang/NoSuchMethodError'{0x0000000711b50340}: 'long java.lang.invoke.DirectMethodHandle$Holder.invokeInterface(java.lang.Object, java.lang.Object)'> (0x0000000711b50340) 
thrown [s\open\src\hotspot\share\interpreter\linkResolver.cpp, line 759]
Event: 1.144 Thread 0x000001eeceb3cff0 Exception <a 'java/lang/IncompatibleClassChangeError'{0x0000000711b53628}: Found class java.lang.Object, but interface was expected> (0x0000000711b53628) 
thrown [s\open\src\hotspot\share\interpreter\linkResolver.cpp, line 826]
Event: 1.148 Thread 0x000001eeceb3cff0 Exception <a 'java/lang/NoSuchMethodError'{0x0000000711b6dad8}: 'java.lang.Object java.lang.invoke.DirectMethodHandle$Holder.invokeVirtual(java.lang.Object, java.lang.Object, java.lang.Object, java.lang.Object)'> (0x0000000711b6dad8) 
thrown [s\open\src\hotspot\share\interpreter\linkResolver.cpp, line 759]
Event: 1.162 Thread 0x000001eece194090 Exception <a 'java/lang/IncompatibleClassChangeError'{0x00000007118723b0}: Found class java.lang.Object, but interface was expected> (0x00000007118723b0) 
thrown [s\open\src\hotspot\share\interpreter\linkResolver.cpp, line 826]

VM Operations (20 events):
Event: 0.637 Executing VM operation: HandshakeAllThreads done
Event: 0.637 Executing VM operation: HandshakeAllThreads
Event: 0.637 Executing VM operation: HandshakeAllThreads done
Event: 0.785 Executing VM operation: HandshakeAllThreads
Event: 0.785 Executing VM operation: HandshakeAllThreads done
Event: 0.822 Executing VM operation: HandshakeAllThreads
Event: 0.822 Executing VM operation: HandshakeAllThreads done
Event: 0.838 Executing VM operation: HandshakeAllThreads
Event: 0.838 Executing VM operation: HandshakeAllThreads done
Event: 0.904 Executing VM operation: ICBufferFull
Event: 0.904 Executing VM operation: ICBufferFull done
Event: 0.926 Executing VM operation: HandshakeAllThreads
Event: 0.926 Executing VM operation: HandshakeAllThreads done
Event: 0.943 Executing VM operation: HandshakeAllThreads
Event: 0.943 Executing VM operation: HandshakeAllThreads done
Event: 1.171 Executing VM operation: G1CollectForAllocation
Event: 1.176 Executing VM operation: G1CollectForAllocation done
Event: 1.216 Executing VM operation: HandshakeAllThreads
Event: 1.216 Executing VM operation: HandshakeAllThreads done
Event: 2.227 Executing VM operation: Cleanup

Events (20 events):
Event: 1.226 loading class sun/security/util/KnownOIDs$1 done
Event: 1.226 loading class sun/security/util/KnownOIDs$2
Event: 1.226 loading class sun/security/util/KnownOIDs$2 done
Event: 1.227 loading class sun/security/util/KnownOIDs$3
Event: 1.227 loading class sun/security/util/KnownOIDs$3 done
Event: 1.227 loading class sun/security/util/KnownOIDs$4
Event: 1.227 loading class sun/security/util/KnownOIDs$4 done
Event: 1.228 loading class sun/security/util/KnownOIDs$5
Event: 1.228 loading class sun/security/util/KnownOIDs$5 done
Event: 1.228 loading class sun/security/util/KnownOIDs$6
Event: 1.228 loading class sun/security/util/KnownOIDs$6 done
Event: 1.228 loading class sun/security/util/KnownOIDs$7
Event: 1.228 loading class sun/security/util/KnownOIDs$7 done
Event: 1.228 loading class sun/security/util/KnownOIDs$8
Event: 1.229 loading class sun/security/util/KnownOIDs$8 done
Event: 1.229 loading class sun/security/util/KnownOIDs$9
Event: 1.229 loading class sun/security/util/KnownOIDs$9 done
Event: 1.229 loading class sun/security/util/KnownOIDs$10
Event: 1.229 loading class sun/security/util/KnownOIDs$10 done
Event: 1.231 loading class sun/security/rsa/SunRsaSign


Dynamic libraries:
0x00007ff798f00000 - 0x00007ff798f10000 	D:\Java\bin\java.exe
0x00007ffa1d740000 - 0x00007ffa1d9a3000 	C:\WINDOWS\SYSTEM32\ntdll.dll
0x00007ffa1c7b0000 - 0x00007ffa1c877000 	C:\WINDOWS\System32\KERNEL32.DLL
0x00007ffa1ad90000 - 0x00007ffa1b159000 	C:\WINDOWS\System32\KERNELBASE.dll
0x00007ffa1b160000 - 0x00007ffa1b2ac000 	C:\WINDOWS\System32\ucrtbase.dll
0x00007ffa06550000 - 0x00007ffa0656b000 	D:\Java\bin\VCRUNTIME140.dll
0x00007ffa06590000 - 0x00007ffa065a9000 	D:\Java\bin\jli.dll
0x00007ffa1cbb0000 - 0x00007ffa1cc62000 	C:\WINDOWS\System32\ADVAPI32.dll
0x00007ffa1cd10000 - 0x00007ffa1cdb9000 	C:\WINDOWS\System32\msvcrt.dll
0x00007ffa1b910000 - 0x00007ffa1b9b6000 	C:\WINDOWS\System32\sechost.dll
0x00007ffa1d550000 - 0x00007ffa1d666000 	C:\WINDOWS\System32\RPCRT4.dll
0x00007ffa1d300000 - 0x00007ffa1d4ca000 	C:\WINDOWS\System32\USER32.dll
0x00007ffa1ad60000 - 0x00007ffa1ad87000 	C:\WINDOWS\System32\win32u.dll
0x00007ffa1cdc0000 - 0x00007ffa1cdea000 	C:\WINDOWS\System32\GDI32.dll
0x00007ffa00430000 - 0x00007ffa006c0000 	C:\WINDOWS\WinSxS\amd64_microsoft.windows.common-controls_6595b64144ccf1df_6.0.26100.3323_none_3e088096e3344490\COMCTL32.dll
0x00007ffa1b2b0000 - 0x00007ffa1b3e1000 	C:\WINDOWS\System32\gdi32full.dll
0x00007ffa1b3f0000 - 0x00007ffa1b493000 	C:\WINDOWS\System32\msvcp_win.dll
0x00007ffa12700000 - 0x00007ffa1270b000 	C:\WINDOWS\SYSTEM32\VERSION.dll
0x00007ffa1cb70000 - 0x00007ffa1cb9f000 	C:\WINDOWS\System32\IMM32.DLL
0x00007ffa169b0000 - 0x00007ffa169bc000 	D:\Java\bin\vcruntime140_1.dll
0x00007ff9eb7b0000 - 0x00007ff9eb83e000 	D:\Java\bin\msvcp140.dll
0x00007ff982010000 - 0x00007ff982bef000 	D:\Java\bin\server\jvm.dll
0x00007ffa1d6f0000 - 0x00007ffa1d6f8000 	C:\WINDOWS\System32\PSAPI.DLL
0x00007ffa0fbb0000 - 0x00007ffa0fbe6000 	C:\WINDOWS\SYSTEM32\WINMM.dll
0x00007ffa02360000 - 0x00007ffa0236a000 	C:\WINDOWS\SYSTEM32\WSOCK32.dll
0x00007ffa1d4d0000 - 0x00007ffa1d544000 	C:\WINDOWS\System32\WS2_32.dll
0x00007ffa19870000 - 0x00007ffa1988a000 	C:\WINDOWS\SYSTEM32\kernel.appcore.dll
0x00007ffa14250000 - 0x00007ffa1425a000 	D:\Java\bin\jimage.dll
0x00007ffa17dd0000 - 0x00007ffa18011000 	C:\WINDOWS\SYSTEM32\DBGHELP.DLL
0x00007ffa1b580000 - 0x00007ffa1b902000 	C:\WINDOWS\System32\combase.dll
0x00007ffa1ca80000 - 0x00007ffa1cb56000 	C:\WINDOWS\System32\OLEAUT32.dll
0x00007ff9f53e0000 - 0x00007ff9f5419000 	C:\WINDOWS\SYSTEM32\dbgcore.DLL
0x00007ffa1a940000 - 0x00007ffa1a9d9000 	C:\WINDOWS\System32\bcryptPrimitives.dll
0x00007ff9eb780000 - 0x00007ff9eb7a5000 	D:\Java\bin\java.dll
0x00007ff9dba70000 - 0x00007ff9dbb47000 	D:\Java\bin\jsvml.dll
0x00007ffa1b9f0000 - 0x00007ffa1c105000 	C:\WINDOWS\System32\SHELL32.dll
0x00007ffa1abf0000 - 0x00007ffa1ad58000 	C:\WINDOWS\System32\wintypes.dll
0x00007ffa18610000 - 0x00007ffa18e55000 	C:\WINDOWS\SYSTEM32\windows.storage.dll
0x00007ffa1d1b0000 - 0x00007ffa1d29b000 	C:\WINDOWS\System32\SHCORE.dll
0x00007ffa1d2a0000 - 0x00007ffa1d2fd000 	C:\WINDOWS\System32\shlwapi.dll
0x00007ffa1a850000 - 0x00007ffa1a87f000 	C:\WINDOWS\SYSTEM32\profapi.dll
0x00007ff9f1220000 - 0x00007ff9f1239000 	D:\Java\bin\net.dll
0x00007ffa13ef0000 - 0x00007ffa1400e000 	C:\WINDOWS\SYSTEM32\WINHTTP.dll
0x00007ffa19d90000 - 0x00007ffa19dfa000 	C:\WINDOWS\system32\mswsock.dll
0x00007ff9eb760000 - 0x00007ff9eb776000 	D:\Java\bin\nio.dll
0x00007ff9f5c20000 - 0x00007ff9f5c38000 	D:\Java\bin\zip.dll
0x00007ffa01f80000 - 0x00007ffa01f8a000 	D:\Java\bin\management.dll
0x00007ffa01420000 - 0x00007ffa0142b000 	D:\Java\bin\management_ext.dll

dbghelp: loaded successfully - version: 4.0.5 - missing functions: none
symbol engine: initialized successfully - sym options: 0x614 - pdb path: .;D:\Java\bin;C:\WINDOWS\SYSTEM32;C:\WINDOWS\WinSxS\amd64_microsoft.windows.common-controls_6595b64144ccf1df_6.0.26100.3323_none_3e088096e3344490;D:\Java\bin\server

VM Arguments:
jvm_args: -Dfile.encoding=UTF-8 -Duser.country=US -Duser.language=en -Duser.variant 
java_command: com.example.spa.SpaMassageServerApplication
java_class_path (initial): D:\Demo_DoAn\KLTN2025ProJect\spa-massage-server-2\build\classes\java\main;D:\Demo_DoAn\KLTN2025ProJect\spa-massage-server-2\build\resources\main;C:\Users\ASUS\.gradle\caches\modules-2\files-2.1\org.springframework.boot\spring-boot-devtools\3.3.7\d9b55ae1055ad53e262cf30f1355fded17c997c2\spring-boot-devtools-3.3.7.jar;C:\Users\ASUS\.gradle\caches\modules-2\files-2.1\org.springframework.boot\spring-boot-starter-data-jpa\3.3.7\ebb2f9a58580b86e310ca9a5a28becf895970b7c\spring-boot-starter-data-jpa-3.3.7.jar;C:\Users\ASUS\.gradle\caches\modules-2\files-2.1\org.springframework.boot\spring-boot-starter-data-redis\3.3.7\c15e71ccacce0abfc9feb8b03c25dbd4ccbcd3d7\spring-boot-starter-data-redis-3.3.7.jar;C:\Users\ASUS\.gradle\caches\modules-2\files-2.1\org.springframework.boot\spring-boot-starter-mail\3.3.5\f5cfe4b8e82221ed6fc568ad69435e134081d043\spring-boot-starter-mail-3.3.5.jar;C:\Users\ASUS\.gradle\caches\modules-2\files-2.1\org.springframework.boot\spring-boot-starter-security\3.3.7\af030ae8d8ba9f5000d5e9061336b64271664b92\spring-boot-starter-security-3.3.7.jar;C:\Users\ASUS\.gradle\caches\modules-2\files-2.1\org.springframework.boot\spring-boot-starter-validation\3.3.7\fcfd70e8a02de2e65afb68d31eb1737e1fdaa8ba\spring-boot-starter-validation-3.3.7.jar;C:\Users\ASUS\.gradle\caches\modules-2\files-2.1\org.springframework.boot\spring-boot-starter-web\3.3.7\75a362710036e1e597fb92df9f793561517cc821\spring-boot-starter-web-3.3.7.jar;C:\Users\ASUS\.gradle\caches\modules-2\files-2.1\io.jsonwebtoken\jjwt-impl\0.11.2\8fd8acf9d3cb9a2db05bfa484c2a1408cc3507f9\jjwt-impl-0.11.2.jar;C:\Users\ASUS\.gradle\caches\modules-2\files-2.1\io.jsonwebtoken\jjwt-jackson\0.11.2\bff0b63d4cbace7b38551a70350875e69201ffeb\jjwt-jackson-0.11.2.jar;C:\Users\ASUS\.gradle\caches\modules-2\files-2.1\io.jsonwebtoken\jjwt-api\0.11.2\57c34dce3e88f2972c5c5465b6291acfb5628084\jjwt-api-0.11.2.jar;C:\Users\ASUS\.gradle\caches\modules-2\files-2.1\org.springdoc\springdoc-openapi-starter-webm
Launcher Type: SUN_STANDARD

[Global flags]
     intx CICompilerCount                          = 12                                        {product} {ergonomic}
     uint ConcGCThreads                            = 3                                         {product} {ergonomic}
     uint G1ConcRefinementThreads                  = 13                                        {product} {ergonomic}
   size_t G1HeapRegionSize                         = 2097152                                   {product} {ergonomic}
    uintx GCDrainStackTargetSize                   = 64                                        {product} {ergonomic}
   size_t InitialHeapSize                          = 264241152                                 {product} {ergonomic}
   size_t MarkStackSize                            = 4194304                                   {product} {ergonomic}
   size_t MaxHeapSize                              = 4196401152                                {product} {ergonomic}
   size_t MaxNewSize                               = 2516582400                                {product} {ergonomic}
   size_t MinHeapDeltaBytes                        = 2097152                                   {product} {ergonomic}
   size_t MinHeapSize                              = 8388608                                   {product} {ergonomic}
    uintx NonNMethodCodeHeapSize                   = 7602480                                {pd product} {ergonomic}
    uintx NonProfiledCodeHeapSize                  = 122027880                              {pd product} {ergonomic}
    uintx ProfiledCodeHeapSize                     = 122027880                              {pd product} {ergonomic}
    uintx ReservedCodeCacheSize                    = 251658240                              {pd product} {ergonomic}
     bool SegmentedCodeCache                       = true                                      {product} {ergonomic}
   size_t SoftMaxHeapSize                          = 4196401152                             {manageable} {ergonomic}
     bool UseCompressedClassPointers               = true                           {product lp64_product} {ergonomic}
     bool UseCompressedOops                        = true                           {product lp64_product} {ergonomic}
     bool UseG1GC                                  = true                                      {product} {ergonomic}
     bool UseLargePagesIndividualAllocation        = false                                  {pd product} {ergonomic}

Logging:
Log output configuration:
 #0: stdout all=warning uptime,level,tags
 #1: stderr all=off uptime,level,tags

Environment Variables:
PATH=C:\Program Files\Common Files\Oracle\Java\javapath;C:\Windows\system32;C:\Windows;C:\Windows\System32\Wbem;C:\Windows\System32\WindowsPowerShell\v1.0\;C:\Windows\System32\OpenSSH\;C:\Program Files (x86)\NVIDIA Corporation\PhysX\Common;C:\Program Files\nodejs\;C:\Program Files\dotnet\;C:\Program Files\MongoDB\Server\7.0\bin;D:\App Dowloand\mongosh-2.1.5-win32-x64\bin;D:\ApacheTomcat\Maven\apache-maven-3.9.9\bin;C:\Program Files\NVIDIA Corporation\NVIDIA app\NvDLISR;C:\WINDOWS\system32;C:\WINDOWS;C:\WINDOWS\System32\Wbem;C:\WINDOWS\System32\WindowsPowerShell\v1.0\;C:\WINDOWS\System32\OpenSSH\;C:\Program Files\Microsoft SQL Server\150\Tools\Binn\;C:\Program Files\Microsoft SQL Server\Client SDK\ODBC\170\Tools\Binn\;C:\Program Files (x86)\Windows Kits\10\Windows Performance Toolkit\;C:\Program Files\Git\cmd;%USERPROFILE%\AppData\Local\Microsoft\WindowsApps;C:\Users\ASUS\AppData\Roaming\npm;%IntelliJ IDEA%;C:\Users\ASUS\AppData\Local\Programs\oh-my-posh\bin;C:\Users\ASUS\AppData\Local\Programs\Microsoft VS Code\bin;%USERPROFILE%\.dotnet\tools;C:\Program Files\Seelen\Seelen UI;%USERPROFILE%\.dotnet\tools;D:\Seelen\Seelen UI
USERNAME=ASUS
OS=Windows_NT
PROCESSOR_IDENTIFIER=Intel64 Family 6 Model 154 Stepping 3, GenuineIntel



---------------  S Y S T E M  ---------------

OS:
 Windows 11 , 64 bit Build 26100 (10.0.26100.3323)
OS uptime: 0 days 8:29 hours
Hyper-V role detected

CPU: total 16 (initial active 16) (8 cores per cpu, 2 threads per core) family 6 model 154 stepping 3 microcode 0x434, cx8, cmov, fxsr, ht, mmx, 3dnowpref, sse, sse2, sse3, ssse3, sse4.1, sse4.2, popcnt, lzcnt, tsc, tscinvbit, avx, avx2, aes, erms, clmul, bmi1, bmi2, adx, sha, fma, vzeroupper, clflush, clflushopt, clwb, hv

Memory: 4k page, system-wide physical 16004M (1488M free)
TotalPageFile size 24004M (AvailPageFile size 5M)
current process WorkingSet (physical memory assigned to process): 182M, peak: 182M
current process commit charge ("private bytes"): 412M, peak: 413M

vm_info: Java HotSpot(TM) 64-Bit Server VM (17.0.10+11-LTS-240) for windows-amd64 JRE (17.0.10+11-LTS-240), built on Dec 19 2023 21:47:25 by "mach5one" with MS VC++ 17.1 (VS2022)

END.
